
*** Running vivado
    with args -log xcl_design_const_gnd_1_0.vds -m64 -product Vivado -mode batch -messageDb vivado.pb -notrace -source xcl_design_const_gnd_1_0.tcl



****** Vivado v2016.4_sdx (64-bit)
  **** SW Build 1806307 on Thu Mar  9 15:24:31 MST 2017
  **** IP Build 1759159 on Thu Jan 26 07:31:30 MST 2017
    ** Copyright 1986-2016 Xilinx, Inc. All Rights Reserved.

Sourcing tcl script 'C:/Xilinx/SDx/2016.4/Vivado/scripts/init.tcl'
16 Beta devices matching pattern found, 16 enabled.
Loaded SDSoC Platform Tcl Library
source xcl_design_const_gnd_1_0.tcl -notrace
Starting RTL Elaboration : Time (s): cpu = 00:00:11 ; elapsed = 00:00:14 . Memory (MB): peak = 416.559 ; gain = 206.547
INFO: [Synth 8-638] synthesizing module 'xcl_design_const_gnd_1_0' [c:/Sim/sdaccelku/xcl_design/xcl_design.srcs/sources_1/bd/xcl_design/ip/xcl_design_const_gnd_1_0/sim/xcl_design_const_gnd_1_0.v:56]
INFO: [Synth 8-638] synthesizing module 'xlconstant' [c:/Sim/sdaccelku/xcl_design/xcl_design.srcs/sources_1/bd/xcl_design/ipshared/e147/xlconstant.v:23]
INFO: [Synth 8-256] done synthesizing module 'xlconstant' (1#1) [c:/Sim/sdaccelku/xcl_design/xcl_design.srcs/sources_1/bd/xcl_design/ipshared/e147/xlconstant.v:23]
INFO: [Synth 8-256] done synthesizing module 'xcl_design_const_gnd_1_0' (2#1) [c:/Sim/sdaccelku/xcl_design/xcl_design.srcs/sources_1/bd/xcl_design/ip/xcl_design_const_gnd_1_0/sim/xcl_design_const_gnd_1_0.v:56]
Finished RTL Elaboration : Time (s): cpu = 00:00:12 ; elapsed = 00:00:15 . Memory (MB): peak = 454.008 ; gain = 243.996
Finished RTL Optimization Phase 1 : Time (s): cpu = 00:00:12 ; elapsed = 00:00:15 . Memory (MB): peak = 454.008 ; gain = 243.996
INFO: [Device 21-403] Loading part xcku115-flvb2104-2-e
Constraint Validation Runtime : Time (s): cpu = 00:00:00 ; elapsed = 00:00:00.016 . Memory (MB): peak = 990.781 ; gain = 0.891
Finished Constraint Validation : Time (s): cpu = 00:00:33 ; elapsed = 00:00:37 . Memory (MB): peak = 990.781 ; gain = 780.770
Finished Loading Part and Timing Information : Time (s): cpu = 00:00:33 ; elapsed = 00:00:37 . Memory (MB): peak = 990.781 ; gain = 780.770
Finished applying 'set_property' XDC Constraints : Time (s): cpu = 00:00:33 ; elapsed = 00:00:37 . Memory (MB): peak = 990.781 ; gain = 780.770
Finished RTL Optimization Phase 2 : Time (s): cpu = 00:00:33 ; elapsed = 00:00:37 . Memory (MB): peak = 990.781 ; gain = 780.770
Finished Cross Boundary and Area Optimization : Time (s): cpu = 00:00:33 ; elapsed = 00:00:37 . Memory (MB): peak = 990.781 ; gain = 780.770
Finished Applying XDC Timing Constraints : Time (s): cpu = 00:00:52 ; elapsed = 00:00:57 . Memory (MB): peak = 1234.391 ; gain = 1024.379
Finished Timing Optimization : Time (s): cpu = 00:00:52 ; elapsed = 00:00:57 . Memory (MB): peak = 1234.391 ; gain = 1024.379
Finished Technology Mapping : Time (s): cpu = 00:00:52 ; elapsed = 00:00:57 . Memory (MB): peak = 1244.074 ; gain = 1034.063
Finished IO Insertion : Time (s): cpu = 00:00:53 ; elapsed = 00:00:57 . Memory (MB): peak = 1244.074 ; gain = 1034.063
Finished Renaming Generated Instances : Time (s): cpu = 00:00:53 ; elapsed = 00:00:57 . Memory (MB): peak = 1244.074 ; gain = 1034.063
Finished Rebuilding User Hierarchy : Time (s): cpu = 00:00:53 ; elapsed = 00:00:57 . Memory (MB): peak = 1244.074 ; gain = 1034.063
Finished Renaming Generated Ports : Time (s): cpu = 00:00:53 ; elapsed = 00:00:57 . Memory (MB): peak = 1244.074 ; gain = 1034.063
Finished Handling Custom Attributes : Time (s): cpu = 00:00:53 ; elapsed = 00:00:58 . Memory (MB): peak = 1244.074 ; gain = 1034.063
Finished Renaming Generated Nets : Time (s): cpu = 00:00:53 ; elapsed = 00:00:58 . Memory (MB): peak = 1244.074 ; gain = 1034.063

Report Cell Usage: 
+-+-----+------+
| |Cell |Count |
+-+-----+------+
+-+-----+------+
Finished Writing Synthesis Report : Time (s): cpu = 00:00:53 ; elapsed = 00:00:58 . Memory (MB): peak = 1244.074 ; gain = 1034.063
synth_design: Time (s): cpu = 00:00:53 ; elapsed = 00:00:55 . Memory (MB): peak = 1327.867 ; gain = 984.203
