
*** Running vivado
    with args -log xcl_design_m00_regslice_0.vds -m64 -product Vivado -mode batch -messageDb vivado.pb -notrace -source xcl_design_m00_regslice_0.tcl



****** Vivado v2016.3_sdx (64-bit)
  **** SW Build 1721784 on Tue Nov 29 22:12:44 MST 2016
  **** IP Build 1720686 on Mon Nov 28 12:39:17 MST 2016
    ** Copyright 1986-2016 Xilinx, Inc. All Rights Reserved.

Sourcing tcl script 'C:/Xilinx/SDx/2016.3/Vivado/scripts/init.tcl'
16 Beta devices matching pattern found, 16 enabled.
Loaded SDSoC Platform Tcl Library
source xcl_design_m00_regslice_0.tcl -notrace
Starting RTL Elaboration : Time (s): cpu = 00:00:14 ; elapsed = 00:00:18 . Memory (MB): peak = 418.453 ; gain = 208.332
INFO: [Synth 8-638] synthesizing module 'xcl_design_m00_regslice_0' [c:/Sim/sdaccel_ku/xcl_design/xcl_design.srcs/sources_1/bd/xcl_design/ip/xcl_design_m00_regslice_0/synth/xcl_design_m00_regslice_0.v:58]
INFO: [Synth 8-638] synthesizing module 'axi_register_slice_v2_1_10_axi_register_slice' [c:/Sim/sdaccel_ku/xcl_design/xcl_design.srcs/sources_1/bd/xcl_design/ipshared/7efe/hdl/axi_register_slice_v2_1_vl_rfs.v:791]
INFO: [Synth 8-638] synthesizing module 'axi_infrastructure_v1_1_0_axi2vector' [c:/Sim/sdaccel_ku/xcl_design/xcl_design.srcs/sources_1/bd/xcl_design/ipshared/7e3a/hdl/axi_infrastructure_v1_1_vl_rfs.v:60]
INFO: [Synth 8-256] done synthesizing module 'axi_infrastructure_v1_1_0_axi2vector' (1#1) [c:/Sim/sdaccel_ku/xcl_design/xcl_design.srcs/sources_1/bd/xcl_design/ipshared/7e3a/hdl/axi_infrastructure_v1_1_vl_rfs.v:60]
INFO: [Synth 8-638] synthesizing module 'axi_register_slice_v2_1_10_axic_register_slice' [c:/Sim/sdaccel_ku/xcl_design/xcl_design.srcs/sources_1/bd/xcl_design/ipshared/7efe/hdl/axi_register_slice_v2_1_vl_rfs.v:85]
INFO: [Synth 8-256] done synthesizing module 'axi_register_slice_v2_1_10_axic_register_slice' (2#1) [c:/Sim/sdaccel_ku/xcl_design/xcl_design.srcs/sources_1/bd/xcl_design/ipshared/7efe/hdl/axi_register_slice_v2_1_vl_rfs.v:85]
INFO: [Synth 8-638] synthesizing module 'axi_register_slice_v2_1_10_axic_register_slice__parameterized0' [c:/Sim/sdaccel_ku/xcl_design/xcl_design.srcs/sources_1/bd/xcl_design/ipshared/7efe/hdl/axi_register_slice_v2_1_vl_rfs.v:85]
INFO: [Synth 8-256] done synthesizing module 'axi_register_slice_v2_1_10_axic_register_slice__parameterized0' (2#1) [c:/Sim/sdaccel_ku/xcl_design/xcl_design.srcs/sources_1/bd/xcl_design/ipshared/7efe/hdl/axi_register_slice_v2_1_vl_rfs.v:85]
INFO: [Synth 8-638] synthesizing module 'axi_register_slice_v2_1_10_axic_register_slice__parameterized1' [c:/Sim/sdaccel_ku/xcl_design/xcl_design.srcs/sources_1/bd/xcl_design/ipshared/7efe/hdl/axi_register_slice_v2_1_vl_rfs.v:85]
INFO: [Synth 8-256] done synthesizing module 'axi_register_slice_v2_1_10_axic_register_slice__parameterized1' (2#1) [c:/Sim/sdaccel_ku/xcl_design/xcl_design.srcs/sources_1/bd/xcl_design/ipshared/7efe/hdl/axi_register_slice_v2_1_vl_rfs.v:85]
INFO: [Synth 8-638] synthesizing module 'axi_register_slice_v2_1_10_axic_register_slice__parameterized2' [c:/Sim/sdaccel_ku/xcl_design/xcl_design.srcs/sources_1/bd/xcl_design/ipshared/7efe/hdl/axi_register_slice_v2_1_vl_rfs.v:85]
INFO: [Synth 8-256] done synthesizing module 'axi_register_slice_v2_1_10_axic_register_slice__parameterized2' (2#1) [c:/Sim/sdaccel_ku/xcl_design/xcl_design.srcs/sources_1/bd/xcl_design/ipshared/7efe/hdl/axi_register_slice_v2_1_vl_rfs.v:85]
INFO: [Synth 8-638] synthesizing module 'axi_infrastructure_v1_1_0_vector2axi' [c:/Sim/sdaccel_ku/xcl_design/xcl_design.srcs/sources_1/bd/xcl_design/ipshared/7e3a/hdl/axi_infrastructure_v1_1_vl_rfs.v:474]
INFO: [Synth 8-256] done synthesizing module 'axi_infrastructure_v1_1_0_vector2axi' (3#1) [c:/Sim/sdaccel_ku/xcl_design/xcl_design.srcs/sources_1/bd/xcl_design/ipshared/7e3a/hdl/axi_infrastructure_v1_1_vl_rfs.v:474]
INFO: [Synth 8-256] done synthesizing module 'axi_register_slice_v2_1_10_axi_register_slice' (4#1) [c:/Sim/sdaccel_ku/xcl_design/xcl_design.srcs/sources_1/bd/xcl_design/ipshared/7efe/hdl/axi_register_slice_v2_1_vl_rfs.v:791]
INFO: [Synth 8-256] done synthesizing module 'xcl_design_m00_regslice_0' (5#1) [c:/Sim/sdaccel_ku/xcl_design/xcl_design.srcs/sources_1/bd/xcl_design/ip/xcl_design_m00_regslice_0/synth/xcl_design_m00_regslice_0.v:58]
Finished RTL Elaboration : Time (s): cpu = 00:00:15 ; elapsed = 00:00:19 . Memory (MB): peak = 455.949 ; gain = 245.828
Finished RTL Optimization Phase 1 : Time (s): cpu = 00:00:15 ; elapsed = 00:00:19 . Memory (MB): peak = 455.949 ; gain = 245.828
INFO: [Device 21-403] Loading part xcku115-flvb2104-2-e
Constraint Validation Runtime : Time (s): cpu = 00:00:00 ; elapsed = 00:00:00.030 . Memory (MB): peak = 1101.164 ; gain = 0.000
Finished Constraint Validation : Time (s): cpu = 00:00:40 ; elapsed = 00:00:46 . Memory (MB): peak = 1101.164 ; gain = 891.043
Finished Loading Part and Timing Information : Time (s): cpu = 00:00:40 ; elapsed = 00:00:46 . Memory (MB): peak = 1101.164 ; gain = 891.043
Finished applying 'set_property' XDC Constraints : Time (s): cpu = 00:00:40 ; elapsed = 00:00:46 . Memory (MB): peak = 1101.164 ; gain = 891.043
Finished RTL Optimization Phase 2 : Time (s): cpu = 00:00:40 ; elapsed = 00:00:46 . Memory (MB): peak = 1101.164 ; gain = 891.043
Finished Cross Boundary and Area Optimization : Time (s): cpu = 00:00:41 ; elapsed = 00:00:47 . Memory (MB): peak = 1101.164 ; gain = 891.043
Finished Applying XDC Timing Constraints : Time (s): cpu = 00:01:08 ; elapsed = 00:01:16 . Memory (MB): peak = 1257.410 ; gain = 1047.289
Finished Timing Optimization : Time (s): cpu = 00:01:08 ; elapsed = 00:01:17 . Memory (MB): peak = 1267.102 ; gain = 1056.980
Finished Technology Mapping : Time (s): cpu = 00:01:08 ; elapsed = 00:01:17 . Memory (MB): peak = 1276.816 ; gain = 1066.695
Finished IO Insertion : Time (s): cpu = 00:01:09 ; elapsed = 00:01:18 . Memory (MB): peak = 1276.816 ; gain = 1066.695
Finished Renaming Generated Instances : Time (s): cpu = 00:01:09 ; elapsed = 00:01:18 . Memory (MB): peak = 1276.816 ; gain = 1066.695
Finished Rebuilding User Hierarchy : Time (s): cpu = 00:01:09 ; elapsed = 00:01:18 . Memory (MB): peak = 1276.816 ; gain = 1066.695
Finished Renaming Generated Ports : Time (s): cpu = 00:01:09 ; elapsed = 00:01:18 . Memory (MB): peak = 1276.816 ; gain = 1066.695
Finished Handling Custom Attributes : Time (s): cpu = 00:01:09 ; elapsed = 00:01:18 . Memory (MB): peak = 1276.816 ; gain = 1066.695
Finished Renaming Generated Nets : Time (s): cpu = 00:01:09 ; elapsed = 00:01:18 . Memory (MB): peak = 1276.816 ; gain = 1066.695

Report Cell Usage: 
+------+-----+------+
|      |Cell |Count |
+------+-----+------+
|1     |LUT1 |     8|
|2     |LUT3 |     5|
|3     |LUT4 |     5|
|4     |FDRE |   104|
+------+-----+------+
Finished Writing Synthesis Report : Time (s): cpu = 00:01:09 ; elapsed = 00:01:18 . Memory (MB): peak = 1276.816 ; gain = 1066.695
synth_design: Time (s): cpu = 00:01:09 ; elapsed = 00:01:15 . Memory (MB): peak = 1356.027 ; gain = 1013.074
