
*** Running vivado
    with args -log xcl_design_logic_reset_op_0.vds -m64 -product Vivado -mode batch -messageDb vivado.pb -notrace -source xcl_design_logic_reset_op_0.tcl



****** Vivado v2016.4_sdx (64-bit)
  **** SW Build 1806307 on Thu Mar  9 15:24:31 MST 2017
  **** IP Build 1759159 on Thu Jan 26 07:31:30 MST 2017
    ** Copyright 1986-2016 Xilinx, Inc. All Rights Reserved.

Sourcing tcl script 'C:/Xilinx/SDx/2016.4/Vivado/scripts/init.tcl'
16 Beta devices matching pattern found, 16 enabled.
Loaded SDSoC Platform Tcl Library
source xcl_design_logic_reset_op_0.tcl -notrace
Starting RTL Elaboration : Time (s): cpu = 00:00:13 ; elapsed = 00:00:17 . Memory (MB): peak = 416.188 ; gain = 205.957
INFO: [Synth 8-638] synthesizing module 'xcl_design_logic_reset_op_0' [c:/Sim/sdaccelku/xcl_design/xcl_design.srcs/sources_1/bd/xcl_design/ip/xcl_design_logic_reset_op_0/synth/xcl_design_logic_reset_op_0.vhd:66]
INFO: [Synth 8-638] synthesizing module 'util_vector_logic' [c:/Sim/sdaccelku/xcl_design/xcl_design.srcs/sources_1/bd/xcl_design/ipshared/1d19/hdl/util_vector_logic.vhd:88]
INFO: [Synth 8-256] done synthesizing module 'util_vector_logic' (1#1) [c:/Sim/sdaccelku/xcl_design/xcl_design.srcs/sources_1/bd/xcl_design/ipshared/1d19/hdl/util_vector_logic.vhd:88]
INFO: [Synth 8-256] done synthesizing module 'xcl_design_logic_reset_op_0' (2#1) [c:/Sim/sdaccelku/xcl_design/xcl_design.srcs/sources_1/bd/xcl_design/ip/xcl_design_logic_reset_op_0/synth/xcl_design_logic_reset_op_0.vhd:66]
Finished RTL Elaboration : Time (s): cpu = 00:00:14 ; elapsed = 00:00:18 . Memory (MB): peak = 453.680 ; gain = 243.449
Finished RTL Optimization Phase 1 : Time (s): cpu = 00:00:14 ; elapsed = 00:00:18 . Memory (MB): peak = 453.680 ; gain = 243.449
INFO: [Device 21-403] Loading part xcku115-flvb2104-2-e
Constraint Validation Runtime : Time (s): cpu = 00:00:00 ; elapsed = 00:00:00.016 . Memory (MB): peak = 997.316 ; gain = 2.004
Finished Constraint Validation : Time (s): cpu = 00:00:37 ; elapsed = 00:00:42 . Memory (MB): peak = 997.316 ; gain = 787.086
Finished Loading Part and Timing Information : Time (s): cpu = 00:00:37 ; elapsed = 00:00:42 . Memory (MB): peak = 997.316 ; gain = 787.086
Finished applying 'set_property' XDC Constraints : Time (s): cpu = 00:00:37 ; elapsed = 00:00:42 . Memory (MB): peak = 997.316 ; gain = 787.086
Finished RTL Optimization Phase 2 : Time (s): cpu = 00:00:37 ; elapsed = 00:00:42 . Memory (MB): peak = 997.316 ; gain = 787.086
Finished Cross Boundary and Area Optimization : Time (s): cpu = 00:00:38 ; elapsed = 00:00:42 . Memory (MB): peak = 997.316 ; gain = 787.086
Finished Applying XDC Timing Constraints : Time (s): cpu = 00:00:55 ; elapsed = 00:01:00 . Memory (MB): peak = 1253.395 ; gain = 1043.164
Finished Timing Optimization : Time (s): cpu = 00:00:55 ; elapsed = 00:01:00 . Memory (MB): peak = 1253.395 ; gain = 1043.164
Finished Technology Mapping : Time (s): cpu = 00:00:55 ; elapsed = 00:01:00 . Memory (MB): peak = 1263.055 ; gain = 1052.824
Finished IO Insertion : Time (s): cpu = 00:00:56 ; elapsed = 00:01:01 . Memory (MB): peak = 1263.055 ; gain = 1052.824
Finished Renaming Generated Instances : Time (s): cpu = 00:00:56 ; elapsed = 00:01:01 . Memory (MB): peak = 1263.055 ; gain = 1052.824
Finished Rebuilding User Hierarchy : Time (s): cpu = 00:00:56 ; elapsed = 00:01:01 . Memory (MB): peak = 1263.055 ; gain = 1052.824
Finished Renaming Generated Ports : Time (s): cpu = 00:00:56 ; elapsed = 00:01:01 . Memory (MB): peak = 1263.055 ; gain = 1052.824
Finished Handling Custom Attributes : Time (s): cpu = 00:00:56 ; elapsed = 00:01:01 . Memory (MB): peak = 1263.055 ; gain = 1052.824
Finished Renaming Generated Nets : Time (s): cpu = 00:00:56 ; elapsed = 00:01:01 . Memory (MB): peak = 1263.055 ; gain = 1052.824

Report Cell Usage: 
+------+-----+------+
|      |Cell |Count |
+------+-----+------+
|1     |LUT1 |     1|
+------+-----+------+
Finished Writing Synthesis Report : Time (s): cpu = 00:00:56 ; elapsed = 00:01:01 . Memory (MB): peak = 1263.055 ; gain = 1052.824
synth_design: Time (s): cpu = 00:00:56 ; elapsed = 00:00:58 . Memory (MB): peak = 1338.668 ; gain = 995.203
