
*** Running vivado
    with args -log bd_2fd7_m03_regslice_0.vds -m64 -product Vivado -mode batch -messageDb vivado.pb -notrace -source bd_2fd7_m03_regslice_0.tcl



****** Vivado v2016.4_sdx (64-bit)
  **** SW Build 1806307 on Thu Mar  9 15:24:31 MST 2017
  **** IP Build 1759159 on Thu Jan 26 07:31:30 MST 2017
    ** Copyright 1986-2016 Xilinx, Inc. All Rights Reserved.

Sourcing tcl script 'C:/Xilinx/SDx/2016.4/Vivado/scripts/init.tcl'
16 Beta devices matching pattern found, 16 enabled.
Loaded SDSoC Platform Tcl Library
source bd_2fd7_m03_regslice_0.tcl -notrace
Starting RTL Elaboration : Time (s): cpu = 00:00:11 ; elapsed = 00:00:15 . Memory (MB): peak = 419.555 ; gain = 209.520
INFO: [Synth 8-638] synthesizing module 'bd_2fd7_m03_regslice_0' [c:/Sim/sdaccelku/xcl_design/xcl_design.srcs/sources_1/bd/xcl_design/ip/xcl_design_u_ocl_region_0/bd_0/ip/ip_13/synth/bd_2fd7_m03_regslice_0.v:58]
INFO: [Synth 8-638] synthesizing module 'axi_register_slice_v2_1_11_axi_register_slice' [c:/Sim/sdaccelku/xcl_design/xcl_design.srcs/sources_1/bd/xcl_design/ipshared/0b6b/hdl/axi_register_slice_v2_1_vl_rfs.v:791]
INFO: [Synth 8-638] synthesizing module 'axi_infrastructure_v1_1_0_axi2vector' [c:/Sim/sdaccelku/xcl_design/xcl_design.srcs/sources_1/bd/xcl_design/ipshared/7e3a/hdl/axi_infrastructure_v1_1_vl_rfs.v:60]
INFO: [Synth 8-256] done synthesizing module 'axi_infrastructure_v1_1_0_axi2vector' (1#1) [c:/Sim/sdaccelku/xcl_design/xcl_design.srcs/sources_1/bd/xcl_design/ipshared/7e3a/hdl/axi_infrastructure_v1_1_vl_rfs.v:60]
INFO: [Synth 8-638] synthesizing module 'axi_register_slice_v2_1_11_axic_register_slice' [c:/Sim/sdaccelku/xcl_design/xcl_design.srcs/sources_1/bd/xcl_design/ipshared/0b6b/hdl/axi_register_slice_v2_1_vl_rfs.v:85]
INFO: [Synth 8-256] done synthesizing module 'axi_register_slice_v2_1_11_axic_register_slice' (2#1) [c:/Sim/sdaccelku/xcl_design/xcl_design.srcs/sources_1/bd/xcl_design/ipshared/0b6b/hdl/axi_register_slice_v2_1_vl_rfs.v:85]
INFO: [Synth 8-638] synthesizing module 'axi_register_slice_v2_1_11_axic_register_slice__parameterized0' [c:/Sim/sdaccelku/xcl_design/xcl_design.srcs/sources_1/bd/xcl_design/ipshared/0b6b/hdl/axi_register_slice_v2_1_vl_rfs.v:85]
INFO: [Synth 8-256] done synthesizing module 'axi_register_slice_v2_1_11_axic_register_slice__parameterized0' (2#1) [c:/Sim/sdaccelku/xcl_design/xcl_design.srcs/sources_1/bd/xcl_design/ipshared/0b6b/hdl/axi_register_slice_v2_1_vl_rfs.v:85]
INFO: [Synth 8-638] synthesizing module 'axi_register_slice_v2_1_11_axic_register_slice__parameterized1' [c:/Sim/sdaccelku/xcl_design/xcl_design.srcs/sources_1/bd/xcl_design/ipshared/0b6b/hdl/axi_register_slice_v2_1_vl_rfs.v:85]
INFO: [Synth 8-256] done synthesizing module 'axi_register_slice_v2_1_11_axic_register_slice__parameterized1' (2#1) [c:/Sim/sdaccelku/xcl_design/xcl_design.srcs/sources_1/bd/xcl_design/ipshared/0b6b/hdl/axi_register_slice_v2_1_vl_rfs.v:85]
INFO: [Synth 8-638] synthesizing module 'axi_register_slice_v2_1_11_axic_register_slice__parameterized2' [c:/Sim/sdaccelku/xcl_design/xcl_design.srcs/sources_1/bd/xcl_design/ipshared/0b6b/hdl/axi_register_slice_v2_1_vl_rfs.v:85]
INFO: [Synth 8-256] done synthesizing module 'axi_register_slice_v2_1_11_axic_register_slice__parameterized2' (2#1) [c:/Sim/sdaccelku/xcl_design/xcl_design.srcs/sources_1/bd/xcl_design/ipshared/0b6b/hdl/axi_register_slice_v2_1_vl_rfs.v:85]
INFO: [Synth 8-638] synthesizing module 'axi_infrastructure_v1_1_0_vector2axi' [c:/Sim/sdaccelku/xcl_design/xcl_design.srcs/sources_1/bd/xcl_design/ipshared/7e3a/hdl/axi_infrastructure_v1_1_vl_rfs.v:474]
INFO: [Synth 8-256] done synthesizing module 'axi_infrastructure_v1_1_0_vector2axi' (3#1) [c:/Sim/sdaccelku/xcl_design/xcl_design.srcs/sources_1/bd/xcl_design/ipshared/7e3a/hdl/axi_infrastructure_v1_1_vl_rfs.v:474]
INFO: [Synth 8-256] done synthesizing module 'axi_register_slice_v2_1_11_axi_register_slice' (4#1) [c:/Sim/sdaccelku/xcl_design/xcl_design.srcs/sources_1/bd/xcl_design/ipshared/0b6b/hdl/axi_register_slice_v2_1_vl_rfs.v:791]
INFO: [Synth 8-256] done synthesizing module 'bd_2fd7_m03_regslice_0' (5#1) [c:/Sim/sdaccelku/xcl_design/xcl_design.srcs/sources_1/bd/xcl_design/ip/xcl_design_u_ocl_region_0/bd_0/ip/ip_13/synth/bd_2fd7_m03_regslice_0.v:58]
Finished RTL Elaboration : Time (s): cpu = 00:00:12 ; elapsed = 00:00:16 . Memory (MB): peak = 457.098 ; gain = 247.063
Finished RTL Optimization Phase 1 : Time (s): cpu = 00:00:12 ; elapsed = 00:00:16 . Memory (MB): peak = 457.098 ; gain = 247.063
INFO: [Device 21-403] Loading part xcku115-flvb2104-2-e
Constraint Validation Runtime : Time (s): cpu = 00:00:00 ; elapsed = 00:00:00.016 . Memory (MB): peak = 1103.316 ; gain = 0.000
Finished Constraint Validation : Time (s): cpu = 00:00:33 ; elapsed = 00:00:37 . Memory (MB): peak = 1103.316 ; gain = 893.281
Finished Loading Part and Timing Information : Time (s): cpu = 00:00:33 ; elapsed = 00:00:37 . Memory (MB): peak = 1103.316 ; gain = 893.281
Finished applying 'set_property' XDC Constraints : Time (s): cpu = 00:00:33 ; elapsed = 00:00:37 . Memory (MB): peak = 1103.316 ; gain = 893.281
Finished RTL Optimization Phase 2 : Time (s): cpu = 00:00:33 ; elapsed = 00:00:37 . Memory (MB): peak = 1103.316 ; gain = 893.281
Finished Cross Boundary and Area Optimization : Time (s): cpu = 00:00:33 ; elapsed = 00:00:38 . Memory (MB): peak = 1103.316 ; gain = 893.281
Finished Applying XDC Timing Constraints : Time (s): cpu = 00:00:50 ; elapsed = 00:00:55 . Memory (MB): peak = 1260.363 ; gain = 1050.328
Finished Timing Optimization : Time (s): cpu = 00:00:50 ; elapsed = 00:00:55 . Memory (MB): peak = 1269.938 ; gain = 1059.902
Finished Technology Mapping : Time (s): cpu = 00:00:50 ; elapsed = 00:00:55 . Memory (MB): peak = 1279.645 ; gain = 1069.609
Finished IO Insertion : Time (s): cpu = 00:00:51 ; elapsed = 00:00:56 . Memory (MB): peak = 1279.645 ; gain = 1069.609
Finished Renaming Generated Instances : Time (s): cpu = 00:00:51 ; elapsed = 00:00:56 . Memory (MB): peak = 1279.645 ; gain = 1069.609
Finished Rebuilding User Hierarchy : Time (s): cpu = 00:00:51 ; elapsed = 00:00:56 . Memory (MB): peak = 1279.645 ; gain = 1069.609
Finished Renaming Generated Ports : Time (s): cpu = 00:00:51 ; elapsed = 00:00:56 . Memory (MB): peak = 1279.645 ; gain = 1069.609
Finished Handling Custom Attributes : Time (s): cpu = 00:00:51 ; elapsed = 00:00:56 . Memory (MB): peak = 1279.645 ; gain = 1069.609
Finished Renaming Generated Nets : Time (s): cpu = 00:00:51 ; elapsed = 00:00:56 . Memory (MB): peak = 1279.645 ; gain = 1069.609

Report Cell Usage: 
+------+-----+------+
|      |Cell |Count |
+------+-----+------+
|1     |LUT1 |     8|
|2     |LUT3 |     5|
|3     |LUT4 |     5|
|4     |FDRE |   102|
+------+-----+------+
Finished Writing Synthesis Report : Time (s): cpu = 00:00:51 ; elapsed = 00:00:56 . Memory (MB): peak = 1279.645 ; gain = 1069.609
synth_design: Time (s): cpu = 00:00:51 ; elapsed = 00:00:53 . Memory (MB): peak = 1358.559 ; gain = 1014.555
