
*** Running vivado
    with args -log xcl_design_logic_reset_op_0.vds -m64 -product Vivado -mode batch -messageDb vivado.pb -notrace -source xcl_design_logic_reset_op_0.tcl



****** Vivado v2016.3_sdx (64-bit)
  **** SW Build 1721784 on Tue Nov 29 22:12:44 MST 2016
  **** IP Build 1720686 on Mon Nov 28 12:39:17 MST 2016
    ** Copyright 1986-2016 Xilinx, Inc. All Rights Reserved.

Sourcing tcl script 'C:/Xilinx/SDx/2016.3/Vivado/scripts/init.tcl'
16 Beta devices matching pattern found, 16 enabled.
Loaded SDSoC Platform Tcl Library
source xcl_design_logic_reset_op_0.tcl -notrace
Starting RTL Elaboration : Time (s): cpu = 00:00:13 ; elapsed = 00:00:18 . Memory (MB): peak = 413.820 ; gain = 203.723
INFO: [Synth 8-638] synthesizing module 'xcl_design_logic_reset_op_0' [c:/Sim/sdaccel_ku/xcl_design/xcl_design.srcs/sources_1/bd/xcl_design/ip/xcl_design_logic_reset_op_0/synth/xcl_design_logic_reset_op_0.vhd:66]
INFO: [Synth 8-638] synthesizing module 'util_vector_logic' [c:/Sim/sdaccel_ku/xcl_design/xcl_design.srcs/sources_1/bd/xcl_design/ipshared/1d19/hdl/util_vector_logic.vhd:88]
INFO: [Synth 8-256] done synthesizing module 'util_vector_logic' (1#1) [c:/Sim/sdaccel_ku/xcl_design/xcl_design.srcs/sources_1/bd/xcl_design/ipshared/1d19/hdl/util_vector_logic.vhd:88]
INFO: [Synth 8-256] done synthesizing module 'xcl_design_logic_reset_op_0' (2#1) [c:/Sim/sdaccel_ku/xcl_design/xcl_design.srcs/sources_1/bd/xcl_design/ip/xcl_design_logic_reset_op_0/synth/xcl_design_logic_reset_op_0.vhd:66]
Finished RTL Elaboration : Time (s): cpu = 00:00:14 ; elapsed = 00:00:19 . Memory (MB): peak = 452.234 ; gain = 242.137
Finished RTL Optimization Phase 1 : Time (s): cpu = 00:00:14 ; elapsed = 00:00:19 . Memory (MB): peak = 452.234 ; gain = 242.137
INFO: [Device 21-403] Loading part xcku115-flvb2104-2-e
Constraint Validation Runtime : Time (s): cpu = 00:00:00 ; elapsed = 00:00:00.020 . Memory (MB): peak = 995.102 ; gain = 1.008
Finished Constraint Validation : Time (s): cpu = 00:00:38 ; elapsed = 00:00:44 . Memory (MB): peak = 995.102 ; gain = 785.004
Finished Loading Part and Timing Information : Time (s): cpu = 00:00:38 ; elapsed = 00:00:44 . Memory (MB): peak = 995.102 ; gain = 785.004
Finished applying 'set_property' XDC Constraints : Time (s): cpu = 00:00:38 ; elapsed = 00:00:44 . Memory (MB): peak = 995.102 ; gain = 785.004
Finished RTL Optimization Phase 2 : Time (s): cpu = 00:00:38 ; elapsed = 00:00:44 . Memory (MB): peak = 995.102 ; gain = 785.004
Finished Cross Boundary and Area Optimization : Time (s): cpu = 00:00:39 ; elapsed = 00:00:45 . Memory (MB): peak = 995.102 ; gain = 785.004
Finished Applying XDC Timing Constraints : Time (s): cpu = 00:01:02 ; elapsed = 00:01:11 . Memory (MB): peak = 1252.164 ; gain = 1042.066
Finished Timing Optimization : Time (s): cpu = 00:01:02 ; elapsed = 00:01:11 . Memory (MB): peak = 1252.164 ; gain = 1042.066
Finished Technology Mapping : Time (s): cpu = 00:01:02 ; elapsed = 00:01:11 . Memory (MB): peak = 1261.871 ; gain = 1051.773
Finished IO Insertion : Time (s): cpu = 00:01:03 ; elapsed = 00:01:12 . Memory (MB): peak = 1261.871 ; gain = 1051.773
Finished Renaming Generated Instances : Time (s): cpu = 00:01:03 ; elapsed = 00:01:12 . Memory (MB): peak = 1261.871 ; gain = 1051.773
Finished Rebuilding User Hierarchy : Time (s): cpu = 00:01:03 ; elapsed = 00:01:12 . Memory (MB): peak = 1261.871 ; gain = 1051.773
Finished Renaming Generated Ports : Time (s): cpu = 00:01:03 ; elapsed = 00:01:12 . Memory (MB): peak = 1261.871 ; gain = 1051.773
Finished Handling Custom Attributes : Time (s): cpu = 00:01:03 ; elapsed = 00:01:12 . Memory (MB): peak = 1261.871 ; gain = 1051.773
Finished Renaming Generated Nets : Time (s): cpu = 00:01:03 ; elapsed = 00:01:12 . Memory (MB): peak = 1261.871 ; gain = 1051.773

Report Cell Usage: 
+------+-----+------+
|      |Cell |Count |
+------+-----+------+
|1     |LUT1 |     1|
+------+-----+------+
Finished Writing Synthesis Report : Time (s): cpu = 00:01:03 ; elapsed = 00:01:12 . Memory (MB): peak = 1261.871 ; gain = 1051.773
synth_design: Time (s): cpu = 00:01:03 ; elapsed = 00:01:09 . Memory (MB): peak = 1337.453 ; gain = 995.297
