
*** Running vivado
    with args -log xcl_design_u_ocl_region_0.vds -m64 -product Vivado -mode batch -messageDb vivado.pb -notrace -source xcl_design_u_ocl_region_0.tcl



****** Vivado v2016.4_sdx (64-bit)
  **** SW Build 1806307 on Thu Mar  9 15:24:31 MST 2017
  **** IP Build 1759159 on Thu Jan 26 07:31:30 MST 2017
    ** Copyright 1986-2016 Xilinx, Inc. All Rights Reserved.

Sourcing tcl script 'C:/Xilinx/SDx/2016.4/Vivado/scripts/init.tcl'
16 Beta devices matching pattern found, 16 enabled.
Loaded SDSoC Platform Tcl Library
source xcl_design_u_ocl_region_0.tcl -notrace
Starting RTL Elaboration : Time (s): cpu = 00:00:15 ; elapsed = 00:00:19 . Memory (MB): peak = 463.020 ; gain = 253.262
INFO: [Synth 8-638] synthesizing module 'xcl_design_u_ocl_region_0' [c:/Sim/sdaccelku/xcl_design/xcl_design.srcs/sources_1/bd/xcl_design/ip/xcl_design_u_ocl_region_0/synth/xcl_design_u_ocl_region_0.v:59]
INFO: [Synth 8-638] synthesizing module 'bd_2fd7' [c:/Sim/sdaccelku/xcl_design/xcl_design.srcs/sources_1/bd/xcl_design/ip/xcl_design_u_ocl_region_0/bd_0/hdl/bd_2fd7.v:13]
INFO: [Synth 8-638] synthesizing module 'bd_2fd7_control_sys_reset_0' [C:/Sim/sdaccelku/xcl_design/xcl_design.runs/xcl_design_u_ocl_region_0_synth_1/.Xil/Vivado-52032-SakinderLaptop1/realtime/bd_2fd7_control_sys_reset_0_stub.v:6]
INFO: [Synth 8-256] done synthesizing module 'bd_2fd7_control_sys_reset_0' (1#1) [C:/Sim/sdaccelku/xcl_design/xcl_design.runs/xcl_design_u_ocl_region_0_synth_1/.Xil/Vivado-52032-SakinderLaptop1/realtime/bd_2fd7_control_sys_reset_0_stub.v:6]
INFO: [Synth 8-638] synthesizing module 'bd_2fd7_data_sys_reset_0' [C:/Sim/sdaccelku/xcl_design/xcl_design.runs/xcl_design_u_ocl_region_0_synth_1/.Xil/Vivado-52032-SakinderLaptop1/realtime/bd_2fd7_data_sys_reset_0_stub.v:6]
INFO: [Synth 8-256] done synthesizing module 'bd_2fd7_data_sys_reset_0' (2#1) [C:/Sim/sdaccelku/xcl_design/xcl_design.runs/xcl_design_u_ocl_region_0_synth_1/.Xil/Vivado-52032-SakinderLaptop1/realtime/bd_2fd7_data_sys_reset_0_stub.v:6]
INFO: [Synth 8-638] synthesizing module 'bd_2fd7_kernel_0_0' [C:/Sim/sdaccelku/xcl_design/xcl_design.runs/xcl_design_u_ocl_region_0_synth_1/.Xil/Vivado-52032-SakinderLaptop1/realtime/bd_2fd7_kernel_0_0_stub.v:6]
INFO: [Synth 8-256] done synthesizing module 'bd_2fd7_kernel_0_0' (3#1) [C:/Sim/sdaccelku/xcl_design/xcl_design.runs/xcl_design_u_ocl_region_0_synth_1/.Xil/Vivado-52032-SakinderLaptop1/realtime/bd_2fd7_kernel_0_0_stub.v:6]
INFO: [Synth 8-638] synthesizing module 'bd_2fd7_kernel_1_0' [C:/Sim/sdaccelku/xcl_design/xcl_design.runs/xcl_design_u_ocl_region_0_synth_1/.Xil/Vivado-52032-SakinderLaptop1/realtime/bd_2fd7_kernel_1_0_stub.v:6]
INFO: [Synth 8-256] done synthesizing module 'bd_2fd7_kernel_1_0' (4#1) [C:/Sim/sdaccelku/xcl_design/xcl_design.runs/xcl_design_u_ocl_region_0_synth_1/.Xil/Vivado-52032-SakinderLaptop1/realtime/bd_2fd7_kernel_1_0_stub.v:6]
INFO: [Synth 8-638] synthesizing module 'bd_2fd7_kernel_2_0' [C:/Sim/sdaccelku/xcl_design/xcl_design.runs/xcl_design_u_ocl_region_0_synth_1/.Xil/Vivado-52032-SakinderLaptop1/realtime/bd_2fd7_kernel_2_0_stub.v:6]
INFO: [Synth 8-256] done synthesizing module 'bd_2fd7_kernel_2_0' (5#1) [C:/Sim/sdaccelku/xcl_design/xcl_design.runs/xcl_design_u_ocl_region_0_synth_1/.Xil/Vivado-52032-SakinderLaptop1/realtime/bd_2fd7_kernel_2_0_stub.v:6]
INFO: [Synth 8-638] synthesizing module 'bd_2fd7_kernel_3_0' [C:/Sim/sdaccelku/xcl_design/xcl_design.runs/xcl_design_u_ocl_region_0_synth_1/.Xil/Vivado-52032-SakinderLaptop1/realtime/bd_2fd7_kernel_3_0_stub.v:6]
INFO: [Synth 8-256] done synthesizing module 'bd_2fd7_kernel_3_0' (6#1) [C:/Sim/sdaccelku/xcl_design/xcl_design.runs/xcl_design_u_ocl_region_0_synth_1/.Xil/Vivado-52032-SakinderLaptop1/realtime/bd_2fd7_kernel_3_0_stub.v:6]
INFO: [Synth 8-638] synthesizing module 'bd_2fd7_m_axi_interconnect_M00_AXI_0' [c:/Sim/sdaccelku/xcl_design/xcl_design.srcs/sources_1/bd/xcl_design/ip/xcl_design_u_ocl_region_0/bd_0/hdl/bd_2fd7.v:2053]
INFO: [Synth 8-638] synthesizing module 's00_couplers_imp_1328SXF' [c:/Sim/sdaccelku/xcl_design/xcl_design.srcs/sources_1/bd/xcl_design/ip/xcl_design_u_ocl_region_0/bd_0/hdl/bd_2fd7.v:5341]
INFO: [Synth 8-638] synthesizing module 'bd_2fd7_s00_regslice_0' [C:/Sim/sdaccelku/xcl_design/xcl_design.runs/xcl_design_u_ocl_region_0_synth_1/.Xil/Vivado-52032-SakinderLaptop1/realtime/bd_2fd7_s00_regslice_0_stub.v:6]
INFO: [Synth 8-256] done synthesizing module 'bd_2fd7_s00_regslice_0' (7#1) [C:/Sim/sdaccelku/xcl_design/xcl_design.runs/xcl_design_u_ocl_region_0_synth_1/.Xil/Vivado-52032-SakinderLaptop1/realtime/bd_2fd7_s00_regslice_0_stub.v:6]
INFO: [Synth 8-256] done synthesizing module 's00_couplers_imp_1328SXF' (8#1) [c:/Sim/sdaccelku/xcl_design/xcl_design.srcs/sources_1/bd/xcl_design/ip/xcl_design_u_ocl_region_0/bd_0/hdl/bd_2fd7.v:5341]
INFO: [Synth 8-256] done synthesizing module 'bd_2fd7_m_axi_interconnect_M00_AXI_0' (9#1) [c:/Sim/sdaccelku/xcl_design/xcl_design.srcs/sources_1/bd/xcl_design/ip/xcl_design_u_ocl_region_0/bd_0/hdl/bd_2fd7.v:2053]
INFO: [Synth 8-638] synthesizing module 'bd_2fd7_m_axi_interconnect_M01_AXI_0' [c:/Sim/sdaccelku/xcl_design/xcl_design.srcs/sources_1/bd/xcl_design/ip/xcl_design_u_ocl_region_0/bd_0/hdl/bd_2fd7.v:2423]
INFO: [Synth 8-638] synthesizing module 's00_couplers_imp_BG5KE5' [c:/Sim/sdaccelku/xcl_design/xcl_design.srcs/sources_1/bd/xcl_design/ip/xcl_design_u_ocl_region_0/bd_0/hdl/bd_2fd7.v:6567]
INFO: [Synth 8-638] synthesizing module 'bd_2fd7_s00_regslice_1' [C:/Sim/sdaccelku/xcl_design/xcl_design.runs/xcl_design_u_ocl_region_0_synth_1/.Xil/Vivado-52032-SakinderLaptop1/realtime/bd_2fd7_s00_regslice_1_stub.v:6]
INFO: [Synth 8-256] done synthesizing module 'bd_2fd7_s00_regslice_1' (10#1) [C:/Sim/sdaccelku/xcl_design/xcl_design.runs/xcl_design_u_ocl_region_0_synth_1/.Xil/Vivado-52032-SakinderLaptop1/realtime/bd_2fd7_s00_regslice_1_stub.v:6]
INFO: [Synth 8-256] done synthesizing module 's00_couplers_imp_BG5KE5' (11#1) [c:/Sim/sdaccelku/xcl_design/xcl_design.srcs/sources_1/bd/xcl_design/ip/xcl_design_u_ocl_region_0/bd_0/hdl/bd_2fd7.v:6567]
INFO: [Synth 8-256] done synthesizing module 'bd_2fd7_m_axi_interconnect_M01_AXI_0' (12#1) [c:/Sim/sdaccelku/xcl_design/xcl_design.srcs/sources_1/bd/xcl_design/ip/xcl_design_u_ocl_region_0/bd_0/hdl/bd_2fd7.v:2423]
INFO: [Synth 8-638] synthesizing module 'bd_2fd7_m_axi_interconnect_M02_AXI_0' [c:/Sim/sdaccelku/xcl_design/xcl_design.srcs/sources_1/bd/xcl_design/ip/xcl_design_u_ocl_region_0/bd_0/hdl/bd_2fd7.v:2793]
INFO: [Synth 8-638] synthesizing module 's00_couplers_imp_7YHXYM' [c:/Sim/sdaccelku/xcl_design/xcl_design.srcs/sources_1/bd/xcl_design/ip/xcl_design_u_ocl_region_0/bd_0/hdl/bd_2fd7.v:6207]
INFO: [Synth 8-638] synthesizing module 'bd_2fd7_s00_regslice_2' [C:/Sim/sdaccelku/xcl_design/xcl_design.runs/xcl_design_u_ocl_region_0_synth_1/.Xil/Vivado-52032-SakinderLaptop1/realtime/bd_2fd7_s00_regslice_2_stub.v:6]
INFO: [Synth 8-256] done synthesizing module 'bd_2fd7_s00_regslice_2' (13#1) [C:/Sim/sdaccelku/xcl_design/xcl_design.runs/xcl_design_u_ocl_region_0_synth_1/.Xil/Vivado-52032-SakinderLaptop1/realtime/bd_2fd7_s00_regslice_2_stub.v:6]
INFO: [Synth 8-256] done synthesizing module 's00_couplers_imp_7YHXYM' (14#1) [c:/Sim/sdaccelku/xcl_design/xcl_design.srcs/sources_1/bd/xcl_design/ip/xcl_design_u_ocl_region_0/bd_0/hdl/bd_2fd7.v:6207]
INFO: [Synth 8-256] done synthesizing module 'bd_2fd7_m_axi_interconnect_M02_AXI_0' (15#1) [c:/Sim/sdaccelku/xcl_design/xcl_design.srcs/sources_1/bd/xcl_design/ip/xcl_design_u_ocl_region_0/bd_0/hdl/bd_2fd7.v:2793]
INFO: [Synth 8-638] synthesizing module 'bd_2fd7_m_axi_interconnect_M03_AXI_0' [c:/Sim/sdaccelku/xcl_design/xcl_design.srcs/sources_1/bd/xcl_design/ip/xcl_design_u_ocl_region_0/bd_0/hdl/bd_2fd7.v:3163]
INFO: [Synth 8-638] synthesizing module 's00_couplers_imp_1FDD540' [c:/Sim/sdaccelku/xcl_design/xcl_design.srcs/sources_1/bd/xcl_design/ip/xcl_design_u_ocl_region_0/bd_0/hdl/bd_2fd7.v:5701]
INFO: [Synth 8-638] synthesizing module 'bd_2fd7_s00_regslice_3' [C:/Sim/sdaccelku/xcl_design/xcl_design.runs/xcl_design_u_ocl_region_0_synth_1/.Xil/Vivado-52032-SakinderLaptop1/realtime/bd_2fd7_s00_regslice_3_stub.v:6]
INFO: [Synth 8-256] done synthesizing module 'bd_2fd7_s00_regslice_3' (16#1) [C:/Sim/sdaccelku/xcl_design/xcl_design.runs/xcl_design_u_ocl_region_0_synth_1/.Xil/Vivado-52032-SakinderLaptop1/realtime/bd_2fd7_s00_regslice_3_stub.v:6]
INFO: [Synth 8-256] done synthesizing module 's00_couplers_imp_1FDD540' (17#1) [c:/Sim/sdaccelku/xcl_design/xcl_design.srcs/sources_1/bd/xcl_design/ip/xcl_design_u_ocl_region_0/bd_0/hdl/bd_2fd7.v:5701]
INFO: [Synth 8-256] done synthesizing module 'bd_2fd7_m_axi_interconnect_M03_AXI_0' (18#1) [c:/Sim/sdaccelku/xcl_design/xcl_design.srcs/sources_1/bd/xcl_design/ip/xcl_design_u_ocl_region_0/bd_0/hdl/bd_2fd7.v:3163]
INFO: [Synth 8-638] synthesizing module 'bd_2fd7_master_bridge_0_0' [C:/Sim/sdaccelku/xcl_design/xcl_design.runs/xcl_design_u_ocl_region_0_synth_1/.Xil/Vivado-52032-SakinderLaptop1/realtime/bd_2fd7_master_bridge_0_0_stub.v:6]
INFO: [Synth 8-256] done synthesizing module 'bd_2fd7_master_bridge_0_0' (19#1) [C:/Sim/sdaccelku/xcl_design/xcl_design.runs/xcl_design_u_ocl_region_0_synth_1/.Xil/Vivado-52032-SakinderLaptop1/realtime/bd_2fd7_master_bridge_0_0_stub.v:6]
INFO: [Synth 8-638] synthesizing module 'bd_2fd7_master_bridge_1_0' [C:/Sim/sdaccelku/xcl_design/xcl_design.runs/xcl_design_u_ocl_region_0_synth_1/.Xil/Vivado-52032-SakinderLaptop1/realtime/bd_2fd7_master_bridge_1_0_stub.v:6]
INFO: [Synth 8-256] done synthesizing module 'bd_2fd7_master_bridge_1_0' (20#1) [C:/Sim/sdaccelku/xcl_design/xcl_design.runs/xcl_design_u_ocl_region_0_synth_1/.Xil/Vivado-52032-SakinderLaptop1/realtime/bd_2fd7_master_bridge_1_0_stub.v:6]
INFO: [Synth 8-638] synthesizing module 'bd_2fd7_master_bridge_2_0' [C:/Sim/sdaccelku/xcl_design/xcl_design.runs/xcl_design_u_ocl_region_0_synth_1/.Xil/Vivado-52032-SakinderLaptop1/realtime/bd_2fd7_master_bridge_2_0_stub.v:6]
INFO: [Synth 8-256] done synthesizing module 'bd_2fd7_master_bridge_2_0' (21#1) [C:/Sim/sdaccelku/xcl_design/xcl_design.runs/xcl_design_u_ocl_region_0_synth_1/.Xil/Vivado-52032-SakinderLaptop1/realtime/bd_2fd7_master_bridge_2_0_stub.v:6]
INFO: [Synth 8-638] synthesizing module 'bd_2fd7_master_bridge_3_0' [C:/Sim/sdaccelku/xcl_design/xcl_design.runs/xcl_design_u_ocl_region_0_synth_1/.Xil/Vivado-52032-SakinderLaptop1/realtime/bd_2fd7_master_bridge_3_0_stub.v:6]
INFO: [Synth 8-256] done synthesizing module 'bd_2fd7_master_bridge_3_0' (22#1) [C:/Sim/sdaccelku/xcl_design/xcl_design.runs/xcl_design_u_ocl_region_0_synth_1/.Xil/Vivado-52032-SakinderLaptop1/realtime/bd_2fd7_master_bridge_3_0_stub.v:6]
INFO: [Synth 8-638] synthesizing module 'bd_2fd7_s_axi_interconnect_0_0' [c:/Sim/sdaccelku/xcl_design/xcl_design.srcs/sources_1/bd/xcl_design/ip/xcl_design_u_ocl_region_0/bd_0/hdl/bd_2fd7.v:3533]
INFO: [Synth 8-638] synthesizing module 'm00_couplers_imp_J7A2MO' [c:/Sim/sdaccelku/xcl_design/xcl_design.srcs/sources_1/bd/xcl_design/ip/xcl_design_u_ocl_region_0/bd_0/hdl/bd_2fd7.v:4277]
INFO: [Synth 8-638] synthesizing module 'bd_2fd7_auto_cc_0' [C:/Sim/sdaccelku/xcl_design/xcl_design.runs/xcl_design_u_ocl_region_0_synth_1/.Xil/Vivado-52032-SakinderLaptop1/realtime/bd_2fd7_auto_cc_0_stub.v:6]
INFO: [Synth 8-256] done synthesizing module 'bd_2fd7_auto_cc_0' (23#1) [C:/Sim/sdaccelku/xcl_design/xcl_design.runs/xcl_design_u_ocl_region_0_synth_1/.Xil/Vivado-52032-SakinderLaptop1/realtime/bd_2fd7_auto_cc_0_stub.v:6]
INFO: [Synth 8-638] synthesizing module 'bd_2fd7_m00_regslice_0' [C:/Sim/sdaccelku/xcl_design/xcl_design.runs/xcl_design_u_ocl_region_0_synth_1/.Xil/Vivado-52032-SakinderLaptop1/realtime/bd_2fd7_m00_regslice_0_stub.v:6]
INFO: [Synth 8-256] done synthesizing module 'bd_2fd7_m00_regslice_0' (24#1) [C:/Sim/sdaccelku/xcl_design/xcl_design.runs/xcl_design_u_ocl_region_0_synth_1/.Xil/Vivado-52032-SakinderLaptop1/realtime/bd_2fd7_m00_regslice_0_stub.v:6]
INFO: [Synth 8-256] done synthesizing module 'm00_couplers_imp_J7A2MO' (25#1) [c:/Sim/sdaccelku/xcl_design/xcl_design.srcs/sources_1/bd/xcl_design/ip/xcl_design_u_ocl_region_0/bd_0/hdl/bd_2fd7.v:4277]
INFO: [Synth 8-638] synthesizing module 'm01_couplers_imp_1HZIYDV' [c:/Sim/sdaccelku/xcl_design/xcl_design.srcs/sources_1/bd/xcl_design/ip/xcl_design_u_ocl_region_0/bd_0/hdl/bd_2fd7.v:4543]
INFO: [Synth 8-638] synthesizing module 'bd_2fd7_auto_cc_1' [C:/Sim/sdaccelku/xcl_design/xcl_design.runs/xcl_design_u_ocl_region_0_synth_1/.Xil/Vivado-52032-SakinderLaptop1/realtime/bd_2fd7_auto_cc_1_stub.v:6]
INFO: [Synth 8-256] done synthesizing module 'bd_2fd7_auto_cc_1' (26#1) [C:/Sim/sdaccelku/xcl_design/xcl_design.runs/xcl_design_u_ocl_region_0_synth_1/.Xil/Vivado-52032-SakinderLaptop1/realtime/bd_2fd7_auto_cc_1_stub.v:6]
INFO: [Synth 8-638] synthesizing module 'bd_2fd7_m01_regslice_0' [C:/Sim/sdaccelku/xcl_design/xcl_design.runs/xcl_design_u_ocl_region_0_synth_1/.Xil/Vivado-52032-SakinderLaptop1/realtime/bd_2fd7_m01_regslice_0_stub.v:6]
INFO: [Synth 8-256] done synthesizing module 'bd_2fd7_m01_regslice_0' (27#1) [C:/Sim/sdaccelku/xcl_design/xcl_design.runs/xcl_design_u_ocl_region_0_synth_1/.Xil/Vivado-52032-SakinderLaptop1/realtime/bd_2fd7_m01_regslice_0_stub.v:6]
INFO: [Synth 8-256] done synthesizing module 'm01_couplers_imp_1HZIYDV' (28#1) [c:/Sim/sdaccelku/xcl_design/xcl_design.srcs/sources_1/bd/xcl_design/ip/xcl_design_u_ocl_region_0/bd_0/hdl/bd_2fd7.v:4543]
INFO: [Synth 8-638] synthesizing module 'm02_couplers_imp_148OM53' [c:/Sim/sdaccelku/xcl_design/xcl_design.srcs/sources_1/bd/xcl_design/ip/xcl_design_u_ocl_region_0/bd_0/hdl/bd_2fd7.v:4809]
INFO: [Synth 8-638] synthesizing module 'bd_2fd7_auto_cc_2' [C:/Sim/sdaccelku/xcl_design/xcl_design.runs/xcl_design_u_ocl_region_0_synth_1/.Xil/Vivado-52032-SakinderLaptop1/realtime/bd_2fd7_auto_cc_2_stub.v:6]
INFO: [Synth 8-256] done synthesizing module 'bd_2fd7_auto_cc_2' (29#1) [C:/Sim/sdaccelku/xcl_design/xcl_design.runs/xcl_design_u_ocl_region_0_synth_1/.Xil/Vivado-52032-SakinderLaptop1/realtime/bd_2fd7_auto_cc_2_stub.v:6]
INFO: [Synth 8-638] synthesizing module 'bd_2fd7_m02_regslice_0' [C:/Sim/sdaccelku/xcl_design/xcl_design.runs/xcl_design_u_ocl_region_0_synth_1/.Xil/Vivado-52032-SakinderLaptop1/realtime/bd_2fd7_m02_regslice_0_stub.v:6]
INFO: [Synth 8-256] done synthesizing module 'bd_2fd7_m02_regslice_0' (30#1) [C:/Sim/sdaccelku/xcl_design/xcl_design.runs/xcl_design_u_ocl_region_0_synth_1/.Xil/Vivado-52032-SakinderLaptop1/realtime/bd_2fd7_m02_regslice_0_stub.v:6]
INFO: [Synth 8-256] done synthesizing module 'm02_couplers_imp_148OM53' (31#1) [c:/Sim/sdaccelku/xcl_design/xcl_design.srcs/sources_1/bd/xcl_design/ip/xcl_design_u_ocl_region_0/bd_0/hdl/bd_2fd7.v:4809]
INFO: [Synth 8-638] synthesizing module 'm03_couplers_imp_6AKQJ8' [c:/Sim/sdaccelku/xcl_design/xcl_design.srcs/sources_1/bd/xcl_design/ip/xcl_design_u_ocl_region_0/bd_0/hdl/bd_2fd7.v:5075]
INFO: [Synth 8-638] synthesizing module 'bd_2fd7_auto_cc_3' [C:/Sim/sdaccelku/xcl_design/xcl_design.runs/xcl_design_u_ocl_region_0_synth_1/.Xil/Vivado-52032-SakinderLaptop1/realtime/bd_2fd7_auto_cc_3_stub.v:6]
INFO: [Synth 8-256] done synthesizing module 'bd_2fd7_auto_cc_3' (32#1) [C:/Sim/sdaccelku/xcl_design/xcl_design.runs/xcl_design_u_ocl_region_0_synth_1/.Xil/Vivado-52032-SakinderLaptop1/realtime/bd_2fd7_auto_cc_3_stub.v:6]
INFO: [Synth 8-638] synthesizing module 'bd_2fd7_m03_regslice_0' [C:/Sim/sdaccelku/xcl_design/xcl_design.runs/xcl_design_u_ocl_region_0_synth_1/.Xil/Vivado-52032-SakinderLaptop1/realtime/bd_2fd7_m03_regslice_0_stub.v:6]
INFO: [Synth 8-256] done synthesizing module 'bd_2fd7_m03_regslice_0' (33#1) [C:/Sim/sdaccelku/xcl_design/xcl_design.runs/xcl_design_u_ocl_region_0_synth_1/.Xil/Vivado-52032-SakinderLaptop1/realtime/bd_2fd7_m03_regslice_0_stub.v:6]
INFO: [Synth 8-256] done synthesizing module 'm03_couplers_imp_6AKQJ8' (34#1) [c:/Sim/sdaccelku/xcl_design/xcl_design.srcs/sources_1/bd/xcl_design/ip/xcl_design_u_ocl_region_0/bd_0/hdl/bd_2fd7.v:5075]
INFO: [Synth 8-638] synthesizing module 's00_couplers_imp_1HU9HL8' [c:/Sim/sdaccelku/xcl_design/xcl_design.srcs/sources_1/bd/xcl_design/ip/xcl_design_u_ocl_region_0/bd_0/hdl/bd_2fd7.v:6061]
INFO: [Synth 8-256] done synthesizing module 's00_couplers_imp_1HU9HL8' (35#1) [c:/Sim/sdaccelku/xcl_design/xcl_design.srcs/sources_1/bd/xcl_design/ip/xcl_design_u_ocl_region_0/bd_0/hdl/bd_2fd7.v:6061]
INFO: [Synth 8-638] synthesizing module 'bd_2fd7_xbar_0' [C:/Sim/sdaccelku/xcl_design/xcl_design.runs/xcl_design_u_ocl_region_0_synth_1/.Xil/Vivado-52032-SakinderLaptop1/realtime/bd_2fd7_xbar_0_stub.v:6]
INFO: [Synth 8-256] done synthesizing module 'bd_2fd7_xbar_0' (36#1) [C:/Sim/sdaccelku/xcl_design/xcl_design.runs/xcl_design_u_ocl_region_0_synth_1/.Xil/Vivado-52032-SakinderLaptop1/realtime/bd_2fd7_xbar_0_stub.v:6]
INFO: [Synth 8-256] done synthesizing module 'bd_2fd7_s_axi_interconnect_0_0' (37#1) [c:/Sim/sdaccelku/xcl_design/xcl_design.srcs/sources_1/bd/xcl_design/ip/xcl_design_u_ocl_region_0/bd_0/hdl/bd_2fd7.v:3533]
INFO: [Synth 8-638] synthesizing module 'bd_2fd7_slave_bridge_0' [C:/Sim/sdaccelku/xcl_design/xcl_design.runs/xcl_design_u_ocl_region_0_synth_1/.Xil/Vivado-52032-SakinderLaptop1/realtime/bd_2fd7_slave_bridge_0_stub.v:6]
INFO: [Synth 8-256] done synthesizing module 'bd_2fd7_slave_bridge_0' (38#1) [C:/Sim/sdaccelku/xcl_design/xcl_design.runs/xcl_design_u_ocl_region_0_synth_1/.Xil/Vivado-52032-SakinderLaptop1/realtime/bd_2fd7_slave_bridge_0_stub.v:6]
INFO: [Synth 8-256] done synthesizing module 'bd_2fd7' (39#1) [c:/Sim/sdaccelku/xcl_design/xcl_design.srcs/sources_1/bd/xcl_design/ip/xcl_design_u_ocl_region_0/bd_0/hdl/bd_2fd7.v:13]
INFO: [Synth 8-256] done synthesizing module 'xcl_design_u_ocl_region_0' (40#1) [c:/Sim/sdaccelku/xcl_design/xcl_design.srcs/sources_1/bd/xcl_design/ip/xcl_design_u_ocl_region_0/synth/xcl_design_u_ocl_region_0.v:59]
Finished RTL Elaboration : Time (s): cpu = 00:00:16 ; elapsed = 00:00:21 . Memory (MB): peak = 510.813 ; gain = 301.055
Finished RTL Optimization Phase 1 : Time (s): cpu = 00:00:17 ; elapsed = 00:00:21 . Memory (MB): peak = 510.813 ; gain = 301.055
INFO: [Device 21-403] Loading part xcku115-flvb2104-2-e
Constraint Validation Runtime : Time (s): cpu = 00:00:00 ; elapsed = 00:00:00.266 . Memory (MB): peak = 1159.188 ; gain = 0.000
Finished Constraint Validation : Time (s): cpu = 00:00:39 ; elapsed = 00:00:46 . Memory (MB): peak = 1159.188 ; gain = 949.430
Finished Loading Part and Timing Information : Time (s): cpu = 00:00:39 ; elapsed = 00:00:46 . Memory (MB): peak = 1159.188 ; gain = 949.430
Finished applying 'set_property' XDC Constraints : Time (s): cpu = 00:00:39 ; elapsed = 00:00:46 . Memory (MB): peak = 1159.188 ; gain = 949.430
Finished RTL Optimization Phase 2 : Time (s): cpu = 00:00:39 ; elapsed = 00:00:46 . Memory (MB): peak = 1159.188 ; gain = 949.430
Finished Cross Boundary and Area Optimization : Time (s): cpu = 00:00:41 ; elapsed = 00:00:47 . Memory (MB): peak = 1159.188 ; gain = 949.430
Finished Applying XDC Timing Constraints : Time (s): cpu = 00:00:56 ; elapsed = 00:01:03 . Memory (MB): peak = 1308.809 ; gain = 1099.051
Finished Timing Optimization : Time (s): cpu = 00:00:56 ; elapsed = 00:01:03 . Memory (MB): peak = 1310.805 ; gain = 1101.047
Finished Technology Mapping : Time (s): cpu = 00:00:57 ; elapsed = 00:01:04 . Memory (MB): peak = 1329.207 ; gain = 1119.449
Finished IO Insertion : Time (s): cpu = 00:00:58 ; elapsed = 00:01:05 . Memory (MB): peak = 1329.207 ; gain = 1119.449
Finished Renaming Generated Instances : Time (s): cpu = 00:00:58 ; elapsed = 00:01:05 . Memory (MB): peak = 1329.207 ; gain = 1119.449
Finished Rebuilding User Hierarchy : Time (s): cpu = 00:00:58 ; elapsed = 00:01:05 . Memory (MB): peak = 1329.207 ; gain = 1119.449
Finished Renaming Generated Ports : Time (s): cpu = 00:00:58 ; elapsed = 00:01:05 . Memory (MB): peak = 1329.207 ; gain = 1119.449
Finished Handling Custom Attributes : Time (s): cpu = 00:00:58 ; elapsed = 00:01:05 . Memory (MB): peak = 1329.207 ; gain = 1119.449
Finished Renaming Generated Nets : Time (s): cpu = 00:00:58 ; elapsed = 00:01:05 . Memory (MB): peak = 1329.207 ; gain = 1119.449

Report Cell Usage: 
+------+----------------------------+------+
|      |Cell                        |Count |
+------+----------------------------+------+
|1     |bd_2fd7_auto_cc_0           |     1|
|2     |bd_2fd7_auto_cc_1           |     1|
|3     |bd_2fd7_auto_cc_2           |     1|
|4     |bd_2fd7_auto_cc_3           |     1|
|5     |bd_2fd7_control_sys_reset_0 |     1|
|6     |bd_2fd7_data_sys_reset_0    |     1|
|7     |bd_2fd7_kernel_0_0          |     1|
|8     |bd_2fd7_kernel_1_0          |     1|
|9     |bd_2fd7_kernel_2_0          |     1|
|10    |bd_2fd7_kernel_3_0          |     1|
|11    |bd_2fd7_m00_regslice_0      |     1|
|12    |bd_2fd7_m01_regslice_0      |     1|
|13    |bd_2fd7_m02_regslice_0      |     1|
|14    |bd_2fd7_m03_regslice_0      |     1|
|15    |bd_2fd7_master_bridge_0_0   |     1|
|16    |bd_2fd7_master_bridge_1_0   |     1|
|17    |bd_2fd7_master_bridge_2_0   |     1|
|18    |bd_2fd7_master_bridge_3_0   |     1|
|19    |bd_2fd7_s00_regslice_0      |     1|
|20    |bd_2fd7_s00_regslice_1      |     1|
|21    |bd_2fd7_s00_regslice_2      |     1|
|22    |bd_2fd7_s00_regslice_3      |     1|
|23    |bd_2fd7_slave_bridge_0      |     1|
|24    |bd_2fd7_xbar_0              |     1|
+------+----------------------------+------+
Finished Writing Synthesis Report : Time (s): cpu = 00:00:58 ; elapsed = 00:01:05 . Memory (MB): peak = 1329.207 ; gain = 1119.449
synth_design: Time (s): cpu = 00:00:57 ; elapsed = 00:01:00 . Memory (MB): peak = 1437.031 ; gain = 1057.066
