
*** Running vivado
    with args -log xcl_design_buf_refclk_ibuf_0.vds -m64 -product Vivado -mode batch -messageDb vivado.pb -notrace -source xcl_design_buf_refclk_ibuf_0.tcl



****** Vivado v2016.4_sdx (64-bit)
  **** SW Build 1806307 on Thu Mar  9 15:24:31 MST 2017
  **** IP Build 1759159 on Thu Jan 26 07:31:30 MST 2017
    ** Copyright 1986-2016 Xilinx, Inc. All Rights Reserved.

Sourcing tcl script 'C:/Xilinx/SDx/2016.4/Vivado/scripts/init.tcl'
16 Beta devices matching pattern found, 16 enabled.
Loaded SDSoC Platform Tcl Library
source xcl_design_buf_refclk_ibuf_0.tcl -notrace
Starting RTL Elaboration : Time (s): cpu = 00:00:11 ; elapsed = 00:00:15 . Memory (MB): peak = 415.660 ; gain = 205.340
INFO: [Synth 8-638] synthesizing module 'xcl_design_buf_refclk_ibuf_0' [c:/Sim/sdaccelku/xcl_design/xcl_design.srcs/sources_1/bd/xcl_design/ip/xcl_design_buf_refclk_ibuf_0/synth/xcl_design_buf_refclk_ibuf_0.vhd:68]
INFO: [Synth 8-638] synthesizing module 'util_ds_buf' [c:/Sim/sdaccelku/xcl_design/xcl_design.srcs/sources_1/bd/xcl_design/ipshared/1e84/hdl/vhdl/util_ds_buf.vhd:125]
INFO: [Synth 8-256] done synthesizing module 'util_ds_buf' (1#1) [c:/Sim/sdaccelku/xcl_design/xcl_design.srcs/sources_1/bd/xcl_design/ipshared/1e84/hdl/vhdl/util_ds_buf.vhd:125]
INFO: [Synth 8-256] done synthesizing module 'xcl_design_buf_refclk_ibuf_0' (2#1) [c:/Sim/sdaccelku/xcl_design/xcl_design.srcs/sources_1/bd/xcl_design/ip/xcl_design_buf_refclk_ibuf_0/synth/xcl_design_buf_refclk_ibuf_0.vhd:68]
Finished RTL Elaboration : Time (s): cpu = 00:00:12 ; elapsed = 00:00:15 . Memory (MB): peak = 454.105 ; gain = 243.785
Finished RTL Optimization Phase 1 : Time (s): cpu = 00:00:12 ; elapsed = 00:00:16 . Memory (MB): peak = 454.105 ; gain = 243.785
INFO: [Device 21-403] Loading part xcku115-flvb2104-2-e
Constraint Validation Runtime : Time (s): cpu = 00:00:00 ; elapsed = 00:00:00.016 . Memory (MB): peak = 999.859 ; gain = 0.000
Finished Constraint Validation : Time (s): cpu = 00:00:33 ; elapsed = 00:00:37 . Memory (MB): peak = 999.859 ; gain = 789.539
Finished Loading Part and Timing Information : Time (s): cpu = 00:00:33 ; elapsed = 00:00:37 . Memory (MB): peak = 999.859 ; gain = 789.539
Finished applying 'set_property' XDC Constraints : Time (s): cpu = 00:00:33 ; elapsed = 00:00:37 . Memory (MB): peak = 999.859 ; gain = 789.539
Finished RTL Optimization Phase 2 : Time (s): cpu = 00:00:33 ; elapsed = 00:00:37 . Memory (MB): peak = 999.859 ; gain = 789.539
Finished Cross Boundary and Area Optimization : Time (s): cpu = 00:00:33 ; elapsed = 00:00:37 . Memory (MB): peak = 999.859 ; gain = 789.539
Finished Applying XDC Timing Constraints : Time (s): cpu = 00:00:51 ; elapsed = 00:00:55 . Memory (MB): peak = 1235.473 ; gain = 1025.152
Finished Timing Optimization : Time (s): cpu = 00:00:51 ; elapsed = 00:00:55 . Memory (MB): peak = 1235.473 ; gain = 1025.152
Finished Technology Mapping : Time (s): cpu = 00:00:51 ; elapsed = 00:00:55 . Memory (MB): peak = 1246.098 ; gain = 1035.777
Finished IO Insertion : Time (s): cpu = 00:00:51 ; elapsed = 00:00:56 . Memory (MB): peak = 1246.098 ; gain = 1035.777
Finished Renaming Generated Instances : Time (s): cpu = 00:00:51 ; elapsed = 00:00:56 . Memory (MB): peak = 1246.098 ; gain = 1035.777
Finished Rebuilding User Hierarchy : Time (s): cpu = 00:00:51 ; elapsed = 00:00:56 . Memory (MB): peak = 1246.098 ; gain = 1035.777
Finished Renaming Generated Ports : Time (s): cpu = 00:00:51 ; elapsed = 00:00:56 . Memory (MB): peak = 1246.098 ; gain = 1035.777
Finished Handling Custom Attributes : Time (s): cpu = 00:00:51 ; elapsed = 00:00:56 . Memory (MB): peak = 1246.098 ; gain = 1035.777
Finished Renaming Generated Nets : Time (s): cpu = 00:00:51 ; elapsed = 00:00:56 . Memory (MB): peak = 1246.098 ; gain = 1035.777

Report Cell Usage: 
+------+------------+------+
|      |Cell        |Count |
+------+------------+------+
|1     |IBUFDS_GTE3 |     1|
+------+------------+------+
Finished Writing Synthesis Report : Time (s): cpu = 00:00:51 ; elapsed = 00:00:56 . Memory (MB): peak = 1246.098 ; gain = 1035.777
synth_design: Time (s): cpu = 00:00:51 ; elapsed = 00:00:53 . Memory (MB): peak = 1320.641 ; gain = 976.715
