
*** Running vivado
    with args -log bd_2fd7_master_bridge_1_0.vds -m64 -product Vivado -mode batch -messageDb vivado.pb -notrace -source bd_2fd7_master_bridge_1_0.tcl



****** Vivado v2016.3_sdx (64-bit)
  **** SW Build 1721784 on Tue Nov 29 22:12:44 MST 2016
  **** IP Build 1720686 on Mon Nov 28 12:39:17 MST 2016
    ** Copyright 1986-2016 Xilinx, Inc. All Rights Reserved.

Sourcing tcl script 'C:/Xilinx/SDx/2016.3/Vivado/scripts/init.tcl'
16 Beta devices matching pattern found, 16 enabled.
Loaded SDSoC Platform Tcl Library
source bd_2fd7_master_bridge_1_0.tcl -notrace
Starting RTL Elaboration : Time (s): cpu = 00:00:12 ; elapsed = 00:00:17 . Memory (MB): peak = 415.188 ; gain = 205.676
INFO: [Synth 8-638] synthesizing module 'bd_2fd7_master_bridge_1_0' [c:/Sim/sdaccel_ku/xcl_design/xcl_design.srcs/sources_1/bd/xcl_design/ip/xcl_design_u_ocl_region_0/bd_0/ip/ip_22/synth/bd_2fd7_master_bridge_1_0.vhd:140]
INFO: [Synth 8-638] synthesizing module 'axifull_bridge' [c:/Sim/sdaccel_ku/xcl_design/xcl_design.srcs/sources_1/bd/xcl_design/ipshared/1193/hdl/axifull_bridge.vhd:107]
INFO: [Synth 8-256] done synthesizing module 'axifull_bridge' (1#1) [c:/Sim/sdaccel_ku/xcl_design/xcl_design.srcs/sources_1/bd/xcl_design/ipshared/1193/hdl/axifull_bridge.vhd:107]
INFO: [Synth 8-256] done synthesizing module 'bd_2fd7_master_bridge_1_0' (2#1) [c:/Sim/sdaccel_ku/xcl_design/xcl_design.srcs/sources_1/bd/xcl_design/ip/xcl_design_u_ocl_region_0/bd_0/ip/ip_22/synth/bd_2fd7_master_bridge_1_0.vhd:140]
Finished RTL Elaboration : Time (s): cpu = 00:00:13 ; elapsed = 00:00:17 . Memory (MB): peak = 453.617 ; gain = 244.105
Finished RTL Optimization Phase 1 : Time (s): cpu = 00:00:13 ; elapsed = 00:00:18 . Memory (MB): peak = 453.617 ; gain = 244.105
INFO: [Device 21-403] Loading part xcku115-flvb2104-2-e
Constraint Validation Runtime : Time (s): cpu = 00:00:00 ; elapsed = 00:00:00.112 . Memory (MB): peak = 999.414 ; gain = 1.867
Finished Constraint Validation : Time (s): cpu = 00:00:37 ; elapsed = 00:00:43 . Memory (MB): peak = 999.414 ; gain = 789.902
Finished Loading Part and Timing Information : Time (s): cpu = 00:00:37 ; elapsed = 00:00:43 . Memory (MB): peak = 999.414 ; gain = 789.902
Finished applying 'set_property' XDC Constraints : Time (s): cpu = 00:00:37 ; elapsed = 00:00:43 . Memory (MB): peak = 999.414 ; gain = 789.902
Finished RTL Optimization Phase 2 : Time (s): cpu = 00:00:37 ; elapsed = 00:00:43 . Memory (MB): peak = 999.414 ; gain = 789.902
Finished Cross Boundary and Area Optimization : Time (s): cpu = 00:00:37 ; elapsed = 00:00:44 . Memory (MB): peak = 999.414 ; gain = 789.902
Finished Applying XDC Timing Constraints : Time (s): cpu = 00:01:01 ; elapsed = 00:01:09 . Memory (MB): peak = 1235.160 ; gain = 1025.648
Finished Timing Optimization : Time (s): cpu = 00:01:01 ; elapsed = 00:01:09 . Memory (MB): peak = 1235.160 ; gain = 1025.648
Finished Technology Mapping : Time (s): cpu = 00:01:01 ; elapsed = 00:01:09 . Memory (MB): peak = 1244.898 ; gain = 1035.387
Finished IO Insertion : Time (s): cpu = 00:01:02 ; elapsed = 00:01:10 . Memory (MB): peak = 1244.898 ; gain = 1035.387
Finished Renaming Generated Instances : Time (s): cpu = 00:01:02 ; elapsed = 00:01:10 . Memory (MB): peak = 1244.898 ; gain = 1035.387
Finished Rebuilding User Hierarchy : Time (s): cpu = 00:01:02 ; elapsed = 00:01:10 . Memory (MB): peak = 1244.898 ; gain = 1035.387
Finished Renaming Generated Ports : Time (s): cpu = 00:01:02 ; elapsed = 00:01:10 . Memory (MB): peak = 1244.898 ; gain = 1035.387
Finished Handling Custom Attributes : Time (s): cpu = 00:01:02 ; elapsed = 00:01:10 . Memory (MB): peak = 1244.898 ; gain = 1035.387
Finished Renaming Generated Nets : Time (s): cpu = 00:01:02 ; elapsed = 00:01:10 . Memory (MB): peak = 1244.898 ; gain = 1035.387

Report Cell Usage: 
+-+-----+------+
| |Cell |Count |
+-+-----+------+
+-+-----+------+
Finished Writing Synthesis Report : Time (s): cpu = 00:01:02 ; elapsed = 00:01:10 . Memory (MB): peak = 1244.898 ; gain = 1035.387
synth_design: Time (s): cpu = 00:01:05 ; elapsed = 00:01:09 . Memory (MB): peak = 1330.434 ; gain = 987.957
