Copyright 1986-2016 Xilinx, Inc. All Rights Reserved.
----------------------------------------------------------------------------------------
| Tool Version : Vivado v.2016.3_sdx (win64) Build 1721784 Tue Nov 29 22:12:44 MST 2016
| Date         : Tue May 16 08:23:44 2017
| Host         : SakinderLaptop1 running 64-bit major release  (build 9200)
| Command      : report_drc -file xcl_design_wrapper_drc_opted.rpt
| Design       : xcl_design_wrapper
| Device       : xcku115-flvb2104-2-e
| Speed File   : -2
| Design State : Synthesized
----------------------------------------------------------------------------------------

Report DRC

Table of Contents
-----------------
1. REPORT SUMMARY
2. REPORT DETAILS

1. REPORT SUMMARY
-----------------
            Netlist: netlist
          Floorplan: design_1
      Design limits: <entire design considered>
           Ruledeck: default
             Max violations: <unlimited>
             Violations found: 36
+-----------+----------+----------------------------------------+------------+
| Rule      | Severity | Description                            | Violations |
+-----------+----------+----------------------------------------+------------+
| BUFC-1    | Warning  | Input Buffer Connections               | 1          |
| DPIP-2    | Warning  | Input pipelining                       | 16         |
| DPOP-3    | Warning  | PREG Output pipelining                 | 4          |
| DPOP-4    | Warning  | MREG Output pipelining                 | 4          |
| FLBO-1    | Warning  | Pblock overlap                         | 6          |
| PLCK-58   | Warning  | Clock Placer Checks                    | 1          |
| HDPRA-53  | Advisory | Edge with Location Constraints         | 1          |
| REQP-1857 | Advisory | RAMB18E2_writefirst_collision_advisory | 1          |
| REQP-1858 | Advisory | RAMB36E2_writefirst_collision_advisory | 2          |
+-----------+----------+----------------------------------------+------------+

2. REPORT DETAILS
-----------------
BUFC-1#1 Warning
Input Buffer Connections  
Input buffer xcl_design_i/base_region/pr_isolation_expanded/iob_static/inst/ss_iobuf/IBUFCTRL_INST (in xcl_design_i/base_region/pr_isolation_expanded/iob_static/inst/ss_iobuf macro) has no loads. It is recommended to have an input buffer drive an internal load.
Related violations: <none>

DPIP-2#1 Warning
Input pipelining  
DSP xcl_design_i/expanded_region/memc/ddrmem_0/inst/u_ddr4_mem_intfc/u_ddr_cal_riu/mcs0/inst/microblaze_I/U0/MicroBlaze_Core_I/Performance.Core/Data_Flow_I/MUL_Unit_I/Use_HW_MUL.Using_DSP48_Architectures.No_MUL64.dsp_module_I2/Using_DSP48E1.DSP48E1_I1/Using_FPGA.DSP48E1_I1 input xcl_design_i/expanded_region/memc/ddrmem_0/inst/u_ddr4_mem_intfc/u_ddr_cal_riu/mcs0/inst/microblaze_I/U0/MicroBlaze_Core_I/Performance.Core/Data_Flow_I/MUL_Unit_I/Use_HW_MUL.Using_DSP48_Architectures.No_MUL64.dsp_module_I2/Using_DSP48E1.DSP48E1_I1/Using_FPGA.DSP48E1_I1/A[29:0] is not pipelined. Pipelining DSP48 input will improve performance.
Related violations: <none>

DPIP-2#2 Warning
Input pipelining  
DSP xcl_design_i/expanded_region/memc/ddrmem_0/inst/u_ddr4_mem_intfc/u_ddr_cal_riu/mcs0/inst/microblaze_I/U0/MicroBlaze_Core_I/Performance.Core/Data_Flow_I/MUL_Unit_I/Use_HW_MUL.Using_DSP48_Architectures.No_MUL64.dsp_module_I2/Using_DSP48E1.DSP48E1_I1/Using_FPGA.DSP48E1_I1 input xcl_design_i/expanded_region/memc/ddrmem_0/inst/u_ddr4_mem_intfc/u_ddr_cal_riu/mcs0/inst/microblaze_I/U0/MicroBlaze_Core_I/Performance.Core/Data_Flow_I/MUL_Unit_I/Use_HW_MUL.Using_DSP48_Architectures.No_MUL64.dsp_module_I2/Using_DSP48E1.DSP48E1_I1/Using_FPGA.DSP48E1_I1/B[17:0] is not pipelined. Pipelining DSP48 input will improve performance.
Related violations: <none>

DPIP-2#3 Warning
Input pipelining  
DSP xcl_design_i/expanded_region/memc/ddrmem_0/inst/u_ddr4_mem_intfc/u_ddr_cal_riu/mcs0/inst/microblaze_I/U0/MicroBlaze_Core_I/Performance.Core/Data_Flow_I/MUL_Unit_I/Use_HW_MUL.Using_DSP48_Architectures.dsp_module_I1/Using_DSP48E1.DSP48E1_I1/Using_FPGA.DSP48E1_I1 input xcl_design_i/expanded_region/memc/ddrmem_0/inst/u_ddr4_mem_intfc/u_ddr_cal_riu/mcs0/inst/microblaze_I/U0/MicroBlaze_Core_I/Performance.Core/Data_Flow_I/MUL_Unit_I/Use_HW_MUL.Using_DSP48_Architectures.dsp_module_I1/Using_DSP48E1.DSP48E1_I1/Using_FPGA.DSP48E1_I1/A[29:0] is not pipelined. Pipelining DSP48 input will improve performance.
Related violations: <none>

DPIP-2#4 Warning
Input pipelining  
DSP xcl_design_i/expanded_region/memc/ddrmem_0/inst/u_ddr4_mem_intfc/u_ddr_cal_riu/mcs0/inst/microblaze_I/U0/MicroBlaze_Core_I/Performance.Core/Data_Flow_I/MUL_Unit_I/Use_HW_MUL.Using_DSP48_Architectures.dsp_module_I1/Using_DSP48E1.DSP48E1_I1/Using_FPGA.DSP48E1_I1 input xcl_design_i/expanded_region/memc/ddrmem_0/inst/u_ddr4_mem_intfc/u_ddr_cal_riu/mcs0/inst/microblaze_I/U0/MicroBlaze_Core_I/Performance.Core/Data_Flow_I/MUL_Unit_I/Use_HW_MUL.Using_DSP48_Architectures.dsp_module_I1/Using_DSP48E1.DSP48E1_I1/Using_FPGA.DSP48E1_I1/B[17:0] is not pipelined. Pipelining DSP48 input will improve performance.
Related violations: <none>

DPIP-2#5 Warning
Input pipelining  
DSP xcl_design_i/expanded_region/memc/ddrmem_1/inst/u_ddr4_mem_intfc/u_ddr_cal_riu/mcs0/inst/microblaze_I/U0/MicroBlaze_Core_I/Performance.Core/Data_Flow_I/MUL_Unit_I/Use_HW_MUL.Using_DSP48_Architectures.No_MUL64.dsp_module_I2/Using_DSP48E1.DSP48E1_I1/Using_FPGA.DSP48E1_I1 input xcl_design_i/expanded_region/memc/ddrmem_1/inst/u_ddr4_mem_intfc/u_ddr_cal_riu/mcs0/inst/microblaze_I/U0/MicroBlaze_Core_I/Performance.Core/Data_Flow_I/MUL_Unit_I/Use_HW_MUL.Using_DSP48_Architectures.No_MUL64.dsp_module_I2/Using_DSP48E1.DSP48E1_I1/Using_FPGA.DSP48E1_I1/A[29:0] is not pipelined. Pipelining DSP48 input will improve performance.
Related violations: <none>

DPIP-2#6 Warning
Input pipelining  
DSP xcl_design_i/expanded_region/memc/ddrmem_1/inst/u_ddr4_mem_intfc/u_ddr_cal_riu/mcs0/inst/microblaze_I/U0/MicroBlaze_Core_I/Performance.Core/Data_Flow_I/MUL_Unit_I/Use_HW_MUL.Using_DSP48_Architectures.No_MUL64.dsp_module_I2/Using_DSP48E1.DSP48E1_I1/Using_FPGA.DSP48E1_I1 input xcl_design_i/expanded_region/memc/ddrmem_1/inst/u_ddr4_mem_intfc/u_ddr_cal_riu/mcs0/inst/microblaze_I/U0/MicroBlaze_Core_I/Performance.Core/Data_Flow_I/MUL_Unit_I/Use_HW_MUL.Using_DSP48_Architectures.No_MUL64.dsp_module_I2/Using_DSP48E1.DSP48E1_I1/Using_FPGA.DSP48E1_I1/B[17:0] is not pipelined. Pipelining DSP48 input will improve performance.
Related violations: <none>

DPIP-2#7 Warning
Input pipelining  
DSP xcl_design_i/expanded_region/memc/ddrmem_1/inst/u_ddr4_mem_intfc/u_ddr_cal_riu/mcs0/inst/microblaze_I/U0/MicroBlaze_Core_I/Performance.Core/Data_Flow_I/MUL_Unit_I/Use_HW_MUL.Using_DSP48_Architectures.dsp_module_I1/Using_DSP48E1.DSP48E1_I1/Using_FPGA.DSP48E1_I1 input xcl_design_i/expanded_region/memc/ddrmem_1/inst/u_ddr4_mem_intfc/u_ddr_cal_riu/mcs0/inst/microblaze_I/U0/MicroBlaze_Core_I/Performance.Core/Data_Flow_I/MUL_Unit_I/Use_HW_MUL.Using_DSP48_Architectures.dsp_module_I1/Using_DSP48E1.DSP48E1_I1/Using_FPGA.DSP48E1_I1/A[29:0] is not pipelined. Pipelining DSP48 input will improve performance.
Related violations: <none>

DPIP-2#8 Warning
Input pipelining  
DSP xcl_design_i/expanded_region/memc/ddrmem_1/inst/u_ddr4_mem_intfc/u_ddr_cal_riu/mcs0/inst/microblaze_I/U0/MicroBlaze_Core_I/Performance.Core/Data_Flow_I/MUL_Unit_I/Use_HW_MUL.Using_DSP48_Architectures.dsp_module_I1/Using_DSP48E1.DSP48E1_I1/Using_FPGA.DSP48E1_I1 input xcl_design_i/expanded_region/memc/ddrmem_1/inst/u_ddr4_mem_intfc/u_ddr_cal_riu/mcs0/inst/microblaze_I/U0/MicroBlaze_Core_I/Performance.Core/Data_Flow_I/MUL_Unit_I/Use_HW_MUL.Using_DSP48_Architectures.dsp_module_I1/Using_DSP48E1.DSP48E1_I1/Using_FPGA.DSP48E1_I1/B[17:0] is not pipelined. Pipelining DSP48 input will improve performance.
Related violations: <none>

DPIP-2#9 Warning
Input pipelining  
DSP xcl_design_i/expanded_region/memc/ddrmem_2/inst/u_ddr4_mem_intfc/u_ddr_cal_riu/mcs0/inst/microblaze_I/U0/MicroBlaze_Core_I/Performance.Core/Data_Flow_I/MUL_Unit_I/Use_HW_MUL.Using_DSP48_Architectures.No_MUL64.dsp_module_I2/Using_DSP48E1.DSP48E1_I1/Using_FPGA.DSP48E1_I1 input xcl_design_i/expanded_region/memc/ddrmem_2/inst/u_ddr4_mem_intfc/u_ddr_cal_riu/mcs0/inst/microblaze_I/U0/MicroBlaze_Core_I/Performance.Core/Data_Flow_I/MUL_Unit_I/Use_HW_MUL.Using_DSP48_Architectures.No_MUL64.dsp_module_I2/Using_DSP48E1.DSP48E1_I1/Using_FPGA.DSP48E1_I1/A[29:0] is not pipelined. Pipelining DSP48 input will improve performance.
Related violations: <none>

DPIP-2#10 Warning
Input pipelining  
DSP xcl_design_i/expanded_region/memc/ddrmem_2/inst/u_ddr4_mem_intfc/u_ddr_cal_riu/mcs0/inst/microblaze_I/U0/MicroBlaze_Core_I/Performance.Core/Data_Flow_I/MUL_Unit_I/Use_HW_MUL.Using_DSP48_Architectures.No_MUL64.dsp_module_I2/Using_DSP48E1.DSP48E1_I1/Using_FPGA.DSP48E1_I1 input xcl_design_i/expanded_region/memc/ddrmem_2/inst/u_ddr4_mem_intfc/u_ddr_cal_riu/mcs0/inst/microblaze_I/U0/MicroBlaze_Core_I/Performance.Core/Data_Flow_I/MUL_Unit_I/Use_HW_MUL.Using_DSP48_Architectures.No_MUL64.dsp_module_I2/Using_DSP48E1.DSP48E1_I1/Using_FPGA.DSP48E1_I1/B[17:0] is not pipelined. Pipelining DSP48 input will improve performance.
Related violations: <none>

DPIP-2#11 Warning
Input pipelining  
DSP xcl_design_i/expanded_region/memc/ddrmem_2/inst/u_ddr4_mem_intfc/u_ddr_cal_riu/mcs0/inst/microblaze_I/U0/MicroBlaze_Core_I/Performance.Core/Data_Flow_I/MUL_Unit_I/Use_HW_MUL.Using_DSP48_Architectures.dsp_module_I1/Using_DSP48E1.DSP48E1_I1/Using_FPGA.DSP48E1_I1 input xcl_design_i/expanded_region/memc/ddrmem_2/inst/u_ddr4_mem_intfc/u_ddr_cal_riu/mcs0/inst/microblaze_I/U0/MicroBlaze_Core_I/Performance.Core/Data_Flow_I/MUL_Unit_I/Use_HW_MUL.Using_DSP48_Architectures.dsp_module_I1/Using_DSP48E1.DSP48E1_I1/Using_FPGA.DSP48E1_I1/A[29:0] is not pipelined. Pipelining DSP48 input will improve performance.
Related violations: <none>

DPIP-2#12 Warning
Input pipelining  
DSP xcl_design_i/expanded_region/memc/ddrmem_2/inst/u_ddr4_mem_intfc/u_ddr_cal_riu/mcs0/inst/microblaze_I/U0/MicroBlaze_Core_I/Performance.Core/Data_Flow_I/MUL_Unit_I/Use_HW_MUL.Using_DSP48_Architectures.dsp_module_I1/Using_DSP48E1.DSP48E1_I1/Using_FPGA.DSP48E1_I1 input xcl_design_i/expanded_region/memc/ddrmem_2/inst/u_ddr4_mem_intfc/u_ddr_cal_riu/mcs0/inst/microblaze_I/U0/MicroBlaze_Core_I/Performance.Core/Data_Flow_I/MUL_Unit_I/Use_HW_MUL.Using_DSP48_Architectures.dsp_module_I1/Using_DSP48E1.DSP48E1_I1/Using_FPGA.DSP48E1_I1/B[17:0] is not pipelined. Pipelining DSP48 input will improve performance.
Related violations: <none>

DPIP-2#13 Warning
Input pipelining  
DSP xcl_design_i/expanded_region/memc/ddrmem_3/inst/u_ddr4_mem_intfc/u_ddr_cal_riu/mcs0/inst/microblaze_I/U0/MicroBlaze_Core_I/Performance.Core/Data_Flow_I/MUL_Unit_I/Use_HW_MUL.Using_DSP48_Architectures.No_MUL64.dsp_module_I2/Using_DSP48E1.DSP48E1_I1/Using_FPGA.DSP48E1_I1 input xcl_design_i/expanded_region/memc/ddrmem_3/inst/u_ddr4_mem_intfc/u_ddr_cal_riu/mcs0/inst/microblaze_I/U0/MicroBlaze_Core_I/Performance.Core/Data_Flow_I/MUL_Unit_I/Use_HW_MUL.Using_DSP48_Architectures.No_MUL64.dsp_module_I2/Using_DSP48E1.DSP48E1_I1/Using_FPGA.DSP48E1_I1/A[29:0] is not pipelined. Pipelining DSP48 input will improve performance.
Related violations: <none>

DPIP-2#14 Warning
Input pipelining  
DSP xcl_design_i/expanded_region/memc/ddrmem_3/inst/u_ddr4_mem_intfc/u_ddr_cal_riu/mcs0/inst/microblaze_I/U0/MicroBlaze_Core_I/Performance.Core/Data_Flow_I/MUL_Unit_I/Use_HW_MUL.Using_DSP48_Architectures.No_MUL64.dsp_module_I2/Using_DSP48E1.DSP48E1_I1/Using_FPGA.DSP48E1_I1 input xcl_design_i/expanded_region/memc/ddrmem_3/inst/u_ddr4_mem_intfc/u_ddr_cal_riu/mcs0/inst/microblaze_I/U0/MicroBlaze_Core_I/Performance.Core/Data_Flow_I/MUL_Unit_I/Use_HW_MUL.Using_DSP48_Architectures.No_MUL64.dsp_module_I2/Using_DSP48E1.DSP48E1_I1/Using_FPGA.DSP48E1_I1/B[17:0] is not pipelined. Pipelining DSP48 input will improve performance.
Related violations: <none>

DPIP-2#15 Warning
Input pipelining  
DSP xcl_design_i/expanded_region/memc/ddrmem_3/inst/u_ddr4_mem_intfc/u_ddr_cal_riu/mcs0/inst/microblaze_I/U0/MicroBlaze_Core_I/Performance.Core/Data_Flow_I/MUL_Unit_I/Use_HW_MUL.Using_DSP48_Architectures.dsp_module_I1/Using_DSP48E1.DSP48E1_I1/Using_FPGA.DSP48E1_I1 input xcl_design_i/expanded_region/memc/ddrmem_3/inst/u_ddr4_mem_intfc/u_ddr_cal_riu/mcs0/inst/microblaze_I/U0/MicroBlaze_Core_I/Performance.Core/Data_Flow_I/MUL_Unit_I/Use_HW_MUL.Using_DSP48_Architectures.dsp_module_I1/Using_DSP48E1.DSP48E1_I1/Using_FPGA.DSP48E1_I1/A[29:0] is not pipelined. Pipelining DSP48 input will improve performance.
Related violations: <none>

DPIP-2#16 Warning
Input pipelining  
DSP xcl_design_i/expanded_region/memc/ddrmem_3/inst/u_ddr4_mem_intfc/u_ddr_cal_riu/mcs0/inst/microblaze_I/U0/MicroBlaze_Core_I/Performance.Core/Data_Flow_I/MUL_Unit_I/Use_HW_MUL.Using_DSP48_Architectures.dsp_module_I1/Using_DSP48E1.DSP48E1_I1/Using_FPGA.DSP48E1_I1 input xcl_design_i/expanded_region/memc/ddrmem_3/inst/u_ddr4_mem_intfc/u_ddr_cal_riu/mcs0/inst/microblaze_I/U0/MicroBlaze_Core_I/Performance.Core/Data_Flow_I/MUL_Unit_I/Use_HW_MUL.Using_DSP48_Architectures.dsp_module_I1/Using_DSP48E1.DSP48E1_I1/Using_FPGA.DSP48E1_I1/B[17:0] is not pipelined. Pipelining DSP48 input will improve performance.
Related violations: <none>

DPOP-3#1 Warning
PREG Output pipelining  
DSP xcl_design_i/expanded_region/memc/ddrmem_0/inst/u_ddr4_mem_intfc/u_ddr_cal_riu/mcs0/inst/microblaze_I/U0/MicroBlaze_Core_I/Performance.Core/Data_Flow_I/MUL_Unit_I/Use_HW_MUL.Using_DSP48_Architectures.No_MUL64.dsp_module_I3/Using_DSP48E1.DSP48E1_I1/Using_FPGA.DSP48E1_I1 output xcl_design_i/expanded_region/memc/ddrmem_0/inst/u_ddr4_mem_intfc/u_ddr_cal_riu/mcs0/inst/microblaze_I/U0/MicroBlaze_Core_I/Performance.Core/Data_Flow_I/MUL_Unit_I/Use_HW_MUL.Using_DSP48_Architectures.No_MUL64.dsp_module_I3/Using_DSP48E1.DSP48E1_I1/Using_FPGA.DSP48E1_I1/P[47:0] is not pipelined (PREG=0). Pipelining the DSP48 output will improve performance and often saves power so it is suggested whenever possible to fully pipeline this function.  If this DSP48 function was inferred, it is suggested to describe an additional register stage after this function.  If the DSP48 was instantiated in the design, it is suggested to set the PREG attribute to 1.
Related violations: <none>

DPOP-3#2 Warning
PREG Output pipelining  
DSP xcl_design_i/expanded_region/memc/ddrmem_1/inst/u_ddr4_mem_intfc/u_ddr_cal_riu/mcs0/inst/microblaze_I/U0/MicroBlaze_Core_I/Performance.Core/Data_Flow_I/MUL_Unit_I/Use_HW_MUL.Using_DSP48_Architectures.No_MUL64.dsp_module_I3/Using_DSP48E1.DSP48E1_I1/Using_FPGA.DSP48E1_I1 output xcl_design_i/expanded_region/memc/ddrmem_1/inst/u_ddr4_mem_intfc/u_ddr_cal_riu/mcs0/inst/microblaze_I/U0/MicroBlaze_Core_I/Performance.Core/Data_Flow_I/MUL_Unit_I/Use_HW_MUL.Using_DSP48_Architectures.No_MUL64.dsp_module_I3/Using_DSP48E1.DSP48E1_I1/Using_FPGA.DSP48E1_I1/P[47:0] is not pipelined (PREG=0). Pipelining the DSP48 output will improve performance and often saves power so it is suggested whenever possible to fully pipeline this function.  If this DSP48 function was inferred, it is suggested to describe an additional register stage after this function.  If the DSP48 was instantiated in the design, it is suggested to set the PREG attribute to 1.
Related violations: <none>

DPOP-3#3 Warning
PREG Output pipelining  
DSP xcl_design_i/expanded_region/memc/ddrmem_2/inst/u_ddr4_mem_intfc/u_ddr_cal_riu/mcs0/inst/microblaze_I/U0/MicroBlaze_Core_I/Performance.Core/Data_Flow_I/MUL_Unit_I/Use_HW_MUL.Using_DSP48_Architectures.No_MUL64.dsp_module_I3/Using_DSP48E1.DSP48E1_I1/Using_FPGA.DSP48E1_I1 output xcl_design_i/expanded_region/memc/ddrmem_2/inst/u_ddr4_mem_intfc/u_ddr_cal_riu/mcs0/inst/microblaze_I/U0/MicroBlaze_Core_I/Performance.Core/Data_Flow_I/MUL_Unit_I/Use_HW_MUL.Using_DSP48_Architectures.No_MUL64.dsp_module_I3/Using_DSP48E1.DSP48E1_I1/Using_FPGA.DSP48E1_I1/P[47:0] is not pipelined (PREG=0). Pipelining the DSP48 output will improve performance and often saves power so it is suggested whenever possible to fully pipeline this function.  If this DSP48 function was inferred, it is suggested to describe an additional register stage after this function.  If the DSP48 was instantiated in the design, it is suggested to set the PREG attribute to 1.
Related violations: <none>

DPOP-3#4 Warning
PREG Output pipelining  
DSP xcl_design_i/expanded_region/memc/ddrmem_3/inst/u_ddr4_mem_intfc/u_ddr_cal_riu/mcs0/inst/microblaze_I/U0/MicroBlaze_Core_I/Performance.Core/Data_Flow_I/MUL_Unit_I/Use_HW_MUL.Using_DSP48_Architectures.No_MUL64.dsp_module_I3/Using_DSP48E1.DSP48E1_I1/Using_FPGA.DSP48E1_I1 output xcl_design_i/expanded_region/memc/ddrmem_3/inst/u_ddr4_mem_intfc/u_ddr_cal_riu/mcs0/inst/microblaze_I/U0/MicroBlaze_Core_I/Performance.Core/Data_Flow_I/MUL_Unit_I/Use_HW_MUL.Using_DSP48_Architectures.No_MUL64.dsp_module_I3/Using_DSP48E1.DSP48E1_I1/Using_FPGA.DSP48E1_I1/P[47:0] is not pipelined (PREG=0). Pipelining the DSP48 output will improve performance and often saves power so it is suggested whenever possible to fully pipeline this function.  If this DSP48 function was inferred, it is suggested to describe an additional register stage after this function.  If the DSP48 was instantiated in the design, it is suggested to set the PREG attribute to 1.
Related violations: <none>

DPOP-4#1 Warning
MREG Output pipelining  
DSP xcl_design_i/expanded_region/memc/ddrmem_0/inst/u_ddr4_mem_intfc/u_ddr_cal_riu/mcs0/inst/microblaze_I/U0/MicroBlaze_Core_I/Performance.Core/Data_Flow_I/MUL_Unit_I/Use_HW_MUL.Using_DSP48_Architectures.dsp_module_I1/Using_DSP48E1.DSP48E1_I1/Using_FPGA.DSP48E1_I1 multiplier stage xcl_design_i/expanded_region/memc/ddrmem_0/inst/u_ddr4_mem_intfc/u_ddr_cal_riu/mcs0/inst/microblaze_I/U0/MicroBlaze_Core_I/Performance.Core/Data_Flow_I/MUL_Unit_I/Use_HW_MUL.Using_DSP48_Architectures.dsp_module_I1/Using_DSP48E1.DSP48E1_I1/Using_FPGA.DSP48E1_I1/P[47:0] is not pipelined (MREG=0). Pipelining the multiplier function will improve performance and will save significant power so it is suggested whenever possible to fully pipeline this function.  If this multiplier was inferred, it is suggested to describe an additional register stage after this function.  If there is no registered adder/accumulator following the multiply function, two pipeline stages are suggested to allow both the MREG and PREG registers to be used.  If the DSP48 was instantiated in the design, it is suggested to set both the MREG and PREG attributes to 1 when performing multiply functions.
Related violations: <none>

DPOP-4#2 Warning
MREG Output pipelining  
DSP xcl_design_i/expanded_region/memc/ddrmem_1/inst/u_ddr4_mem_intfc/u_ddr_cal_riu/mcs0/inst/microblaze_I/U0/MicroBlaze_Core_I/Performance.Core/Data_Flow_I/MUL_Unit_I/Use_HW_MUL.Using_DSP48_Architectures.dsp_module_I1/Using_DSP48E1.DSP48E1_I1/Using_FPGA.DSP48E1_I1 multiplier stage xcl_design_i/expanded_region/memc/ddrmem_1/inst/u_ddr4_mem_intfc/u_ddr_cal_riu/mcs0/inst/microblaze_I/U0/MicroBlaze_Core_I/Performance.Core/Data_Flow_I/MUL_Unit_I/Use_HW_MUL.Using_DSP48_Architectures.dsp_module_I1/Using_DSP48E1.DSP48E1_I1/Using_FPGA.DSP48E1_I1/P[47:0] is not pipelined (MREG=0). Pipelining the multiplier function will improve performance and will save significant power so it is suggested whenever possible to fully pipeline this function.  If this multiplier was inferred, it is suggested to describe an additional register stage after this function.  If there is no registered adder/accumulator following the multiply function, two pipeline stages are suggested to allow both the MREG and PREG registers to be used.  If the DSP48 was instantiated in the design, it is suggested to set both the MREG and PREG attributes to 1 when performing multiply functions.
Related violations: <none>

DPOP-4#3 Warning
MREG Output pipelining  
DSP xcl_design_i/expanded_region/memc/ddrmem_2/inst/u_ddr4_mem_intfc/u_ddr_cal_riu/mcs0/inst/microblaze_I/U0/MicroBlaze_Core_I/Performance.Core/Data_Flow_I/MUL_Unit_I/Use_HW_MUL.Using_DSP48_Architectures.dsp_module_I1/Using_DSP48E1.DSP48E1_I1/Using_FPGA.DSP48E1_I1 multiplier stage xcl_design_i/expanded_region/memc/ddrmem_2/inst/u_ddr4_mem_intfc/u_ddr_cal_riu/mcs0/inst/microblaze_I/U0/MicroBlaze_Core_I/Performance.Core/Data_Flow_I/MUL_Unit_I/Use_HW_MUL.Using_DSP48_Architectures.dsp_module_I1/Using_DSP48E1.DSP48E1_I1/Using_FPGA.DSP48E1_I1/P[47:0] is not pipelined (MREG=0). Pipelining the multiplier function will improve performance and will save significant power so it is suggested whenever possible to fully pipeline this function.  If this multiplier was inferred, it is suggested to describe an additional register stage after this function.  If there is no registered adder/accumulator following the multiply function, two pipeline stages are suggested to allow both the MREG and PREG registers to be used.  If the DSP48 was instantiated in the design, it is suggested to set both the MREG and PREG attributes to 1 when performing multiply functions.
Related violations: <none>

DPOP-4#4 Warning
MREG Output pipelining  
DSP xcl_design_i/expanded_region/memc/ddrmem_3/inst/u_ddr4_mem_intfc/u_ddr_cal_riu/mcs0/inst/microblaze_I/U0/MicroBlaze_Core_I/Performance.Core/Data_Flow_I/MUL_Unit_I/Use_HW_MUL.Using_DSP48_Architectures.dsp_module_I1/Using_DSP48E1.DSP48E1_I1/Using_FPGA.DSP48E1_I1 multiplier stage xcl_design_i/expanded_region/memc/ddrmem_3/inst/u_ddr4_mem_intfc/u_ddr_cal_riu/mcs0/inst/microblaze_I/U0/MicroBlaze_Core_I/Performance.Core/Data_Flow_I/MUL_Unit_I/Use_HW_MUL.Using_DSP48_Architectures.dsp_module_I1/Using_DSP48E1.DSP48E1_I1/Using_FPGA.DSP48E1_I1/P[47:0] is not pipelined (MREG=0). Pipelining the multiplier function will improve performance and will save significant power so it is suggested whenever possible to fully pipeline this function.  If this multiplier was inferred, it is suggested to describe an additional register stage after this function.  If there is no registered adder/accumulator following the multiply function, two pipeline stages are suggested to allow both the MREG and PREG registers to be used.  If the DSP48 was instantiated in the design, it is suggested to set both the MREG and PREG attributes to 1 when performing multiply functions.
Related violations: <none>

FLBO-1#1 Warning
Pblock overlap  - PBlock:pblock_ddrmem_0
pblock_ddrmem_0 overlaps with pblock_lower, pblock_expanded_region : 99.60% 94.95% .
Related violations: <none>

FLBO-1#2 Warning
Pblock overlap  - PBlock:pblock_ddrmem_1
pblock_ddrmem_1 overlaps with pblock_expanded_region : 92.11% .
Related violations: <none>

FLBO-1#3 Warning
Pblock overlap  - PBlock:pblock_ddrmem_2
pblock_ddrmem_2 overlaps with pblock_expanded_region : 94.74% .
Related violations: <none>

FLBO-1#4 Warning
Pblock overlap  - PBlock:pblock_ddrmem_3
pblock_ddrmem_3 overlaps with pblock_expanded_region : 92.11% .
Related violations: <none>

FLBO-1#5 Warning
Pblock overlap  - PBlock:pblock_lower
pblock_lower overlaps with pblock_expanded_region : 97.27% .
Related violations: <none>

FLBO-1#6 Warning
Pblock overlap  - PBlock:pblock_upper
pblock_upper overlaps with pblock_expanded_region : 96.70% .
Related violations: <none>

PLCK-58#1 Warning
Clock Placer Checks  
Sub-optimal placement for a global clock-capable IO pin and BUFG pair.
Resolution: A dedicated routing path between the two can be used if: (a) The global clock-capable IO (GCIO) is placed on a GCIO capable site (b) The BUFG is placed in the same bank of the device as the GCIO pin. Both the above conditions must be met at the same time, else it may lead to longer and less predictable clock insertion delays.
 This is normally an ERROR but the CLOCK_DEDICATED_ROUTE constraint is set to FALSE allowing your design to continue. The use of this override is highly discouraged as it may lead to very poor timing results. It is recommended that this error condition be corrected in the design.

	xcl_design_i/base_region/pr_isolation_expanded/iob_static/inst/emc_clk_ibuf/IBUFCTRL_INST (in xcl_design_i/base_region/pr_isolation_expanded/iob_static/inst/emc_clk_ibuf macro) (IBUFCTRL.O) is locked to AL27 (in SLR 0)
	xcl_design_i/base_region/pr_isolation_expanded/iob_static/inst/emc_clk_bufg (BUFGCE.I) cannot be placed

Related violations: <none>

HDPRA-53#1 Advisory
Edge with Location Constraints  
Static Logic contains edges with location constraints that may impact implementation results.  It is best to create an EXCLUDE_PLACEMENT static pblock to cover the edge which prevents unnecessary logic from getting placed in narrow gap.  TAG='pblock_expanded_region'.  Sites on edge: SLICE_X142Y119, SLICE_X140Y119, SLICE_X141Y119, SLICE_X138Y119, SLICE_X139Y119, SLICE_X136Y119, SLICE_X137Y119, SLICE_X134Y119, SLICE_X135Y119, SLICE_X133Y119, SLICE_X131Y119, SLICE_X132Y119, SLICE_X129Y119, SLICE_X130Y119, SLICE_X129Y119, SLICE_X130Y119, SLICE_X128Y119, SLICE_X126Y119, SLICE_X127Y119, SLICE_X125Y119, SLICE_X123Y119, SLICE_X124Y119, SLICE_X142Y118, SLICE_X140Y118, SLICE_X141Y118, SLICE_X138Y118, SLICE_X139Y118, SLICE_X136Y118, SLICE_X137Y118, SLICE_X134Y118, SLICE_X135Y118, SLICE_X133Y118, SLICE_X131Y118, SLICE_X132Y118, SLICE_X129Y118, SLICE_X130Y118, SLICE_X129Y118, SLICE_X130Y118, SLICE_X128Y118, SLICE_X126Y118, SLICE_X127Y118, SLICE_X125Y118, SLICE_X123Y118, SLICE_X124Y118, SLICE_X142Y117, SLICE_X140Y117, SLICE_X141Y117, SLICE_X138Y117, SLICE_X139Y117, SLICE_X136Y117, SLICE_X137Y117, SLICE_X134Y117, SLICE_X135Y117, SLICE_X133Y117, SLICE_X131Y117, SLICE_X132Y117, SLICE_X129Y117, SLICE_X130Y117, SLICE_X129Y117, SLICE_X130Y117, SLICE_X128Y117, SLICE_X126Y117, SLICE_X127Y117, SLICE_X125Y117, SLICE_X123Y117, SLICE_X124Y117, SLICE_X142Y116, SLICE_X140Y116, SLICE_X141Y116, SLICE_X138Y116, SLICE_X139Y116, SLICE_X136Y116, SLICE_X137Y116, SLICE_X134Y116, SLICE_X135Y116, SLICE_X133Y116, SLICE_X131Y116, SLICE_X132Y116, SLICE_X129Y116, SLICE_X130Y116, SLICE_X129Y116, SLICE_X130Y116, SLICE_X128Y116, SLICE_X126Y116, SLICE_X127Y116, SLICE_X125Y116, SLICE_X123Y116, SLICE_X124Y116, SLICE_X142Y115, SLICE_X140Y115, SLICE_X141Y115, SLICE_X138Y115, SLICE_X139Y115, SLICE_X136Y115, SLICE_X137Y115, SLICE_X134Y115, SLICE_X135Y115, RAMB18_X17Y47, RAMB18_X17Y46, RAMB36_X17Y23, SLICE_X133Y115, SLICE_X131Y115, SLICE_X132Y115, SLICE_X129Y115, SLICE_X130Y115, SLICE_X129Y115, SLICE_X130Y115, RAMB18_X16Y47, RAMB18_X16Y46, RAMB36_X16Y23, SLICE_X128Y115, SLICE_X126Y115, SLICE_X127Y115, RAMB18_X15Y47, RAMB18_X15Y46, RAMB36_X15Y23, SLICE_X125Y115, SLICE_X123Y115, SLICE_X124Y115, SLICE_X142Y114, SLICE_X140Y114, SLICE_X141Y114, SLICE_X138Y114, SLICE_X139Y114, SLICE_X136Y114, SLICE_X137Y114, SLICE_X134Y114, SLICE_X135Y114, SLICE_X133Y114, SLICE_X131Y114, SLICE_X132Y114, SLICE_X129Y114, SLICE_X130Y114, SLICE_X129Y114, SLICE_X130Y114, SLICE_X128Y114, SLICE_X126Y114, SLICE_X127Y114, SLICE_X125Y114, SLICE_X123Y114, SLICE_X124Y114, SLICE_X142Y113, SLICE_X140Y113, SLICE_X141Y113, SLICE_X138Y113, SLICE_X139Y113, SLICE_X136Y113, SLICE_X137Y113, SLICE_X134Y113, SLICE_X135Y113, SLICE_X133Y113, SLICE_X131Y113, SLICE_X132Y113, SLICE_X129Y113, SLICE_X130Y113, SLICE_X129Y113, SLICE_X130Y113, SLICE_X128Y113, SLICE_X126Y113, SLICE_X127Y113, SLICE_X125Y113, SLICE_X123Y113, SLICE_X124Y113, SLICE_X142Y112, SLICE_X140Y112, SLICE_X141Y112, SLICE_X138Y112, SLICE_X139Y112, SLICE_X136Y112, SLICE_X137Y112, SLICE_X134Y112, SLICE_X135Y112, SLICE_X133Y112, SLICE_X131Y112, SLICE_X132Y112, SLICE_X129Y112, SLICE_X130Y112, SLICE_X129Y112, SLICE_X130Y112, SLICE_X128Y112, SLICE_X126Y112, SLICE_X127Y112, SLICE_X125Y112, SLICE_X123Y112, SLICE_X124Y112, SLICE_X142Y111, SLICE_X140Y111, SLICE_X141Y111, SLICE_X138Y111, SLICE_X139Y111, SLICE_X136Y111, SLICE_X137Y111, SLICE_X134Y111, SLICE_X135Y111, SLICE_X133Y111, SLICE_X131Y111, SLICE_X132Y111, SLICE_X129Y111, SLICE_X130Y111, SLICE_X129Y111, SLICE_X130Y111, SLICE_X128Y111, SLICE_X126Y111, SLICE_X127Y111, SLICE_X125Y111, SLICE_X123Y111, SLICE_X124Y111, SLICE_X142Y110, SLICE_X140Y110, SLICE_X141Y110, SLICE_X138Y110, SLICE_X139Y110, SLICE_X136Y110, SLICE_X137Y110, SLICE_X134Y110, SLICE_X135Y110, RAMB18_X17Y45, RAMB18_X17Y44, RAMB36_X17Y22, SLICE_X133Y110, SLICE_X131Y110, SLICE_X132Y110, SLICE_X129Y110, SLICE_X130Y110, SLICE_X129Y110, SLICE_X130Y110, RAMB18_X16Y45, RAMB18_X16Y44, RAMB36_X16Y22, SLICE_X128Y110, SLICE_X126Y110, SLICE_X127Y110, RAMB18_X15Y45, RAMB18_X15Y44, RAMB36_X15Y22, SLICE_X125Y110, SLICE_X123Y110, SLICE_X124Y110, SLICE_X142Y109, SLICE_X140Y109, SLICE_X141Y109, SLICE_X138Y109, SLICE_X139Y109, SLICE_X136Y109, SLICE_X137Y109, SLICE_X134Y109, SLICE_X135Y109, SLICE_X133Y109, SLICE_X131Y109, SLICE_X132Y109, SLICE_X129Y109, SLICE_X130Y109, SLICE_X129Y109, SLICE_X130Y109, SLICE_X128Y109, SLICE_X126Y109, SLICE_X127Y109, SLICE_X125Y109, SLICE_X123Y109, SLICE_X124Y109, SLICE_X142Y108, SLICE_X140Y108, SLICE_X141Y108, SLICE_X138Y108, SLICE_X139Y108, SLICE_X136Y108, SLICE_X137Y108, SLICE_X134Y108, SLICE_X135Y108, SLICE_X133Y108, SLICE_X131Y108, SLICE_X132Y108, SLICE_X129Y108, SLICE_X130Y108, SLICE_X129Y108, SLICE_X130Y108, SLICE_X128Y108, SLICE_X126Y108, SLICE_X127Y108, SLICE_X125Y108, SLICE_X123Y108, SLICE_X124Y108, SLICE_X142Y107, SLICE_X140Y107, SLICE_X141Y107, SLICE_X138Y107, SLICE_X139Y107, SLICE_X136Y107, SLICE_X137Y107, SLICE_X134Y107, SLICE_X135Y107, SLICE_X133Y107, SLICE_X131Y107, SLICE_X132Y107, SLICE_X129Y107, SLICE_X130Y107, SLICE_X129Y107, SLICE_X130Y107, SLICE_X128Y107, SLICE_X126Y107, SLICE_X127Y107, SLICE_X125Y107, SLICE_X123Y107, SLICE_X124Y107, SLICE_X142Y106, SLICE_X140Y106, SLICE_X141Y106, SLICE_X138Y106, SLICE_X139Y106, SLICE_X136Y106, SLICE_X137Y106, SLICE_X134Y106, SLICE_X135Y106, SLICE_X133Y106, SLICE_X131Y106, SLICE_X132Y106, SLICE_X129Y106, SLICE_X130Y106, SLICE_X129Y106, SLICE_X130Y106, SLICE_X128Y106, SLICE_X126Y106, SLICE_X127Y106, SLICE_X125Y106, SLICE_X123Y106, SLICE_X124Y106, SLICE_X142Y105, SLICE_X140Y105, SLICE_X141Y105, SLICE_X138Y105, SLICE_X139Y105, SLICE_X136Y105, SLICE_X137Y105, SLICE_X134Y105, SLICE_X135Y105, RAMB18_X17Y43, RAMB18_X17Y42, RAMB36_X17Y21, SLICE_X133Y105, SLICE_X131Y105, SLICE_X132Y105, SLICE_X129Y105, SLICE_X130Y105, SLICE_X129Y105, SLICE_X130Y105, RAMB18_X16Y43, RAMB18_X16Y42, RAMB36_X16Y21, SLICE_X128Y105, SLICE_X126Y105, SLICE_X127Y105, RAMB18_X15Y43, RAMB18_X15Y42, RAMB36_X15Y21, SLICE_X125Y105, SLICE_X123Y105, SLICE_X124Y105, SLICE_X142Y104, SLICE_X140Y104, SLICE_X141Y104, SLICE_X138Y104, SLICE_X139Y104, SLICE_X136Y104, SLICE_X137Y104, SLICE_X134Y104, SLICE_X135Y104, SLICE_X133Y104, SLICE_X131Y104, SLICE_X132Y104, SLICE_X129Y104, SLICE_X130Y104, SLICE_X129Y104, SLICE_X130Y104, SLICE_X128Y104, SLICE_X126Y104, SLICE_X127Y104, SLICE_X125Y104, SLICE_X123Y104, SLICE_X124Y104, SLICE_X142Y103, SLICE_X140Y103, SLICE_X141Y103, SLICE_X138Y103, SLICE_X139Y103, SLICE_X136Y103, SLICE_X137Y103, SLICE_X134Y103, SLICE_X135Y103, SLICE_X133Y103, SLICE_X131Y103, SLICE_X132Y103, SLICE_X129Y103, SLICE_X130Y103, SLICE_X129Y103, SLICE_X130Y103, SLICE_X128Y103, SLICE_X126Y103, SLICE_X127Y103, SLICE_X125Y103, SLICE_X123Y103, SLICE_X124Y103, SLICE_X142Y102, SLICE_X140Y102, SLICE_X141Y102, SLICE_X138Y102, SLICE_X139Y102, SLICE_X136Y102, SLICE_X137Y102, SLICE_X134Y102, SLICE_X135Y102, SLICE_X133Y102, SLICE_X131Y102, SLICE_X132Y102, SLICE_X129Y102, SLICE_X130Y102, SLICE_X129Y102, SLICE_X130Y102, SLICE_X128Y102, SLICE_X126Y102, SLICE_X127Y102, SLICE_X125Y102, SLICE_X123Y102, SLICE_X124Y102, SLICE_X142Y101, SLICE_X140Y101, SLICE_X141Y101, SLICE_X138Y101, SLICE_X139Y101, SLICE_X136Y101, SLICE_X137Y101, SLICE_X134Y101, SLICE_X135Y101, SLICE_X133Y101, SLICE_X131Y101, SLICE_X132Y101, SLICE_X129Y101, SLICE_X130Y101, SLICE_X129Y101, SLICE_X130Y101, SLICE_X128Y101, SLICE_X126Y101, SLICE_X127Y101, SLICE_X125Y101, SLICE_X123Y101, SLICE_X124Y101, SLICE_X142Y100, SLICE_X140Y100, SLICE_X141Y100, SLICE_X138Y100, SLICE_X139Y100, SLICE_X136Y100, SLICE_X137Y100, SLICE_X134Y100, SLICE_X135Y100, RAMB18_X17Y41, RAMB18_X17Y40, RAMB36_X17Y20, SLICE_X133Y100, SLICE_X131Y100, SLICE_X132Y100, SLICE_X129Y100, SLICE_X130Y100, SLICE_X129Y100, SLICE_X130Y100, RAMB18_X16Y41, RAMB18_X16Y40, RAMB36_X16Y20, SLICE_X128Y100, SLICE_X126Y100, SLICE_X127Y100, RAMB18_X15Y41, RAMB18_X15Y40, RAMB36_X15Y20, SLICE_X125Y100, SLICE_X123Y100, SLICE_X124Y100, SLICE_X142Y99, SLICE_X140Y99, SLICE_X141Y99, SLICE_X138Y99, SLICE_X139Y99, SLICE_X136Y99, SLICE_X137Y99, SLICE_X134Y99, SLICE_X135Y99, SLICE_X133Y99, SLICE_X131Y99, SLICE_X132Y99, SLICE_X129Y99, SLICE_X130Y99, SLICE_X129Y99, SLICE_X130Y99, SLICE_X128Y99, SLICE_X126Y99, SLICE_X127Y99, SLICE_X125Y99, SLICE_X123Y99, SLICE_X124Y99, SLICE_X142Y98, SLICE_X140Y98, SLICE_X141Y98, SLICE_X138Y98, SLICE_X139Y98, SLICE_X136Y98, SLICE_X137Y98, SLICE_X134Y98, SLICE_X135Y98, SLICE_X133Y98, SLICE_X131Y98, SLICE_X132Y98, SLICE_X129Y98, SLICE_X130Y98, SLICE_X129Y98, SLICE_X130Y98, SLICE_X128Y98, SLICE_X126Y98, SLICE_X127Y98, SLICE_X125Y98, SLICE_X123Y98, SLICE_X124Y98, SLICE_X142Y97, SLICE_X140Y97, SLICE_X141Y97, SLICE_X138Y97, SLICE_X139Y97, SLICE_X136Y97, SLICE_X137Y97, SLICE_X134Y97, SLICE_X135Y97, SLICE_X133Y97, SLICE_X131Y97, SLICE_X132Y97, SLICE_X129Y97, SLICE_X130Y97, SLICE_X129Y97, SLICE_X130Y97, SLICE_X128Y97, SLICE_X126Y97, SLICE_X127Y97, SLICE_X125Y97, SLICE_X123Y97, SLICE_X124Y97, SLICE_X142Y96, SLICE_X140Y96, SLICE_X141Y96, SLICE_X138Y96, SLICE_X139Y96, SLICE_X136Y96, SLICE_X137Y96, SLICE_X134Y96, SLICE_X135Y96, SLICE_X133Y96, SLICE_X131Y96, SLICE_X132Y96, SLICE_X129Y96, SLICE_X130Y96, SLICE_X129Y96, SLICE_X130Y96, SLICE_X128Y96, SLICE_X126Y96, SLICE_X127Y96, SLICE_X125Y96, SLICE_X123Y96, SLICE_X124Y96, SLICE_X142Y95, SLICE_X140Y95, SLICE_X141Y95, SLICE_X138Y95, SLICE_X139Y95, SLICE_X136Y95, SLICE_X137Y95, SLICE_X134Y95, SLICE_X135Y95, RAMB18_X17Y39, RAMB18_X17Y38, RAMB36_X17Y19, SLICE_X133Y95, SLICE_X131Y95, SLICE_X132Y95, SLICE_X129Y95, SLICE_X130Y95, SLICE_X129Y95, SLICE_X130Y95, RAMB18_X16Y39, RAMB18_X16Y38, RAMB36_X16Y19, SLICE_X128Y95, SLICE_X126Y95, SLICE_X127Y95, RAMB18_X15Y39, RAMB18_X15Y38, RAMB36_X15Y19, SLICE_X125Y95, SLICE_X123Y95, SLICE_X124Y95, SLICE_X142Y94, SLICE_X140Y94, SLICE_X141Y94, SLICE_X138Y94, SLICE_X139Y94, SLICE_X136Y94, SLICE_X137Y94, SLICE_X134Y94, SLICE_X135Y94, SLICE_X133Y94, SLICE_X131Y94, SLICE_X132Y94, SLICE_X129Y94, SLICE_X130Y94, SLICE_X129Y94, SLICE_X130Y94, SLICE_X128Y94, SLICE_X126Y94, SLICE_X127Y94, SLICE_X125Y94, SLICE_X123Y94, SLICE_X124Y94, SLICE_X142Y93, SLICE_X140Y93, SLICE_X141Y93, SLICE_X138Y93, SLICE_X139Y93, SLICE_X136Y93, SLICE_X137Y93, SLICE_X134Y93, SLICE_X135Y93, SLICE_X133Y93, SLICE_X131Y93, SLICE_X132Y93, SLICE_X129Y93, SLICE_X130Y93, SLICE_X129Y93, SLICE_X130Y93, SLICE_X128Y93, SLICE_X126Y93, SLICE_X127Y93, SLICE_X125Y93, SLICE_X123Y93, SLICE_X124Y93, SLICE_X142Y92, SLICE_X140Y92, SLICE_X141Y92, SLICE_X138Y92, SLICE_X139Y92, SLICE_X136Y92, SLICE_X137Y92, SLICE_X134Y92, SLICE_X135Y92, SLICE_X133Y92, SLICE_X131Y92, SLICE_X132Y92, SLICE_X129Y92, SLICE_X130Y92, SLICE_X129Y92, SLICE_X130Y92, SLICE_X128Y92, SLICE_X126Y92, SLICE_X127Y92, SLICE_X125Y92, SLICE_X123Y92, SLICE_X124Y92, SLICE_X142Y91, SLICE_X140Y91, SLICE_X141Y91, SLICE_X138Y91, SLICE_X139Y91, SLICE_X136Y91, SLICE_X137Y91, SLICE_X134Y91, SLICE_X135Y91, SLICE_X133Y91, SLICE_X131Y91, SLICE_X132Y91, SLICE_X129Y91, SLICE_X130Y91, SLICE_X129Y91, SLICE_X130Y91, SLICE_X128Y91, SLICE_X126Y91, SLICE_X127Y91, SLICE_X125Y91, SLICE_X123Y91, SLICE_X124Y91, SLICE_X142Y90, SLICE_X140Y90, SLICE_X141Y90, SLICE_X138Y90, SLICE_X139Y90, SLICE_X136Y90, SLICE_X137Y90, SLICE_X134Y90, SLICE_X135Y90, RAMB18_X17Y37, RAMB18_X17Y36, RAMB36_X17Y18, SLICE_X133Y90, SLICE_X131Y90, SLICE_X132Y90, SLICE_X129Y90, SLICE_X130Y90, SLICE_X129Y90, SLICE_X130Y90, RAMB18_X16Y37, RAMB18_X16Y36, RAMB36_X16Y18, SLICE_X128Y90, SLICE_X126Y90, SLICE_X127Y90, RAMB18_X15Y37, RAMB18_X15Y36, RAMB36_X15Y18, SLICE_X125Y90, SLICE_X123Y90, SLICE_X124Y90, SLICE_X142Y89, SLICE_X140Y89, SLICE_X141Y89, SLICE_X138Y89, SLICE_X139Y89, SLICE_X136Y89, SLICE_X137Y89, SLICE_X134Y89, SLICE_X135Y89, SLICE_X133Y89, SLICE_X131Y89, SLICE_X132Y89, SLICE_X129Y89, SLICE_X130Y89, SLICE_X129Y89, SLICE_X130Y89, SLICE_X128Y89, SLICE_X126Y89, SLICE_X127Y89, SLICE_X125Y89, SLICE_X123Y89, SLICE_X124Y89, SLICE_X142Y88, SLICE_X140Y88, SLICE_X141Y88, SLICE_X138Y88, SLICE_X139Y88, SLICE_X136Y88, SLICE_X137Y88, SLICE_X134Y88, SLICE_X135Y88, SLICE_X133Y88, SLICE_X131Y88, SLICE_X132Y88, SLICE_X129Y88, SLICE_X130Y88, SLICE_X129Y88, SLICE_X130Y88, SLICE_X128Y88, SLICE_X126Y88, SLICE_X127Y88, SLICE_X125Y88, SLICE_X123Y88, SLICE_X124Y88, SLICE_X142Y87, SLICE_X140Y87, SLICE_X141Y87, SLICE_X138Y87, SLICE_X139Y87, SLICE_X136Y87, SLICE_X137Y87, SLICE_X134Y87, SLICE_X135Y87, SLICE_X133Y87, SLICE_X131Y87, SLICE_X132Y87, SLICE_X129Y87, SLICE_X130Y87, SLICE_X129Y87, SLICE_X130Y87, SLICE_X128Y87, SLICE_X126Y87, SLICE_X127Y87, SLICE_X125Y87, SLICE_X123Y87, SLICE_X124Y87, SLICE_X142Y86, SLICE_X140Y86, SLICE_X141Y86, SLICE_X138Y86, SLICE_X139Y86, SLICE_X136Y86, SLICE_X137Y86, SLICE_X134Y86, SLICE_X135Y86, SLICE_X133Y86, SLICE_X131Y86, SLICE_X132Y86, SLICE_X129Y86, SLICE_X130Y86, SLICE_X129Y86, SLICE_X130Y86, SLICE_X128Y86, SLICE_X126Y86, SLICE_X127Y86, SLICE_X125Y86, SLICE_X123Y86, SLICE_X124Y86, SLICE_X142Y85, SLICE_X140Y85, SLICE_X141Y85, SLICE_X138Y85, SLICE_X139Y85, SLICE_X136Y85, SLICE_X137Y85, SLICE_X134Y85, SLICE_X135Y85, RAMB18_X17Y35, RAMB18_X17Y34, RAMB36_X17Y17, SLICE_X133Y85, SLICE_X131Y85, SLICE_X132Y85, SLICE_X129Y85, SLICE_X130Y85, SLICE_X129Y85, SLICE_X130Y85, RAMB18_X16Y35, RAMB18_X16Y34, RAMB36_X16Y17, SLICE_X128Y85, SLICE_X126Y85, SLICE_X127Y85, RAMB18_X15Y35, RAMB18_X15Y34, RAMB36_X15Y17, SLICE_X125Y85, SLICE_X123Y85, SLICE_X124Y85, SLICE_X142Y84, SLICE_X140Y84, SLICE_X141Y84, SLICE_X138Y84, SLICE_X139Y84, SLICE_X136Y84, SLICE_X137Y84, SLICE_X134Y84, SLICE_X135Y84, SLICE_X133Y84, SLICE_X131Y84, SLICE_X132Y84, SLICE_X129Y84, SLICE_X130Y84, SLICE_X129Y84, SLICE_X130Y84, SLICE_X128Y84, SLICE_X126Y84, SLICE_X127Y84, SLICE_X125Y84, SLICE_X123Y84, SLICE_X124Y84, SLICE_X142Y83, SLICE_X140Y83, SLICE_X141Y83, SLICE_X138Y83, SLICE_X139Y83, SLICE_X136Y83, SLICE_X137Y83, SLICE_X134Y83, SLICE_X135Y83, SLICE_X133Y83, SLICE_X131Y83, SLICE_X132Y83, SLICE_X129Y83, SLICE_X130Y83, SLICE_X129Y83, SLICE_X130Y83, SLICE_X128Y83, SLICE_X126Y83, SLICE_X127Y83, SLICE_X125Y83, SLICE_X123Y83, SLICE_X124Y83, SLICE_X142Y82, SLICE_X140Y82, SLICE_X141Y82, SLICE_X138Y82, SLICE_X139Y82, SLICE_X136Y82, SLICE_X137Y82, SLICE_X134Y82, SLICE_X135Y82, SLICE_X133Y82, SLICE_X131Y82, SLICE_X132Y82, SLICE_X129Y82, SLICE_X130Y82, SLICE_X129Y82, SLICE_X130Y82, SLICE_X128Y82, SLICE_X126Y82, SLICE_X127Y82, SLICE_X125Y82, SLICE_X123Y82, SLICE_X124Y82, SLICE_X142Y81, SLICE_X140Y81, SLICE_X141Y81, SLICE_X138Y81, SLICE_X139Y81, SLICE_X136Y81, SLICE_X137Y81, SLICE_X134Y81, SLICE_X135Y81, SLICE_X133Y81, SLICE_X131Y81, SLICE_X132Y81, SLICE_X129Y81, SLICE_X130Y81, SLICE_X129Y81, SLICE_X130Y81, SLICE_X128Y81, SLICE_X126Y81, SLICE_X127Y81, SLICE_X125Y81, SLICE_X123Y81, SLICE_X124Y81, SLICE_X142Y80, SLICE_X140Y80, SLICE_X141Y80, SLICE_X138Y80, SLICE_X139Y80, SLICE_X136Y80, SLICE_X137Y80, SLICE_X134Y80, SLICE_X135Y80, RAMB18_X17Y33, RAMB18_X17Y32, RAMB36_X17Y16, SLICE_X133Y80, SLICE_X131Y80, SLICE_X132Y80, SLICE_X129Y80, SLICE_X130Y80, SLICE_X129Y80, SLICE_X130Y80, RAMB18_X16Y33, RAMB18_X16Y32, RAMB36_X16Y16, SLICE_X128Y80, SLICE_X126Y80, SLICE_X127Y80, RAMB18_X15Y33, RAMB18_X15Y32, RAMB36_X15Y16, SLICE_X125Y80, SLICE_X123Y80, SLICE_X124Y80, SLICE_X142Y79, SLICE_X140Y79, SLICE_X141Y79, SLICE_X138Y79, SLICE_X139Y79, SLICE_X136Y79, SLICE_X137Y79, SLICE_X134Y79, SLICE_X135Y79, SLICE_X133Y79, SLICE_X131Y79, SLICE_X132Y79, SLICE_X129Y79, SLICE_X130Y79, SLICE_X129Y79, SLICE_X130Y79, SLICE_X128Y79, SLICE_X126Y79, SLICE_X127Y79, SLICE_X125Y79, SLICE_X123Y79, SLICE_X124Y79, SLICE_X142Y78, SLICE_X140Y78, SLICE_X141Y78, SLICE_X138Y78, SLICE_X139Y78, SLICE_X136Y78, SLICE_X137Y78, SLICE_X134Y78, SLICE_X135Y78, SLICE_X133Y78, SLICE_X131Y78, SLICE_X132Y78, SLICE_X129Y78, SLICE_X130Y78, SLICE_X129Y78, SLICE_X130Y78, SLICE_X128Y78, SLICE_X126Y78, SLICE_X127Y78, SLICE_X125Y78, SLICE_X123Y78, SLICE_X124Y78, SLICE_X142Y77, SLICE_X140Y77, SLICE_X141Y77, SLICE_X138Y77, SLICE_X139Y77, SLICE_X136Y77, SLICE_X137Y77, SLICE_X134Y77, SLICE_X135Y77, SLICE_X133Y77, SLICE_X131Y77, SLICE_X132Y77, SLICE_X129Y77, SLICE_X130Y77, SLICE_X129Y77, SLICE_X130Y77, SLICE_X128Y77, SLICE_X126Y77, SLICE_X127Y77, SLICE_X125Y77, SLICE_X123Y77, SLICE_X124Y77, SLICE_X142Y76, SLICE_X140Y76, SLICE_X141Y76, SLICE_X138Y76, SLICE_X139Y76, SLICE_X136Y76, SLICE_X137Y76, SLICE_X134Y76, SLICE_X135Y76, SLICE_X133Y76, SLICE_X131Y76, SLICE_X132Y76, SLICE_X129Y76, SLICE_X130Y76, SLICE_X129Y76, SLICE_X130Y76, SLICE_X128Y76, SLICE_X126Y76, SLICE_X127Y76, SLICE_X125Y76, SLICE_X123Y76, SLICE_X124Y76, SLICE_X142Y75, SLICE_X140Y75, SLICE_X141Y75, SLICE_X138Y75, SLICE_X139Y75, SLICE_X136Y75, SLICE_X137Y75, SLICE_X134Y75, SLICE_X135Y75, RAMB18_X17Y31, RAMB18_X17Y30, RAMB36_X17Y15, SLICE_X133Y75, SLICE_X131Y75, SLICE_X132Y75, SLICE_X129Y75, SLICE_X130Y75, SLICE_X129Y75, SLICE_X130Y75, RAMB18_X16Y31, RAMB18_X16Y30, RAMB36_X16Y15, SLICE_X128Y75, SLICE_X126Y75, SLICE_X127Y75, RAMB18_X15Y31, RAMB18_X15Y30, RAMB36_X15Y15, SLICE_X125Y75, SLICE_X123Y75, SLICE_X124Y75, SLICE_X142Y74, SLICE_X140Y74, SLICE_X141Y74, SLICE_X138Y74, SLICE_X139Y74, SLICE_X136Y74, SLICE_X137Y74, SLICE_X134Y74, SLICE_X135Y74, SLICE_X133Y74, SLICE_X131Y74, SLICE_X132Y74, SLICE_X129Y74, SLICE_X130Y74, SLICE_X129Y74, SLICE_X130Y74, SLICE_X128Y74, SLICE_X126Y74, SLICE_X127Y74, SLICE_X125Y74, SLICE_X123Y74, SLICE_X124Y74, SLICE_X142Y73, SLICE_X140Y73, SLICE_X141Y73, SLICE_X138Y73, SLICE_X139Y73, SLICE_X136Y73, SLICE_X137Y73, SLICE_X134Y73, SLICE_X135Y73, SLICE_X133Y73, SLICE_X131Y73, SLICE_X132Y73, SLICE_X129Y73, SLICE_X130Y73, SLICE_X129Y73, SLICE_X130Y73, SLICE_X128Y73, SLICE_X126Y73, SLICE_X127Y73, SLICE_X125Y73, SLICE_X123Y73, SLICE_X124Y73, SLICE_X142Y72, SLICE_X140Y72, SLICE_X141Y72, SLICE_X138Y72, SLICE_X139Y72, SLICE_X136Y72, SLICE_X137Y72, SLICE_X134Y72, SLICE_X135Y72, SLICE_X133Y72, SLICE_X131Y72, SLICE_X132Y72, SLICE_X129Y72, SLICE_X130Y72, SLICE_X129Y72, SLICE_X130Y72, SLICE_X128Y72, SLICE_X126Y72, SLICE_X127Y72, SLICE_X125Y72, SLICE_X123Y72, SLICE_X124Y72, SLICE_X142Y71, SLICE_X140Y71, SLICE_X141Y71, SLICE_X138Y71, SLICE_X139Y71, SLICE_X136Y71, SLICE_X137Y71, SLICE_X134Y71, SLICE_X135Y71, SLICE_X133Y71, SLICE_X131Y71, SLICE_X132Y71, SLICE_X129Y71, SLICE_X130Y71, SLICE_X129Y71, SLICE_X130Y71, SLICE_X128Y71, SLICE_X126Y71, SLICE_X127Y71, SLICE_X125Y71, SLICE_X123Y71, SLICE_X124Y71, SLICE_X142Y70, SLICE_X140Y70, SLICE_X141Y70, SLICE_X138Y70, SLICE_X139Y70, SLICE_X136Y70, SLICE_X137Y70, SLICE_X134Y70, SLICE_X135Y70, RAMB18_X17Y29, RAMB18_X17Y28, RAMB36_X17Y14, SLICE_X133Y70, SLICE_X131Y70, SLICE_X132Y70, SLICE_X129Y70, SLICE_X130Y70, SLICE_X129Y70, SLICE_X130Y70, RAMB18_X16Y29, RAMB18_X16Y28, RAMB36_X16Y14, SLICE_X128Y70, SLICE_X126Y70, SLICE_X127Y70, RAMB18_X15Y29, RAMB18_X15Y28, RAMB36_X15Y14, SLICE_X125Y70, SLICE_X123Y70, SLICE_X124Y70, SLICE_X142Y69, SLICE_X140Y69, SLICE_X141Y69, SLICE_X138Y69, SLICE_X139Y69, SLICE_X136Y69, SLICE_X137Y69, SLICE_X134Y69, SLICE_X135Y69, SLICE_X133Y69, SLICE_X131Y69, SLICE_X132Y69, SLICE_X129Y69, SLICE_X130Y69, SLICE_X129Y69, SLICE_X130Y69, SLICE_X128Y69, SLICE_X126Y69, SLICE_X127Y69, SLICE_X125Y69, SLICE_X123Y69, SLICE_X124Y69, SLICE_X142Y68, SLICE_X140Y68, SLICE_X141Y68, SLICE_X138Y68, SLICE_X139Y68, SLICE_X136Y68, SLICE_X137Y68, SLICE_X134Y68, SLICE_X135Y68, SLICE_X133Y68, SLICE_X131Y68, SLICE_X132Y68, SLICE_X129Y68, SLICE_X130Y68, SLICE_X129Y68, SLICE_X130Y68, SLICE_X128Y68, SLICE_X126Y68, SLICE_X127Y68, SLICE_X125Y68, SLICE_X123Y68, SLICE_X124Y68, SLICE_X142Y67, SLICE_X140Y67, SLICE_X141Y67, SLICE_X138Y67, SLICE_X139Y67, SLICE_X136Y67, SLICE_X137Y67, SLICE_X134Y67, SLICE_X135Y67, SLICE_X133Y67, SLICE_X131Y67, SLICE_X132Y67, SLICE_X129Y67, SLICE_X130Y67, SLICE_X129Y67, SLICE_X130Y67, SLICE_X128Y67, SLICE_X126Y67, SLICE_X127Y67, SLICE_X125Y67, SLICE_X123Y67, SLICE_X124Y67, SLICE_X142Y66, SLICE_X140Y66, SLICE_X141Y66, SLICE_X138Y66, SLICE_X139Y66, SLICE_X136Y66, SLICE_X137Y66, SLICE_X134Y66, SLICE_X135Y66, SLICE_X133Y66, SLICE_X131Y66, SLICE_X132Y66, SLICE_X129Y66, SLICE_X130Y66, SLICE_X129Y66, SLICE_X130Y66, SLICE_X128Y66, SLICE_X126Y66, SLICE_X127Y66, SLICE_X125Y66, SLICE_X123Y66, SLICE_X124Y66, SLICE_X142Y65, SLICE_X140Y65, SLICE_X141Y65, SLICE_X138Y65, SLICE_X139Y65, SLICE_X136Y65, SLICE_X137Y65, SLICE_X134Y65, SLICE_X135Y65, RAMB18_X17Y27, RAMB18_X17Y26, RAMB36_X17Y13, SLICE_X133Y65, SLICE_X131Y65, SLICE_X132Y65, SLICE_X129Y65, SLICE_X130Y65, SLICE_X129Y65, SLICE_X130Y65, RAMB18_X16Y27, RAMB18_X16Y26, RAMB36_X16Y13, SLICE_X128Y65, SLICE_X126Y65, SLICE_X127Y65, RAMB18_X15Y27, RAMB18_X15Y26, RAMB36_X15Y13, SLICE_X125Y65, SLICE_X123Y65, SLICE_X124Y65, SLICE_X142Y64, SLICE_X140Y64, SLICE_X141Y64, SLICE_X138Y64, SLICE_X139Y64, SLICE_X136Y64, SLICE_X137Y64, SLICE_X134Y64, SLICE_X135Y64, SLICE_X133Y64, SLICE_X131Y64, SLICE_X132Y64, SLICE_X129Y64, SLICE_X130Y64, SLICE_X129Y64, SLICE_X130Y64, SLICE_X128Y64, SLICE_X126Y64, SLICE_X127Y64, SLICE_X125Y64, SLICE_X123Y64, SLICE_X124Y64, SLICE_X142Y63, SLICE_X140Y63, SLICE_X141Y63, SLICE_X138Y63, SLICE_X139Y63, SLICE_X136Y63, SLICE_X137Y63, SLICE_X134Y63, SLICE_X135Y63, SLICE_X133Y63, SLICE_X131Y63, SLICE_X132Y63, SLICE_X129Y63, SLICE_X130Y63, SLICE_X129Y63, SLICE_X130Y63, SLICE_X128Y63, SLICE_X126Y63, SLICE_X127Y63, SLICE_X125Y63, SLICE_X123Y63, SLICE_X124Y63, SLICE_X142Y62, SLICE_X140Y62, SLICE_X141Y62, SLICE_X138Y62, SLICE_X139Y62, SLICE_X136Y62, SLICE_X137Y62, SLICE_X134Y62, SLICE_X135Y62, SLICE_X133Y62, SLICE_X131Y62, SLICE_X132Y62, SLICE_X129Y62, SLICE_X130Y62, SLICE_X129Y62, SLICE_X130Y62, SLICE_X128Y62, SLICE_X126Y62, SLICE_X127Y62, SLICE_X125Y62, SLICE_X123Y62, SLICE_X124Y62, SLICE_X142Y61, SLICE_X140Y61, SLICE_X141Y61, SLICE_X138Y61, SLICE_X139Y61, SLICE_X136Y61, SLICE_X137Y61, SLICE_X134Y61, SLICE_X135Y61, SLICE_X133Y61, SLICE_X131Y61, SLICE_X132Y61, SLICE_X129Y61, SLICE_X130Y61, SLICE_X129Y61, SLICE_X130Y61, SLICE_X128Y61, SLICE_X126Y61, SLICE_X127Y61, SLICE_X125Y61, SLICE_X123Y61, SLICE_X124Y61, SLICE_X142Y60, SLICE_X140Y60, SLICE_X141Y60, SLICE_X138Y60, SLICE_X139Y60, SLICE_X136Y60, SLICE_X137Y60, SLICE_X134Y60, SLICE_X135Y60, RAMB18_X17Y25, RAMB18_X17Y24, RAMB36_X17Y12, SLICE_X133Y60, SLICE_X131Y60, SLICE_X132Y60, SLICE_X129Y60, SLICE_X130Y60, SLICE_X129Y60, SLICE_X130Y60, RAMB18_X16Y25, RAMB18_X16Y24, RAMB36_X16Y12, SLICE_X128Y60, SLICE_X126Y60, SLICE_X127Y60, RAMB18_X15Y25, RAMB18_X15Y24, RAMB36_X15Y12, SLICE_X125Y60, SLICE_X123Y60, SLICE_X124Y60, SLICE_X142Y59, SLICE_X140Y59, SLICE_X141Y59, SLICE_X138Y59, SLICE_X139Y59, SLICE_X134Y59, SLICE_X135Y59, SLICE_X133Y59, SLICE_X131Y59, SLICE_X132Y59, SLICE_X129Y59, SLICE_X130Y59, SLICE_X129Y59, SLICE_X130Y59, SLICE_X128Y59, SLICE_X127Y59, SLICE_X125Y59, SLICE_X123Y59, SLICE_X124Y59, SLICE_X121Y59, SLICE_X122Y59, SLICE_X119Y59, SLICE_X120Y59, SLICE_X142Y58, SLICE_X140Y58, SLICE_X141Y58, SLICE_X138Y58, SLICE_X139Y58, SLICE_X134Y58, SLICE_X135Y58, SLICE_X133Y58, SLICE_X131Y58, SLICE_X132Y58, SLICE_X129Y58, SLICE_X130Y58, SLICE_X129Y58, SLICE_X130Y58, SLICE_X128Y58, SLICE_X127Y58, SLICE_X125Y58, SLICE_X123Y58, SLICE_X124Y58, SLICE_X121Y58, SLICE_X122Y58, SLICE_X119Y58, SLICE_X120Y58, SLICE_X142Y57, SLICE_X140Y57, SLICE_X141Y57, SLICE_X138Y57, SLICE_X139Y57, SLICE_X134Y57, SLICE_X135Y57, SLICE_X133Y57, SLICE_X131Y57, SLICE_X132Y57, SLICE_X129Y57, SLICE_X130Y57, SLICE_X129Y57, SLICE_X130Y57, SLICE_X128Y57, SLICE_X127Y57, SLICE_X125Y57, SLICE_X123Y57, SLICE_X124Y57, SLICE_X121Y57, SLICE_X122Y57, SLICE_X119Y57, SLICE_X120Y57, SLICE_X142Y56, SLICE_X140Y56, SLICE_X141Y56, SLICE_X138Y56, SLICE_X139Y56, SLICE_X134Y56, SLICE_X135Y56, SLICE_X133Y56, SLICE_X131Y56, SLICE_X132Y56, SLICE_X129Y56, SLICE_X130Y56, SLICE_X129Y56, SLICE_X130Y56, SLICE_X128Y56, SLICE_X127Y56, SLICE_X125Y56, SLICE_X123Y56, SLICE_X124Y56, SLICE_X121Y56, SLICE_X122Y56, SLICE_X119Y56, SLICE_X120Y56, SLICE_X142Y55, SLICE_X140Y55, SLICE_X141Y55, SLICE_X138Y55, SLICE_X139Y55, SLICE_X134Y55, SLICE_X135Y55, RAMB18_X17Y23, RAMB18_X17Y22, RAMB36_X17Y11, SLICE_X133Y55, SLICE_X131Y55, SLICE_X132Y55, SLICE_X129Y55, SLICE_X130Y55, SLICE_X129Y55, SLICE_X130Y55, RAMB18_X16Y23, RAMB18_X16Y22, RAMB36_X16Y11, SLICE_X128Y55, SLICE_X127Y55, RAMB18_X15Y23, RAMB18_X15Y22, RAMB36_X15Y11, SLICE_X125Y55, SLICE_X123Y55, SLICE_X124Y55, SLICE_X121Y55, SLICE_X122Y55, SLICE_X119Y55, SLICE_X120Y55, SLICE_X142Y54, SLICE_X140Y54, SLICE_X141Y54, SLICE_X138Y54, SLICE_X139Y54, SLICE_X134Y54, SLICE_X135Y54, SLICE_X133Y54, SLICE_X131Y54, SLICE_X132Y54, SLICE_X129Y54, SLICE_X130Y54, SLICE_X129Y54, SLICE_X130Y54, SLICE_X128Y54, SLICE_X127Y54, SLICE_X125Y54, SLICE_X123Y54, SLICE_X124Y54, SLICE_X121Y54, SLICE_X122Y54, SLICE_X119Y54, SLICE_X120Y54, SLICE_X142Y53, SLICE_X140Y53, SLICE_X141Y53, SLICE_X138Y53, SLICE_X139Y53, SLICE_X134Y53, SLICE_X135Y53, SLICE_X133Y53, SLICE_X131Y53, SLICE_X132Y53, SLICE_X129Y53, SLICE_X130Y53, SLICE_X129Y53, SLICE_X130Y53, SLICE_X128Y53, SLICE_X127Y53, SLICE_X125Y53, SLICE_X123Y53, SLICE_X124Y53, SLICE_X121Y53, SLICE_X122Y53, SLICE_X119Y53, SLICE_X120Y53, SLICE_X142Y52, SLICE_X140Y52, SLICE_X141Y52, SLICE_X138Y52, SLICE_X139Y52, SLICE_X134Y52, SLICE_X135Y52, SLICE_X133Y52, SLICE_X131Y52, SLICE_X132Y52, SLICE_X129Y52, SLICE_X130Y52, SLICE_X129Y52, SLICE_X130Y52, SLICE_X128Y52, SLICE_X127Y52, SLICE_X125Y52, SLICE_X123Y52, SLICE_X124Y52, SLICE_X121Y52, SLICE_X122Y52, SLICE_X119Y52, SLICE_X120Y52, SLICE_X142Y51, SLICE_X140Y51, SLICE_X141Y51, SLICE_X138Y51, SLICE_X139Y51, SLICE_X134Y51, SLICE_X135Y51, SLICE_X133Y51, SLICE_X131Y51, SLICE_X132Y51, SLICE_X129Y51, SLICE_X130Y51, SLICE_X129Y51, SLICE_X130Y51, SLICE_X128Y51, SLICE_X127Y51, SLICE_X125Y51, SLICE_X123Y51, SLICE_X124Y51, SLICE_X121Y51, SLICE_X122Y51, SLICE_X119Y51, SLICE_X120Y51, SLICE_X142Y50, SLICE_X140Y50, SLICE_X141Y50, SLICE_X138Y50, SLICE_X139Y50, SLICE_X134Y50, SLICE_X135Y50, RAMB18_X17Y21, RAMB18_X17Y20, RAMB36_X17Y10, SLICE_X133Y50, SLICE_X131Y50, SLICE_X132Y50, SLICE_X129Y50, SLICE_X130Y50, SLICE_X129Y50, SLICE_X130Y50, RAMB18_X16Y21, RAMB18_X16Y20, RAMB36_X16Y10, SLICE_X128Y50, SLICE_X127Y50, RAMB18_X15Y21, RAMB18_X15Y20, RAMB36_X15Y10, SLICE_X125Y50, SLICE_X123Y50, SLICE_X124Y50, SLICE_X121Y50, SLICE_X122Y50, SLICE_X119Y50, SLICE_X120Y50, SLICE_X142Y49, SLICE_X140Y49, SLICE_X141Y49, SLICE_X138Y49, SLICE_X139Y49, SLICE_X134Y49, SLICE_X135Y49, SLICE_X133Y49, SLICE_X131Y49, SLICE_X132Y49, SLICE_X129Y49, SLICE_X130Y49, SLICE_X129Y49, SLICE_X130Y49, SLICE_X128Y49, SLICE_X127Y49, SLICE_X125Y49, SLICE_X123Y49, SLICE_X124Y49, SLICE_X121Y49, SLICE_X122Y49, SLICE_X119Y49, SLICE_X120Y49, SLICE_X142Y48, SLICE_X140Y48, SLICE_X141Y48, SLICE_X138Y48, SLICE_X139Y48, SLICE_X134Y48, SLICE_X135Y48, SLICE_X133Y48, SLICE_X131Y48, SLICE_X132Y48, SLICE_X129Y48, SLICE_X130Y48, SLICE_X129Y48, SLICE_X130Y48, SLICE_X128Y48, SLICE_X127Y48, SLICE_X125Y48, SLICE_X123Y48, SLICE_X124Y48, SLICE_X121Y48, SLICE_X122Y48, SLICE_X119Y48, SLICE_X120Y48, SLICE_X142Y47, SLICE_X140Y47, SLICE_X141Y47, SLICE_X138Y47, SLICE_X139Y47, SLICE_X134Y47, SLICE_X135Y47, SLICE_X133Y47, SLICE_X131Y47, SLICE_X132Y47, SLICE_X129Y47, SLICE_X130Y47, SLICE_X129Y47, SLICE_X130Y47, SLICE_X128Y47, SLICE_X127Y47, SLICE_X125Y47, SLICE_X123Y47, SLICE_X124Y47, SLICE_X121Y47, SLICE_X122Y47, SLICE_X119Y47, SLICE_X120Y47, SLICE_X142Y46, SLICE_X140Y46, SLICE_X141Y46, SLICE_X138Y46, SLICE_X139Y46, SLICE_X134Y46, SLICE_X135Y46, SLICE_X133Y46, SLICE_X131Y46, SLICE_X132Y46, SLICE_X129Y46, SLICE_X130Y46, SLICE_X129Y46, SLICE_X130Y46, SLICE_X128Y46, SLICE_X127Y46, SLICE_X125Y46, SLICE_X123Y46, SLICE_X124Y46, SLICE_X121Y46, SLICE_X122Y46, SLICE_X119Y46, SLICE_X120Y46, SLICE_X142Y45, SLICE_X140Y45, SLICE_X141Y45, SLICE_X138Y45, SLICE_X139Y45, SLICE_X134Y45, SLICE_X135Y45, RAMB18_X17Y19, RAMB18_X17Y18, RAMB36_X17Y9, SLICE_X133Y45, SLICE_X131Y45, SLICE_X132Y45, SLICE_X129Y45, SLICE_X130Y45, SLICE_X129Y45, SLICE_X130Y45, RAMB18_X16Y19, RAMB18_X16Y18, RAMB36_X16Y9, SLICE_X128Y45, SLICE_X127Y45, RAMB18_X15Y19, RAMB18_X15Y18, RAMB36_X15Y9, SLICE_X125Y45, SLICE_X123Y45, SLICE_X124Y45, SLICE_X121Y45, SLICE_X122Y45, SLICE_X119Y45, SLICE_X120Y45, SLICE_X142Y44, SLICE_X140Y44, SLICE_X141Y44, SLICE_X138Y44, SLICE_X139Y44, SLICE_X134Y44, SLICE_X135Y44, SLICE_X133Y44, SLICE_X131Y44, SLICE_X132Y44, SLICE_X129Y44, SLICE_X130Y44, SLICE_X129Y44, SLICE_X130Y44, SLICE_X128Y44, SLICE_X127Y44, SLICE_X125Y44, SLICE_X123Y44, SLICE_X124Y44, SLICE_X121Y44, SLICE_X122Y44, SLICE_X119Y44, SLICE_X120Y44, SLICE_X142Y43, SLICE_X140Y43, SLICE_X141Y43, SLICE_X138Y43, SLICE_X139Y43, SLICE_X134Y43, SLICE_X135Y43, SLICE_X133Y43, SLICE_X131Y43, SLICE_X132Y43, SLICE_X129Y43, SLICE_X130Y43, SLICE_X129Y43, SLICE_X130Y43, SLICE_X128Y43, SLICE_X127Y43, SLICE_X125Y43, SLICE_X123Y43, SLICE_X124Y43, SLICE_X121Y43, SLICE_X122Y43, SLICE_X119Y43, SLICE_X120Y43, SLICE_X142Y42, SLICE_X140Y42, SLICE_X141Y42, SLICE_X138Y42, SLICE_X139Y42, SLICE_X134Y42, SLICE_X135Y42, SLICE_X133Y42, SLICE_X131Y42, SLICE_X132Y42, SLICE_X129Y42, SLICE_X130Y42, SLICE_X129Y42, SLICE_X130Y42, SLICE_X128Y42, SLICE_X127Y42, SLICE_X125Y42, SLICE_X123Y42, SLICE_X124Y42, SLICE_X121Y42, SLICE_X122Y42, SLICE_X119Y42, SLICE_X120Y42, SLICE_X142Y41, SLICE_X140Y41, SLICE_X141Y41, SLICE_X138Y41, SLICE_X139Y41, SLICE_X134Y41, SLICE_X135Y41, SLICE_X133Y41, SLICE_X131Y41, SLICE_X132Y41, SLICE_X129Y41, SLICE_X130Y41, SLICE_X129Y41, SLICE_X130Y41, SLICE_X128Y41, SLICE_X127Y41, SLICE_X125Y41, SLICE_X123Y41, SLICE_X124Y41, SLICE_X121Y41, SLICE_X122Y41, SLICE_X119Y41, SLICE_X120Y41, SLICE_X142Y40, SLICE_X140Y40, SLICE_X141Y40, SLICE_X138Y40, SLICE_X139Y40, SLICE_X134Y40, SLICE_X135Y40, RAMB18_X17Y17, RAMB18_X17Y16, RAMB36_X17Y8, SLICE_X133Y40, SLICE_X131Y40, SLICE_X132Y40, SLICE_X129Y40, SLICE_X130Y40, SLICE_X129Y40, SLICE_X130Y40, RAMB18_X16Y17, RAMB18_X16Y16, RAMB36_X16Y8, SLICE_X128Y40, SLICE_X127Y40, RAMB18_X15Y17, RAMB18_X15Y16, RAMB36_X15Y8, SLICE_X125Y40, SLICE_X123Y40, SLICE_X124Y40, SLICE_X121Y40, SLICE_X122Y40, SLICE_X119Y40, SLICE_X120Y40, SLICE_X142Y39, SLICE_X140Y39, SLICE_X141Y39, SLICE_X138Y39, SLICE_X139Y39, SLICE_X134Y39, SLICE_X135Y39, SLICE_X133Y39, SLICE_X131Y39, SLICE_X132Y39, SLICE_X129Y39, SLICE_X130Y39, SLICE_X129Y39, SLICE_X130Y39, SLICE_X128Y39, SLICE_X127Y39, SLICE_X125Y39, SLICE_X123Y39, SLICE_X124Y39, SLICE_X121Y39, SLICE_X122Y39, SLICE_X119Y39, SLICE_X120Y39, SLICE_X142Y38, SLICE_X140Y38, SLICE_X141Y38, SLICE_X138Y38, SLICE_X139Y38, SLICE_X134Y38, SLICE_X135Y38, SLICE_X133Y38, SLICE_X131Y38, SLICE_X132Y38, SLICE_X129Y38, SLICE_X130Y38, SLICE_X129Y38, SLICE_X130Y38, SLICE_X128Y38, SLICE_X127Y38, SLICE_X125Y38, SLICE_X123Y38, SLICE_X124Y38, SLICE_X121Y38, SLICE_X122Y38, SLICE_X119Y38, SLICE_X120Y38, SLICE_X142Y37, SLICE_X140Y37, SLICE_X141Y37, SLICE_X138Y37, SLICE_X139Y37, SLICE_X134Y37, SLICE_X135Y37, SLICE_X133Y37, SLICE_X131Y37, SLICE_X132Y37, SLICE_X129Y37, SLICE_X130Y37, SLICE_X129Y37, SLICE_X130Y37, SLICE_X128Y37, SLICE_X127Y37, SLICE_X125Y37, SLICE_X123Y37, SLICE_X124Y37, SLICE_X121Y37, SLICE_X122Y37, SLICE_X119Y37, SLICE_X120Y37, SLICE_X142Y36, SLICE_X140Y36, SLICE_X141Y36, SLICE_X138Y36, SLICE_X139Y36, SLICE_X134Y36, SLICE_X135Y36, SLICE_X133Y36, SLICE_X131Y36, SLICE_X132Y36, SLICE_X129Y36, SLICE_X130Y36, SLICE_X129Y36, SLICE_X130Y36, SLICE_X128Y36, SLICE_X127Y36, SLICE_X125Y36, SLICE_X123Y36, SLICE_X124Y36, SLICE_X121Y36, SLICE_X122Y36, SLICE_X119Y36, SLICE_X120Y36, SLICE_X142Y35, SLICE_X140Y35, SLICE_X141Y35, SLICE_X138Y35, SLICE_X139Y35, SLICE_X134Y35, SLICE_X135Y35, RAMB18_X17Y15, RAMB18_X17Y14, RAMB36_X17Y7, SLICE_X133Y35, SLICE_X131Y35, SLICE_X132Y35, SLICE_X129Y35, SLICE_X130Y35, SLICE_X129Y35, SLICE_X130Y35, RAMB18_X16Y15, RAMB18_X16Y14, RAMB36_X16Y7, SLICE_X128Y35, SLICE_X127Y35, RAMB18_X15Y15, RAMB18_X15Y14, RAMB36_X15Y7, SLICE_X125Y35, SLICE_X123Y35, SLICE_X124Y35, SLICE_X121Y35, SLICE_X122Y35, SLICE_X119Y35, SLICE_X120Y35, SLICE_X142Y34, SLICE_X140Y34, SLICE_X141Y34, SLICE_X138Y34, SLICE_X139Y34, SLICE_X134Y34, SLICE_X135Y34, SLICE_X133Y34, SLICE_X131Y34, SLICE_X132Y34, SLICE_X129Y34, SLICE_X130Y34, SLICE_X129Y34, SLICE_X130Y34, SLICE_X128Y34, SLICE_X127Y34, SLICE_X125Y34, SLICE_X123Y34, SLICE_X124Y34, SLICE_X121Y34, SLICE_X122Y34, SLICE_X119Y34, SLICE_X120Y34, SLICE_X142Y33, SLICE_X140Y33, SLICE_X141Y33, SLICE_X138Y33, SLICE_X139Y33, SLICE_X134Y33, SLICE_X135Y33, SLICE_X133Y33, SLICE_X131Y33, SLICE_X132Y33, SLICE_X129Y33, SLICE_X130Y33, SLICE_X129Y33, SLICE_X130Y33, SLICE_X128Y33, SLICE_X127Y33, SLICE_X125Y33, SLICE_X123Y33, SLICE_X124Y33, SLICE_X121Y33, SLICE_X122Y33, SLICE_X119Y33, SLICE_X120Y33, SLICE_X142Y32, SLICE_X140Y32, SLICE_X141Y32, SLICE_X138Y32, SLICE_X139Y32, SLICE_X134Y32, SLICE_X135Y32, SLICE_X133Y32, SLICE_X131Y32, SLICE_X132Y32, SLICE_X129Y32, SLICE_X130Y32, SLICE_X129Y32, SLICE_X130Y32, SLICE_X128Y32, SLICE_X127Y32, SLICE_X125Y32, SLICE_X123Y32, SLICE_X124Y32, SLICE_X121Y32, SLICE_X122Y32, SLICE_X119Y32, SLICE_X120Y32, SLICE_X142Y31, SLICE_X140Y31, SLICE_X141Y31, SLICE_X138Y31, SLICE_X139Y31, SLICE_X134Y31, SLICE_X135Y31, SLICE_X133Y31, SLICE_X131Y31, SLICE_X132Y31, SLICE_X129Y31, SLICE_X130Y31, SLICE_X129Y31, SLICE_X130Y31, SLICE_X128Y31, SLICE_X127Y31, SLICE_X125Y31, SLICE_X123Y31, SLICE_X124Y31, SLICE_X121Y31, SLICE_X122Y31, SLICE_X119Y31, SLICE_X120Y31, SLICE_X142Y30, SLICE_X140Y30, SLICE_X141Y30, SLICE_X138Y30, SLICE_X139Y30, SLICE_X134Y30, SLICE_X135Y30, RAMB18_X17Y13, RAMB18_X17Y12, RAMB36_X17Y6, SLICE_X133Y30, SLICE_X131Y30, SLICE_X132Y30, SLICE_X129Y30, SLICE_X130Y30, SLICE_X129Y30, SLICE_X130Y30, RAMB18_X16Y13, RAMB18_X16Y12, RAMB36_X16Y6, SLICE_X128Y30, SLICE_X127Y30, RAMB18_X15Y13, RAMB18_X15Y12, RAMB36_X15Y6, SLICE_X125Y30, SLICE_X123Y30, SLICE_X124Y30, SLICE_X121Y30, SLICE_X122Y30, SLICE_X119Y30, SLICE_X120Y30, SLICE_X142Y29, SLICE_X140Y29, SLICE_X141Y29, SLICE_X138Y29, SLICE_X139Y29, SLICE_X134Y29, SLICE_X135Y29, SLICE_X133Y29, SLICE_X131Y29, SLICE_X132Y29, SLICE_X129Y29, SLICE_X130Y29, SLICE_X129Y29, SLICE_X130Y29, SLICE_X128Y29, SLICE_X127Y29, SLICE_X125Y29, SLICE_X123Y29, SLICE_X124Y29, SLICE_X121Y29, SLICE_X122Y29, SLICE_X119Y29, SLICE_X120Y29, SLICE_X118Y29, SLICE_X142Y28, SLICE_X140Y28, SLICE_X141Y28, SLICE_X138Y28, SLICE_X139Y28, SLICE_X134Y28, SLICE_X135Y28, SLICE_X133Y28, SLICE_X131Y28, SLICE_X132Y28, SLICE_X129Y28, SLICE_X130Y28, SLICE_X129Y28, SLICE_X130Y28, SLICE_X128Y28, SLICE_X127Y28, SLICE_X125Y28, SLICE_X123Y28, SLICE_X124Y28, SLICE_X121Y28, SLICE_X122Y28, SLICE_X119Y28, SLICE_X120Y28, SLICE_X118Y28, SLICE_X142Y27, SLICE_X140Y27, SLICE_X141Y27, SLICE_X138Y27, SLICE_X139Y27, SLICE_X134Y27, SLICE_X135Y27, SLICE_X133Y27, SLICE_X131Y27, SLICE_X132Y27, SLICE_X129Y27, SLICE_X130Y27, SLICE_X129Y27, SLICE_X130Y27, SLICE_X128Y27, SLICE_X127Y27, SLICE_X125Y27, SLICE_X123Y27, SLICE_X124Y27, SLICE_X121Y27, SLICE_X122Y27, SLICE_X119Y27, SLICE_X120Y27, SLICE_X118Y27, SLICE_X142Y26, SLICE_X140Y26, SLICE_X141Y26, SLICE_X138Y26, SLICE_X139Y26, SLICE_X134Y26, SLICE_X135Y26, SLICE_X133Y26, SLICE_X131Y26, SLICE_X132Y26, SLICE_X129Y26, SLICE_X130Y26, SLICE_X129Y26, SLICE_X130Y26, SLICE_X128Y26, SLICE_X127Y26, SLICE_X125Y26, SLICE_X123Y26, SLICE_X124Y26, SLICE_X121Y26, SLICE_X122Y26, SLICE_X119Y26, SLICE_X120Y26, SLICE_X118Y26, SLICE_X142Y25, SLICE_X140Y25, SLICE_X141Y25, SLICE_X138Y25, SLICE_X139Y25, SLICE_X134Y25, SLICE_X135Y25, RAMB18_X17Y11, RAMB18_X17Y10, RAMB36_X17Y5, SLICE_X133Y25, SLICE_X131Y25, SLICE_X132Y25, SLICE_X129Y25, SLICE_X130Y25, SLICE_X129Y25, SLICE_X130Y25, RAMB18_X16Y11, RAMB18_X16Y10, RAMB36_X16Y5, SLICE_X128Y25, SLICE_X127Y25, RAMB18_X15Y11, RAMB18_X15Y10, RAMB36_X15Y5, SLICE_X125Y25, SLICE_X123Y25, SLICE_X124Y25, SLICE_X121Y25, SLICE_X122Y25, SLICE_X119Y25, SLICE_X120Y25, SLICE_X118Y25, DSP48E2_X22Y10, DSP48E2_X22Y11, SLICE_X142Y24, SLICE_X140Y24, SLICE_X141Y24, SLICE_X138Y24, SLICE_X139Y24, SLICE_X134Y24, SLICE_X135Y24, SLICE_X133Y24, SLICE_X131Y24, SLICE_X132Y24, SLICE_X129Y24, SLICE_X130Y24, SLICE_X129Y24, SLICE_X130Y24, SLICE_X128Y24, SLICE_X127Y24, SLICE_X125Y24, SLICE_X123Y24, SLICE_X124Y24, SLICE_X121Y24, SLICE_X122Y24, SLICE_X119Y24, SLICE_X120Y24, SLICE_X118Y24, SLICE_X142Y23, SLICE_X140Y23, SLICE_X141Y23, SLICE_X138Y23, SLICE_X139Y23, SLICE_X134Y23, SLICE_X135Y23, SLICE_X133Y23, SLICE_X131Y23, SLICE_X132Y23, SLICE_X129Y23, SLICE_X130Y23, SLICE_X129Y23, SLICE_X130Y23, SLICE_X128Y23, SLICE_X127Y23, SLICE_X125Y23, SLICE_X123Y23, SLICE_X124Y23, SLICE_X121Y23, SLICE_X122Y23, SLICE_X119Y23, SLICE_X120Y23, SLICE_X118Y23, SLICE_X142Y22, SLICE_X140Y22, SLICE_X141Y22, SLICE_X138Y22, SLICE_X139Y22, SLICE_X134Y22, SLICE_X135Y22, SLICE_X133Y22, SLICE_X131Y22, SLICE_X132Y22, SLICE_X129Y22, SLICE_X130Y22, SLICE_X129Y22, SLICE_X130Y22, SLICE_X128Y22, SLICE_X127Y22, SLICE_X125Y22, SLICE_X123Y22, SLICE_X124Y22, SLICE_X121Y22, SLICE_X122Y22, SLICE_X119Y22, SLICE_X120Y22, SLICE_X118Y22, SLICE_X142Y21, SLICE_X140Y21, SLICE_X141Y21, SLICE_X138Y21, SLICE_X139Y21, SLICE_X134Y21, SLICE_X135Y21, SLICE_X133Y21, SLICE_X131Y21, SLICE_X132Y21, SLICE_X129Y21, SLICE_X130Y21, SLICE_X129Y21, SLICE_X130Y21, SLICE_X128Y21, SLICE_X127Y21, SLICE_X125Y21, SLICE_X123Y21, SLICE_X124Y21, SLICE_X121Y21, SLICE_X122Y21, SLICE_X119Y21, SLICE_X120Y21, SLICE_X118Y21, SLICE_X142Y20, SLICE_X140Y20, SLICE_X141Y20, SLICE_X138Y20, SLICE_X139Y20, SLICE_X134Y20, SLICE_X135Y20, RAMB18_X17Y9, RAMB18_X17Y8, RAMB36_X17Y4, SLICE_X133Y20, SLICE_X131Y20, SLICE_X132Y20, SLICE_X129Y20, SLICE_X130Y20, SLICE_X129Y20, SLICE_X130Y20, RAMB18_X16Y9, RAMB18_X16Y8, RAMB36_X16Y4, SLICE_X128Y20, SLICE_X127Y20, RAMB18_X15Y9, RAMB18_X15Y8, RAMB36_X15Y4, SLICE_X125Y20, SLICE_X123Y20, SLICE_X124Y20, SLICE_X121Y20, SLICE_X122Y20, SLICE_X119Y20, SLICE_X120Y20, SLICE_X118Y20, DSP48E2_X22Y8, DSP48E2_X22Y9, SLICE_X142Y19, SLICE_X140Y19, SLICE_X141Y19, SLICE_X138Y19, SLICE_X139Y19, SLICE_X134Y19, SLICE_X135Y19, SLICE_X133Y19, SLICE_X131Y19, SLICE_X132Y19, SLICE_X129Y19, SLICE_X130Y19, SLICE_X129Y19, SLICE_X130Y19, SLICE_X128Y19, SLICE_X127Y19, SLICE_X125Y19, SLICE_X123Y19, SLICE_X124Y19, SLICE_X121Y19, SLICE_X122Y19, SLICE_X119Y19, SLICE_X120Y19, SLICE_X118Y19, SLICE_X142Y18, SLICE_X140Y18, SLICE_X141Y18, SLICE_X138Y18, SLICE_X139Y18, SLICE_X134Y18, SLICE_X135Y18, SLICE_X133Y18, SLICE_X131Y18, SLICE_X132Y18, SLICE_X129Y18, SLICE_X130Y18, SLICE_X129Y18, SLICE_X130Y18, SLICE_X128Y18, SLICE_X127Y18, SLICE_X125Y18, SLICE_X123Y18, SLICE_X124Y18, SLICE_X121Y18, SLICE_X122Y18, SLICE_X119Y18, SLICE_X120Y18, SLICE_X118Y18, SLICE_X142Y17, SLICE_X140Y17, SLICE_X141Y17, SLICE_X138Y17, SLICE_X139Y17, SLICE_X134Y17, SLICE_X135Y17, SLICE_X133Y17, SLICE_X131Y17, SLICE_X132Y17, SLICE_X129Y17, SLICE_X130Y17, SLICE_X129Y17, SLICE_X130Y17, SLICE_X128Y17, SLICE_X127Y17, SLICE_X125Y17, SLICE_X123Y17, SLICE_X124Y17, SLICE_X121Y17, SLICE_X122Y17, SLICE_X119Y17, SLICE_X120Y17, SLICE_X118Y17, SLICE_X142Y16, SLICE_X140Y16, SLICE_X141Y16, SLICE_X138Y16, SLICE_X139Y16, SLICE_X134Y16, SLICE_X135Y16, SLICE_X133Y16, SLICE_X131Y16, SLICE_X132Y16, SLICE_X129Y16, SLICE_X130Y16, SLICE_X129Y16, SLICE_X130Y16, SLICE_X128Y16, SLICE_X127Y16, SLICE_X125Y16, SLICE_X123Y16, SLICE_X124Y16, SLICE_X121Y16, SLICE_X122Y16, SLICE_X119Y16, SLICE_X120Y16, SLICE_X118Y16, SLICE_X142Y15, SLICE_X140Y15, SLICE_X141Y15, SLICE_X138Y15, SLICE_X139Y15, SLICE_X134Y15, SLICE_X135Y15, RAMB18_X17Y7, RAMB18_X17Y6, RAMB36_X17Y3, SLICE_X133Y15, SLICE_X131Y15, SLICE_X132Y15, SLICE_X129Y15, SLICE_X130Y15, SLICE_X129Y15, SLICE_X130Y15, RAMB18_X16Y7, RAMB18_X16Y6, RAMB36_X16Y3, SLICE_X128Y15, SLICE_X127Y15, RAMB18_X15Y7, RAMB18_X15Y6, RAMB36_X15Y3, SLICE_X125Y15, SLICE_X123Y15, SLICE_X124Y15, SLICE_X121Y15, SLICE_X122Y15, SLICE_X119Y15, SLICE_X120Y15, SLICE_X118Y15, DSP48E2_X22Y6, DSP48E2_X22Y7, SLICE_X142Y14, SLICE_X140Y14, SLICE_X141Y14, SLICE_X138Y14, SLICE_X139Y14, SLICE_X134Y14, SLICE_X135Y14, SLICE_X133Y14, SLICE_X131Y14, SLICE_X132Y14, SLICE_X129Y14, SLICE_X130Y14, SLICE_X129Y14, SLICE_X130Y14, SLICE_X128Y14, SLICE_X127Y14, SLICE_X125Y14, SLICE_X123Y14, SLICE_X124Y14, SLICE_X121Y14, SLICE_X122Y14, SLICE_X119Y14, SLICE_X120Y14, SLICE_X118Y14, SLICE_X142Y13, SLICE_X140Y13, SLICE_X141Y13, SLICE_X138Y13, SLICE_X139Y13, SLICE_X134Y13, SLICE_X135Y13, SLICE_X133Y13, SLICE_X131Y13, SLICE_X132Y13, SLICE_X129Y13, SLICE_X130Y13, SLICE_X129Y13, SLICE_X130Y13, SLICE_X128Y13, SLICE_X127Y13, SLICE_X125Y13, SLICE_X123Y13, SLICE_X124Y13, SLICE_X121Y13, SLICE_X122Y13, SLICE_X119Y13, SLICE_X120Y13, SLICE_X118Y13, SLICE_X142Y12, SLICE_X140Y12, SLICE_X141Y12, SLICE_X138Y12, SLICE_X139Y12, SLICE_X134Y12, SLICE_X135Y12, SLICE_X133Y12, SLICE_X131Y12, SLICE_X132Y12, SLICE_X129Y12, SLICE_X130Y12, SLICE_X129Y12, SLICE_X130Y12, SLICE_X128Y12, SLICE_X127Y12, SLICE_X125Y12, SLICE_X123Y12, SLICE_X124Y12, SLICE_X121Y12, SLICE_X122Y12, SLICE_X119Y12, SLICE_X120Y12, SLICE_X118Y12, SLICE_X142Y11, SLICE_X140Y11, SLICE_X141Y11, SLICE_X138Y11, SLICE_X139Y11, SLICE_X134Y11, SLICE_X135Y11, SLICE_X133Y11, SLICE_X131Y11, SLICE_X132Y11, SLICE_X129Y11, SLICE_X130Y11, SLICE_X129Y11, SLICE_X130Y11, SLICE_X128Y11, SLICE_X127Y11, SLICE_X125Y11, SLICE_X123Y11, SLICE_X124Y11, SLICE_X121Y11, SLICE_X122Y11, SLICE_X119Y11, SLICE_X120Y11, SLICE_X118Y11, SLICE_X142Y10, SLICE_X140Y10, SLICE_X141Y10, SLICE_X138Y10, SLICE_X139Y10, SLICE_X134Y10, SLICE_X135Y10, RAMB18_X17Y5, RAMB18_X17Y4, RAMB36_X17Y2, SLICE_X133Y10, SLICE_X131Y10, SLICE_X132Y10, SLICE_X129Y10, SLICE_X130Y10, SLICE_X129Y10, SLICE_X130Y10, RAMB18_X16Y5, RAMB18_X16Y4, RAMB36_X16Y2, SLICE_X128Y10, SLICE_X127Y10, RAMB18_X15Y5, RAMB18_X15Y4, RAMB36_X15Y2, SLICE_X125Y10, SLICE_X123Y10, SLICE_X124Y10, SLICE_X121Y10, SLICE_X122Y10, SLICE_X119Y10, SLICE_X120Y10, SLICE_X118Y10, DSP48E2_X22Y4, DSP48E2_X22Y5, SLICE_X142Y9, SLICE_X140Y9, SLICE_X141Y9, SLICE_X138Y9, SLICE_X139Y9, SLICE_X134Y9, SLICE_X135Y9, SLICE_X133Y9, SLICE_X131Y9, SLICE_X132Y9, SLICE_X129Y9, SLICE_X130Y9, SLICE_X129Y9, SLICE_X130Y9, SLICE_X128Y9, SLICE_X127Y9, SLICE_X125Y9, SLICE_X123Y9, SLICE_X124Y9, SLICE_X121Y9, SLICE_X122Y9, SLICE_X119Y9, SLICE_X120Y9, SLICE_X118Y9, SLICE_X142Y8, SLICE_X140Y8, SLICE_X141Y8, SLICE_X138Y8, SLICE_X139Y8, SLICE_X134Y8, SLICE_X135Y8, SLICE_X133Y8, SLICE_X131Y8, SLICE_X132Y8, SLICE_X129Y8, SLICE_X130Y8, SLICE_X129Y8, SLICE_X130Y8, SLICE_X128Y8, SLICE_X127Y8, SLICE_X125Y8, SLICE_X123Y8, SLICE_X124Y8, SLICE_X121Y8, SLICE_X122Y8, SLICE_X119Y8, SLICE_X120Y8, SLICE_X118Y8, SLICE_X142Y7, SLICE_X140Y7, SLICE_X141Y7, SLICE_X138Y7, SLICE_X139Y7, SLICE_X134Y7, SLICE_X135Y7, SLICE_X133Y7, SLICE_X131Y7, SLICE_X132Y7, SLICE_X129Y7, SLICE_X130Y7, SLICE_X129Y7, SLICE_X130Y7, SLICE_X128Y7, SLICE_X127Y7, SLICE_X125Y7, SLICE_X123Y7, SLICE_X124Y7, SLICE_X121Y7, SLICE_X122Y7, SLICE_X119Y7, SLICE_X120Y7, SLICE_X118Y7, SLICE_X142Y6, SLICE_X140Y6, SLICE_X141Y6, SLICE_X138Y6, SLICE_X139Y6, SLICE_X134Y6, SLICE_X135Y6, SLICE_X133Y6, SLICE_X131Y6, SLICE_X132Y6, SLICE_X129Y6, SLICE_X130Y6, SLICE_X129Y6, SLICE_X130Y6, SLICE_X128Y6, SLICE_X127Y6, SLICE_X125Y6, SLICE_X123Y6, SLICE_X124Y6, SLICE_X121Y6, SLICE_X122Y6, SLICE_X119Y6, SLICE_X120Y6, SLICE_X118Y6, SLICE_X142Y5, SLICE_X140Y5, SLICE_X141Y5, SLICE_X138Y5, SLICE_X139Y5, SLICE_X134Y5, SLICE_X135Y5, RAMB18_X17Y3, RAMB18_X17Y2, RAMB36_X17Y1, SLICE_X133Y5, SLICE_X131Y5, SLICE_X132Y5, SLICE_X129Y5, SLICE_X130Y5, SLICE_X129Y5, SLICE_X130Y5, RAMB18_X16Y3, RAMB18_X16Y2, RAMB36_X16Y1, SLICE_X128Y5, SLICE_X127Y5, RAMB18_X15Y3, RAMB18_X15Y2, RAMB36_X15Y1, SLICE_X125Y5, SLICE_X123Y5, SLICE_X124Y5, SLICE_X121Y5, SLICE_X122Y5, SLICE_X119Y5, SLICE_X120Y5, SLICE_X118Y5, DSP48E2_X22Y2, DSP48E2_X22Y3, SLICE_X142Y4, SLICE_X140Y4, SLICE_X141Y4, SLICE_X138Y4, SLICE_X139Y4, SLICE_X134Y4, SLICE_X135Y4, SLICE_X133Y4, SLICE_X131Y4, SLICE_X132Y4, SLICE_X129Y4, SLICE_X130Y4, SLICE_X129Y4, SLICE_X130Y4, SLICE_X128Y4, SLICE_X127Y4, SLICE_X125Y4, SLICE_X123Y4, SLICE_X124Y4, SLICE_X121Y4, SLICE_X122Y4, SLICE_X119Y4, SLICE_X120Y4, SLICE_X118Y4, SLICE_X142Y3, SLICE_X140Y3, SLICE_X141Y3, SLICE_X138Y3, SLICE_X139Y3, SLICE_X134Y3, SLICE_X135Y3, SLICE_X133Y3, SLICE_X131Y3, SLICE_X132Y3, SLICE_X129Y3, SLICE_X130Y3, SLICE_X129Y3, SLICE_X130Y3, SLICE_X128Y3, SLICE_X127Y3, SLICE_X125Y3, SLICE_X123Y3, SLICE_X124Y3, SLICE_X121Y3, SLICE_X122Y3, SLICE_X119Y3, SLICE_X120Y3, SLICE_X118Y3, SLICE_X142Y2, SLICE_X140Y2, SLICE_X141Y2, SLICE_X138Y2, SLICE_X139Y2, SLICE_X134Y2, SLICE_X135Y2, SLICE_X133Y2, SLICE_X131Y2, SLICE_X132Y2, SLICE_X129Y2, SLICE_X130Y2, SLICE_X129Y2, SLICE_X130Y2, SLICE_X128Y2, SLICE_X127Y2, SLICE_X125Y2, SLICE_X123Y2, SLICE_X124Y2, SLICE_X121Y2, SLICE_X122Y2, SLICE_X119Y2, SLICE_X120Y2, SLICE_X118Y2, SLICE_X142Y1, SLICE_X140Y1, SLICE_X141Y1, SLICE_X138Y1, SLICE_X139Y1, SLICE_X134Y1, SLICE_X135Y1, SLICE_X133Y1, SLICE_X131Y1, SLICE_X132Y1, SLICE_X129Y1, SLICE_X130Y1, SLICE_X129Y1, SLICE_X130Y1, SLICE_X128Y1, SLICE_X127Y1, SLICE_X125Y1, SLICE_X123Y1, SLICE_X124Y1, SLICE_X121Y1, SLICE_X122Y1, SLICE_X119Y1, SLICE_X120Y1, SLICE_X118Y1, SLICE_X142Y0, SLICE_X140Y0, SLICE_X141Y0, SLICE_X138Y0, SLICE_X139Y0, SLICE_X134Y0, SLICE_X135Y0, RAMB18_X17Y1, RAMB18_X17Y0, RAMB36_X17Y0, SLICE_X133Y0, SLICE_X131Y0, SLICE_X132Y0, SLICE_X129Y0, SLICE_X130Y0, SLICE_X129Y0, SLICE_X130Y0, RAMB18_X16Y1, RAMB18_X16Y0, RAMB36_X16Y0, SLICE_X128Y0, SLICE_X127Y0, RAMB18_X15Y1, RAMB18_X15Y0, RAMB36_X15Y0, SLICE_X125Y0, SLICE_X123Y0, SLICE_X124Y0, SLICE_X121Y0, SLICE_X122Y0, SLICE_X119Y0, SLICE_X120Y0, SLICE_X118Y0, DSP48E2_X22Y0, DSP48E2_X22Y153_RE_S_RP1
Related violations: <none>

REQP-1857#1 Advisory
RAMB18E2_writefirst_collision_advisory  
Synchronous clocking is detected for BRAM (xcl_design_i/expanded_region/apm_sys/xilmonitor_apm/inst/GEN_PROFILE_Trace_Mode.profile_trace_mode_inst/GEN_TRACE_LOG.async_stream_fifo_inst/async_fifo_inst/inst/inst_fifo_gen/gconvfifo.rf/grf.rf/gntv_or_sync_fifo.mem/gbm.gbmg.gbmga.ngecc.bmg/inst_blk_mem_gen/gnbram.gnativebmg.native_blk_mem_gen/valid.cstr/ramloop[0].ram.r/prim_noinit.ram/DEVICE_8SERIES.NO_BMM_INFO.SDP.WIDE_PRIM18.ram) in SDP mode with WRITE_FIRST write-mode. It is strongly suggested to change this mode to NO_CHANGE for best power characteristics. However, both WRITE_FIRST and NO_CHANGE may exhibit address collisions if the same address appears on both read and write ports resulting in unknown or corrupted read data. It is suggested to confirm via simulation that an address collision never occurs and if so it is suggested to try and avoid this situation. If address collisions cannot be avoided, the write-mode may be set to READ_FIRST which guarantees that the read data is the prior contents of the memory at the cost of additional power in the design. See the FPGA Memory Resources User Guide for additional information.
Related violations: <none>

REQP-1858#1 Advisory
RAMB36E2_writefirst_collision_advisory  
Synchronous clocking is detected for BRAM (xcl_design_i/expanded_region/apm_sys/xilmonitor_apm/inst/GEN_PROFILE_Trace_Mode.profile_trace_mode_inst/GEN_TRACE_LOG.async_stream_fifo_inst/async_fifo_inst/inst/inst_fifo_gen/gconvfifo.rf/grf.rf/gntv_or_sync_fifo.mem/gbm.gbmg.gbmga.ngecc.bmg/inst_blk_mem_gen/gnbram.gnativebmg.native_blk_mem_gen/valid.cstr/ramloop[1].ram.r/prim_noinit.ram/DEVICE_8SERIES.NO_BMM_INFO.SDP.WIDE_PRIM36_NO_ECC.ram) in SDP mode with WRITE_FIRST write-mode. It is strongly suggested to change this mode to NO_CHANGE for best power characteristics. However, both WRITE_FIRST and NO_CHANGE may exhibit address collisions if the same address appears on both read and write ports resulting in unknown or corrupted read data. It is suggested to confirm via simulation that an address collision never occurs and if so it is suggested to try and avoid this situation. If address collisions cannot be avoided, the write-mode may be set to READ_FIRST which guarantees that the read data is the prior contents of the memory at the cost of additional power in the design. See the FPGA Memory Resources User Guide for additional information.
Related violations: <none>

REQP-1858#2 Advisory
RAMB36E2_writefirst_collision_advisory  
Synchronous clocking is detected for BRAM (xcl_design_i/expanded_region/apm_sys/xilmonitor_apm/inst/GEN_PROFILE_Trace_Mode.profile_trace_mode_inst/GEN_TRACE_LOG.async_stream_fifo_inst/async_fifo_inst/inst/inst_fifo_gen/gconvfifo.rf/grf.rf/gntv_or_sync_fifo.mem/gbm.gbmg.gbmga.ngecc.bmg/inst_blk_mem_gen/gnbram.gnativebmg.native_blk_mem_gen/valid.cstr/ramloop[2].ram.r/prim_noinit.ram/DEVICE_8SERIES.NO_BMM_INFO.SDP.WIDE_PRIM36_NO_ECC.ram) in SDP mode with WRITE_FIRST write-mode. It is strongly suggested to change this mode to NO_CHANGE for best power characteristics. However, both WRITE_FIRST and NO_CHANGE may exhibit address collisions if the same address appears on both read and write ports resulting in unknown or corrupted read data. It is suggested to confirm via simulation that an address collision never occurs and if so it is suggested to try and avoid this situation. If address collisions cannot be avoided, the write-mode may be set to READ_FIRST which guarantees that the read data is the prior contents of the memory at the cost of additional power in the design. See the FPGA Memory Resources User Guide for additional information.
Related violations: <none>


