
*** Running vivado
    with args -log bd_2fd7_auto_cc_0.vds -m64 -product Vivado -mode batch -messageDb vivado.pb -notrace -source bd_2fd7_auto_cc_0.tcl



****** Vivado v2016.4_sdx (64-bit)
  **** SW Build 1806307 on Thu Mar  9 15:24:31 MST 2017
  **** IP Build 1759159 on Thu Jan 26 07:31:30 MST 2017
    ** Copyright 1986-2016 Xilinx, Inc. All Rights Reserved.

Sourcing tcl script 'C:/Xilinx/SDx/2016.4/Vivado/scripts/init.tcl'
16 Beta devices matching pattern found, 16 enabled.
Loaded SDSoC Platform Tcl Library
source bd_2fd7_auto_cc_0.tcl -notrace
Starting RTL Elaboration : Time (s): cpu = 00:00:15 ; elapsed = 00:00:19 . Memory (MB): peak = 421.551 ; gain = 211.375
INFO: [Synth 8-638] synthesizing module 'bd_2fd7_auto_cc_0' [c:/Sim/sdaccelku/xcl_design/xcl_design.srcs/sources_1/bd/xcl_design/ip/xcl_design_u_ocl_region_0/bd_0/ip/ip_25/synth/bd_2fd7_auto_cc_0.v:58]
INFO: [Synth 8-638] synthesizing module 'axi_clock_converter_v2_1_10_axi_clock_converter' [c:/Sim/sdaccelku/xcl_design/xcl_design.srcs/sources_1/bd/xcl_design/ipshared/8479/hdl/axi_clock_converter_v2_1_vl_rfs.v:642]
INFO: [Synth 8-638] synthesizing module 'axi_infrastructure_v1_1_0_axi2vector' [c:/Sim/sdaccelku/xcl_design/xcl_design.srcs/sources_1/bd/xcl_design/ipshared/7e3a/hdl/axi_infrastructure_v1_1_vl_rfs.v:60]
INFO: [Synth 8-256] done synthesizing module 'axi_infrastructure_v1_1_0_axi2vector' (1#1) [c:/Sim/sdaccelku/xcl_design/xcl_design.srcs/sources_1/bd/xcl_design/ipshared/7e3a/hdl/axi_infrastructure_v1_1_vl_rfs.v:60]
INFO: [Synth 8-638] synthesizing module 'axi_clock_converter_v2_1_10_lite_async' [c:/Sim/sdaccelku/xcl_design/xcl_design.srcs/sources_1/bd/xcl_design/ipshared/8479/hdl/axi_clock_converter_v2_1_vl_rfs.v:514]
INFO: [Synth 8-638] synthesizing module 'xpm_cdc_handshake' [C:/Xilinx/SDx/2016.4/Vivado/data/ip/xpm/xpm_cdc/hdl/xpm_cdc.sv:352]
INFO: [Synth 8-638] synthesizing module 'xpm_cdc_single' [C:/Xilinx/SDx/2016.4/Vivado/data/ip/xpm/xpm_cdc/hdl/xpm_cdc.sv:99]
INFO: [Synth 8-256] done synthesizing module 'xpm_cdc_single' (2#1) [C:/Xilinx/SDx/2016.4/Vivado/data/ip/xpm/xpm_cdc/hdl/xpm_cdc.sv:99]
INFO: [Synth 8-256] done synthesizing module 'xpm_cdc_handshake' (3#1) [C:/Xilinx/SDx/2016.4/Vivado/data/ip/xpm/xpm_cdc/hdl/xpm_cdc.sv:352]
INFO: [Synth 8-256] done synthesizing module 'axi_clock_converter_v2_1_10_lite_async' (4#1) [c:/Sim/sdaccelku/xcl_design/xcl_design.srcs/sources_1/bd/xcl_design/ipshared/8479/hdl/axi_clock_converter_v2_1_vl_rfs.v:514]
INFO: [Synth 8-638] synthesizing module 'axi_clock_converter_v2_1_10_lite_async__parameterized0' [c:/Sim/sdaccelku/xcl_design/xcl_design.srcs/sources_1/bd/xcl_design/ipshared/8479/hdl/axi_clock_converter_v2_1_vl_rfs.v:514]
INFO: [Synth 8-638] synthesizing module 'xpm_cdc_handshake__parameterized0' [C:/Xilinx/SDx/2016.4/Vivado/data/ip/xpm/xpm_cdc/hdl/xpm_cdc.sv:352]
INFO: [Synth 8-256] done synthesizing module 'xpm_cdc_handshake__parameterized0' (4#1) [C:/Xilinx/SDx/2016.4/Vivado/data/ip/xpm/xpm_cdc/hdl/xpm_cdc.sv:352]
INFO: [Synth 8-256] done synthesizing module 'axi_clock_converter_v2_1_10_lite_async__parameterized0' (4#1) [c:/Sim/sdaccelku/xcl_design/xcl_design.srcs/sources_1/bd/xcl_design/ipshared/8479/hdl/axi_clock_converter_v2_1_vl_rfs.v:514]
INFO: [Synth 8-638] synthesizing module 'axi_clock_converter_v2_1_10_lite_async__parameterized1' [c:/Sim/sdaccelku/xcl_design/xcl_design.srcs/sources_1/bd/xcl_design/ipshared/8479/hdl/axi_clock_converter_v2_1_vl_rfs.v:514]
INFO: [Synth 8-638] synthesizing module 'xpm_cdc_handshake__parameterized1' [C:/Xilinx/SDx/2016.4/Vivado/data/ip/xpm/xpm_cdc/hdl/xpm_cdc.sv:352]
INFO: [Synth 8-256] done synthesizing module 'xpm_cdc_handshake__parameterized1' (4#1) [C:/Xilinx/SDx/2016.4/Vivado/data/ip/xpm/xpm_cdc/hdl/xpm_cdc.sv:352]
INFO: [Synth 8-256] done synthesizing module 'axi_clock_converter_v2_1_10_lite_async__parameterized1' (4#1) [c:/Sim/sdaccelku/xcl_design/xcl_design.srcs/sources_1/bd/xcl_design/ipshared/8479/hdl/axi_clock_converter_v2_1_vl_rfs.v:514]
INFO: [Synth 8-638] synthesizing module 'axi_clock_converter_v2_1_10_lite_async__parameterized2' [c:/Sim/sdaccelku/xcl_design/xcl_design.srcs/sources_1/bd/xcl_design/ipshared/8479/hdl/axi_clock_converter_v2_1_vl_rfs.v:514]
INFO: [Synth 8-638] synthesizing module 'xpm_cdc_handshake__parameterized2' [C:/Xilinx/SDx/2016.4/Vivado/data/ip/xpm/xpm_cdc/hdl/xpm_cdc.sv:352]
INFO: [Synth 8-256] done synthesizing module 'xpm_cdc_handshake__parameterized2' (4#1) [C:/Xilinx/SDx/2016.4/Vivado/data/ip/xpm/xpm_cdc/hdl/xpm_cdc.sv:352]
INFO: [Synth 8-256] done synthesizing module 'axi_clock_converter_v2_1_10_lite_async__parameterized2' (4#1) [c:/Sim/sdaccelku/xcl_design/xcl_design.srcs/sources_1/bd/xcl_design/ipshared/8479/hdl/axi_clock_converter_v2_1_vl_rfs.v:514]
INFO: [Synth 8-638] synthesizing module 'axi_infrastructure_v1_1_0_vector2axi' [c:/Sim/sdaccelku/xcl_design/xcl_design.srcs/sources_1/bd/xcl_design/ipshared/7e3a/hdl/axi_infrastructure_v1_1_vl_rfs.v:474]
INFO: [Synth 8-256] done synthesizing module 'axi_infrastructure_v1_1_0_vector2axi' (5#1) [c:/Sim/sdaccelku/xcl_design/xcl_design.srcs/sources_1/bd/xcl_design/ipshared/7e3a/hdl/axi_infrastructure_v1_1_vl_rfs.v:474]
INFO: [Synth 8-256] done synthesizing module 'axi_clock_converter_v2_1_10_axi_clock_converter' (6#1) [c:/Sim/sdaccelku/xcl_design/xcl_design.srcs/sources_1/bd/xcl_design/ipshared/8479/hdl/axi_clock_converter_v2_1_vl_rfs.v:642]
INFO: [Synth 8-256] done synthesizing module 'bd_2fd7_auto_cc_0' (7#1) [c:/Sim/sdaccelku/xcl_design/xcl_design.srcs/sources_1/bd/xcl_design/ip/xcl_design_u_ocl_region_0/bd_0/ip/ip_25/synth/bd_2fd7_auto_cc_0.v:58]
Finished RTL Elaboration : Time (s): cpu = 00:00:23 ; elapsed = 00:00:27 . Memory (MB): peak = 537.977 ; gain = 327.801
Finished RTL Optimization Phase 1 : Time (s): cpu = 00:00:23 ; elapsed = 00:00:27 . Memory (MB): peak = 537.977 ; gain = 327.801
INFO: [Device 21-403] Loading part xcku115-flvb2104-2-e
Constraint Validation Runtime : Time (s): cpu = 00:00:00 ; elapsed = 00:00:00.032 . Memory (MB): peak = 1107.887 ; gain = 0.000
Finished Constraint Validation : Time (s): cpu = 00:00:45 ; elapsed = 00:00:50 . Memory (MB): peak = 1107.887 ; gain = 897.711
Finished Loading Part and Timing Information : Time (s): cpu = 00:00:45 ; elapsed = 00:00:50 . Memory (MB): peak = 1107.887 ; gain = 897.711
Finished applying 'set_property' XDC Constraints : Time (s): cpu = 00:00:45 ; elapsed = 00:00:51 . Memory (MB): peak = 1107.887 ; gain = 897.711
Finished RTL Optimization Phase 2 : Time (s): cpu = 00:00:46 ; elapsed = 00:00:51 . Memory (MB): peak = 1107.887 ; gain = 897.711
Finished Cross Boundary and Area Optimization : Time (s): cpu = 00:00:47 ; elapsed = 00:00:53 . Memory (MB): peak = 1107.887 ; gain = 897.711
Finished Applying XDC Timing Constraints : Time (s): cpu = 00:01:06 ; elapsed = 00:01:12 . Memory (MB): peak = 1264.805 ; gain = 1054.629
Finished Timing Optimization : Time (s): cpu = 00:01:06 ; elapsed = 00:01:12 . Memory (MB): peak = 1264.875 ; gain = 1054.699
Finished Technology Mapping : Time (s): cpu = 00:01:06 ; elapsed = 00:01:12 . Memory (MB): peak = 1284.262 ; gain = 1074.086
Finished IO Insertion : Time (s): cpu = 00:01:07 ; elapsed = 00:01:13 . Memory (MB): peak = 1284.262 ; gain = 1074.086
Finished Renaming Generated Instances : Time (s): cpu = 00:01:07 ; elapsed = 00:01:13 . Memory (MB): peak = 1284.262 ; gain = 1074.086
Finished Rebuilding User Hierarchy : Time (s): cpu = 00:01:07 ; elapsed = 00:01:13 . Memory (MB): peak = 1284.262 ; gain = 1074.086
Finished Renaming Generated Ports : Time (s): cpu = 00:01:07 ; elapsed = 00:01:13 . Memory (MB): peak = 1284.262 ; gain = 1074.086
Finished Handling Custom Attributes : Time (s): cpu = 00:01:07 ; elapsed = 00:01:13 . Memory (MB): peak = 1284.262 ; gain = 1074.086
Finished Renaming Generated Nets : Time (s): cpu = 00:01:07 ; elapsed = 00:01:13 . Memory (MB): peak = 1284.262 ; gain = 1074.086

Report Cell Usage: 
+------+-----+------+
|      |Cell |Count |
+------+-----+------+
|1     |LUT1 |     7|
|2     |LUT2 |     5|
|3     |LUT3 |    15|
|4     |LUT4 |    15|
|5     |LUT5 |    15|
|6     |LUT6 |     5|
|7     |FDRE |   250|
+------+-----+------+
Finished Writing Synthesis Report : Time (s): cpu = 00:01:07 ; elapsed = 00:01:13 . Memory (MB): peak = 1284.262 ; gain = 1074.086
synth_design: Time (s): cpu = 00:01:07 ; elapsed = 00:01:11 . Memory (MB): peak = 1494.680 ; gain = 1150.191
