
*** Running vivado
    with args -log xcl_design_const_featureid_low_0.vds -m64 -product Vivado -mode batch -messageDb vivado.pb -notrace -source xcl_design_const_featureid_low_0.tcl



****** Vivado v2016.3_sdx (64-bit)
  **** SW Build 1721784 on Tue Nov 29 22:12:44 MST 2016
  **** IP Build 1720686 on Mon Nov 28 12:39:17 MST 2016
    ** Copyright 1986-2016 Xilinx, Inc. All Rights Reserved.

Sourcing tcl script 'C:/Xilinx/SDx/2016.3/Vivado/scripts/init.tcl'
16 Beta devices matching pattern found, 16 enabled.
Loaded SDSoC Platform Tcl Library
source xcl_design_const_featureid_low_0.tcl -notrace
Starting RTL Elaboration : Time (s): cpu = 00:00:13 ; elapsed = 00:00:19 . Memory (MB): peak = 412.484 ; gain = 202.395
INFO: [Synth 8-638] synthesizing module 'xcl_design_const_featureid_low_0' [c:/Sim/sdaccel_ku/xcl_design/xcl_design.srcs/sources_1/bd/xcl_design/ip/xcl_design_const_featureid_low_0/sim/xcl_design_const_featureid_low_0.v:56]
INFO: [Synth 8-638] synthesizing module 'xlconstant' [c:/Sim/sdaccel_ku/xcl_design/xcl_design.srcs/sources_1/bd/xcl_design/ipshared/e147/xlconstant.v:23]
INFO: [Synth 8-256] done synthesizing module 'xlconstant' (1#1) [c:/Sim/sdaccel_ku/xcl_design/xcl_design.srcs/sources_1/bd/xcl_design/ipshared/e147/xlconstant.v:23]
INFO: [Synth 8-256] done synthesizing module 'xcl_design_const_featureid_low_0' (2#1) [c:/Sim/sdaccel_ku/xcl_design/xcl_design.srcs/sources_1/bd/xcl_design/ip/xcl_design_const_featureid_low_0/sim/xcl_design_const_featureid_low_0.v:56]
Finished RTL Elaboration : Time (s): cpu = 00:00:14 ; elapsed = 00:00:20 . Memory (MB): peak = 449.855 ; gain = 239.766
Finished RTL Optimization Phase 1 : Time (s): cpu = 00:00:14 ; elapsed = 00:00:20 . Memory (MB): peak = 449.855 ; gain = 239.766
INFO: [Device 21-403] Loading part xcku115-flvb2104-2-e
Constraint Validation Runtime : Time (s): cpu = 00:00:00 ; elapsed = 00:00:00.021 . Memory (MB): peak = 986.695 ; gain = 0.895
Finished Constraint Validation : Time (s): cpu = 00:00:37 ; elapsed = 00:00:47 . Memory (MB): peak = 986.695 ; gain = 776.605
Finished Loading Part and Timing Information : Time (s): cpu = 00:00:37 ; elapsed = 00:00:47 . Memory (MB): peak = 986.695 ; gain = 776.605
Finished applying 'set_property' XDC Constraints : Time (s): cpu = 00:00:37 ; elapsed = 00:00:47 . Memory (MB): peak = 986.695 ; gain = 776.605
Finished RTL Optimization Phase 2 : Time (s): cpu = 00:00:37 ; elapsed = 00:00:47 . Memory (MB): peak = 986.695 ; gain = 776.605
Finished Cross Boundary and Area Optimization : Time (s): cpu = 00:00:38 ; elapsed = 00:00:48 . Memory (MB): peak = 986.695 ; gain = 776.605
Finished Applying XDC Timing Constraints : Time (s): cpu = 00:01:02 ; elapsed = 00:01:15 . Memory (MB): peak = 1230.504 ; gain = 1020.414
Finished Timing Optimization : Time (s): cpu = 00:01:02 ; elapsed = 00:01:15 . Memory (MB): peak = 1230.504 ; gain = 1020.414
Finished Technology Mapping : Time (s): cpu = 00:01:02 ; elapsed = 00:01:15 . Memory (MB): peak = 1240.090 ; gain = 1030.000
Finished IO Insertion : Time (s): cpu = 00:01:03 ; elapsed = 00:01:16 . Memory (MB): peak = 1240.090 ; gain = 1030.000
Finished Renaming Generated Instances : Time (s): cpu = 00:01:03 ; elapsed = 00:01:16 . Memory (MB): peak = 1240.090 ; gain = 1030.000
Finished Rebuilding User Hierarchy : Time (s): cpu = 00:01:03 ; elapsed = 00:01:16 . Memory (MB): peak = 1240.090 ; gain = 1030.000
Finished Renaming Generated Ports : Time (s): cpu = 00:01:03 ; elapsed = 00:01:16 . Memory (MB): peak = 1240.090 ; gain = 1030.000
Finished Handling Custom Attributes : Time (s): cpu = 00:01:03 ; elapsed = 00:01:16 . Memory (MB): peak = 1240.090 ; gain = 1030.000
Finished Renaming Generated Nets : Time (s): cpu = 00:01:03 ; elapsed = 00:01:16 . Memory (MB): peak = 1240.090 ; gain = 1030.000

Report Cell Usage: 
+-+-----+------+
| |Cell |Count |
+-+-----+------+
+-+-----+------+
Finished Writing Synthesis Report : Time (s): cpu = 00:01:03 ; elapsed = 00:01:16 . Memory (MB): peak = 1240.090 ; gain = 1030.000
synth_design: Time (s): cpu = 00:01:04 ; elapsed = 00:01:12 . Memory (MB): peak = 1323.949 ; gain = 982.320
