
*** Running vivado
    with args -log xcl_design_slice_reset_kernel_pr_0.vds -m64 -product Vivado -mode batch -messageDb vivado.pb -notrace -source xcl_design_slice_reset_kernel_pr_0.tcl



****** Vivado v2016.3_sdx (64-bit)
  **** SW Build 1721784 on Tue Nov 29 22:12:44 MST 2016
  **** IP Build 1720686 on Mon Nov 28 12:39:17 MST 2016
    ** Copyright 1986-2016 Xilinx, Inc. All Rights Reserved.

Sourcing tcl script 'C:/Xilinx/SDx/2016.3/Vivado/scripts/init.tcl'
16 Beta devices matching pattern found, 16 enabled.
Loaded SDSoC Platform Tcl Library
source xcl_design_slice_reset_kernel_pr_0.tcl -notrace
Starting RTL Elaboration : Time (s): cpu = 00:00:11 ; elapsed = 00:00:15 . Memory (MB): peak = 414.586 ; gain = 204.922
INFO: [Synth 8-638] synthesizing module 'xcl_design_slice_reset_kernel_pr_0' [c:/Sim/sdaccel_ku/xcl_design/xcl_design.srcs/sources_1/bd/xcl_design/ip/xcl_design_slice_reset_kernel_pr_0/synth/xcl_design_slice_reset_kernel_pr_0.v:57]
INFO: [Synth 8-638] synthesizing module 'xlslice' [c:/Sim/sdaccel_ku/xcl_design/xcl_design.srcs/sources_1/bd/xcl_design/ipshared/c49f/xlslice.v:14]
INFO: [Synth 8-256] done synthesizing module 'xlslice' (1#1) [c:/Sim/sdaccel_ku/xcl_design/xcl_design.srcs/sources_1/bd/xcl_design/ipshared/c49f/xlslice.v:14]
INFO: [Synth 8-256] done synthesizing module 'xcl_design_slice_reset_kernel_pr_0' (2#1) [c:/Sim/sdaccel_ku/xcl_design/xcl_design.srcs/sources_1/bd/xcl_design/ip/xcl_design_slice_reset_kernel_pr_0/synth/xcl_design_slice_reset_kernel_pr_0.v:57]
Finished RTL Elaboration : Time (s): cpu = 00:00:12 ; elapsed = 00:00:16 . Memory (MB): peak = 452.918 ; gain = 243.254
Finished RTL Optimization Phase 1 : Time (s): cpu = 00:00:13 ; elapsed = 00:00:17 . Memory (MB): peak = 452.918 ; gain = 243.254
INFO: [Device 21-403] Loading part xcku115-flvb2104-2-e
Constraint Validation Runtime : Time (s): cpu = 00:00:00 ; elapsed = 00:00:00.020 . Memory (MB): peak = 994.504 ; gain = 0.891
Finished Constraint Validation : Time (s): cpu = 00:00:36 ; elapsed = 00:00:42 . Memory (MB): peak = 994.504 ; gain = 784.840
Finished Loading Part and Timing Information : Time (s): cpu = 00:00:36 ; elapsed = 00:00:42 . Memory (MB): peak = 994.504 ; gain = 784.840
Finished applying 'set_property' XDC Constraints : Time (s): cpu = 00:00:36 ; elapsed = 00:00:42 . Memory (MB): peak = 994.504 ; gain = 784.840
Finished RTL Optimization Phase 2 : Time (s): cpu = 00:00:36 ; elapsed = 00:00:42 . Memory (MB): peak = 994.504 ; gain = 784.840
Finished Cross Boundary and Area Optimization : Time (s): cpu = 00:00:37 ; elapsed = 00:00:42 . Memory (MB): peak = 994.504 ; gain = 784.840
Finished Applying XDC Timing Constraints : Time (s): cpu = 00:00:59 ; elapsed = 00:01:07 . Memory (MB): peak = 1233.008 ; gain = 1023.344
Finished Timing Optimization : Time (s): cpu = 00:00:59 ; elapsed = 00:01:07 . Memory (MB): peak = 1233.008 ; gain = 1023.344
Finished Technology Mapping : Time (s): cpu = 00:00:59 ; elapsed = 00:01:07 . Memory (MB): peak = 1242.551 ; gain = 1032.887
Finished IO Insertion : Time (s): cpu = 00:01:00 ; elapsed = 00:01:08 . Memory (MB): peak = 1242.551 ; gain = 1032.887
Finished Renaming Generated Instances : Time (s): cpu = 00:01:00 ; elapsed = 00:01:08 . Memory (MB): peak = 1242.551 ; gain = 1032.887
Finished Rebuilding User Hierarchy : Time (s): cpu = 00:01:00 ; elapsed = 00:01:08 . Memory (MB): peak = 1242.551 ; gain = 1032.887
Finished Renaming Generated Ports : Time (s): cpu = 00:01:00 ; elapsed = 00:01:08 . Memory (MB): peak = 1242.551 ; gain = 1032.887
Finished Handling Custom Attributes : Time (s): cpu = 00:01:00 ; elapsed = 00:01:08 . Memory (MB): peak = 1242.551 ; gain = 1032.887
Finished Renaming Generated Nets : Time (s): cpu = 00:01:00 ; elapsed = 00:01:08 . Memory (MB): peak = 1242.551 ; gain = 1032.887

Report Cell Usage: 
+-+-----+------+
| |Cell |Count |
+-+-----+------+
+-+-----+------+
Finished Writing Synthesis Report : Time (s): cpu = 00:01:00 ; elapsed = 00:01:08 . Memory (MB): peak = 1242.551 ; gain = 1032.887
synth_design: Time (s): cpu = 00:01:01 ; elapsed = 00:01:05 . Memory (MB): peak = 1318.309 ; gain = 975.473
